#
# There is insufficient memory for the Java Runtime Environment to continue.
# Native memory allocation (malloc) failed to allocate 32744 bytes for ChunkPool::allocate
# Possible reasons:
#   The system is out of physical RAM or swap space
#   The process is running with CompressedOops enabled, and the Java Heap may be blocking the growth of the native heap
# Possible solutions:
#   Reduce memory load on the system
#   Increase physical memory or swap space
#   Check if swap backing store is full
#   Decrease Java heap size (-Xmx/-Xms)
#   Decrease number of Java threads
#   Decrease Java thread stack sizes (-Xss)
#   Set larger code cache with -XX:ReservedCodeCacheSize=
#   JVM is running with Unscaled Compressed Oops mode in which the Java heap is
#     placed in the first 4GB address space. The Java Heap base address is the
#     maximum limit for the native heap growth. Please use -XX:HeapBaseMinAddress
#     to set the Java Heap base and to place the Java Heap above 4GB virtual address.
# This output file may be truncated or incomplete.
#
#  Out of Memory Error (arena.cpp:79), pid=18236, tid=18376
#
# JRE version: OpenJDK Runtime Environment (17.0.10) (build 17.0.10+0--11609105)
# Java VM: OpenJDK 64-Bit Server VM (17.0.10+0--11609105, mixed mode, tiered, compressed oops, compressed class ptrs, g1 gc, windows-amd64)
# No core dump will be written. Minidumps are not enabled by default on client versions of Windows
#

---------------  S U M M A R Y ------------

Command Line: --add-opens=java.base/java.util=ALL-UNNAMED --add-opens=java.base/java.lang=ALL-UNNAMED --add-opens=java.base/java.lang.invoke=ALL-UNNAMED --add-opens=java.prefs/java.util.prefs=ALL-UNNAMED --add-opens=java.base/java.nio.charset=ALL-UNNAMED --add-opens=java.base/java.net=ALL-UNNAMED --add-opens=java.base/java.util.concurrent.atomic=ALL-UNNAMED -Xmx2048m -Dfile.encoding=UTF-8 -Duser.country=US -Duser.language=en -Duser.variant -javaagent:C:\Users\23480\.gradle\wrapper\dists\gradle-8.7-bin\bhs2wmbdwecv87pi65oeuq5iu\gradle-8.7\lib\agents\gradle-instrumentation-agent-8.7.jar org.gradle.launcher.daemon.bootstrap.GradleDaemon 8.7

Host: AMD Ryzen 3 5300U with Radeon Graphics         , 8 cores, 7G,  Windows 11 , 64 bit Build 22621 (10.0.22621.3672)
Time: Mon Jul 29 12:42:13 2024 W. Central Africa Standard Time elapsed time: 1063.939557 seconds (0d 0h 17m 43s)

---------------  T H R E A D  ---------------

Current thread (0x0000015caeb47c30):  JavaThread "C2 CompilerThread0" daemon [_thread_in_native, id=18376, stack(0x0000002d7e200000,0x0000002d7e300000)]


Current CompileTask:
C2:1063939 15599       4       org.gradle.internal.instantiation.generator.AbstractClassGenerator$PropertyMetadata::findAnnotation (22 bytes)

Stack: [0x0000002d7e200000,0x0000002d7e300000]
Native frames: (J=compiled Java code, j=interpreted, Vv=VM code, C=native code)
V  [jvm.dll+0x688de9]
V  [jvm.dll+0x8423da]
V  [jvm.dll+0x84401e]
V  [jvm.dll+0x844683]
V  [jvm.dll+0x24be0f]
V  [jvm.dll+0xac721]
V  [jvm.dll+0xacb6c]
V  [jvm.dll+0x11ff98]
V  [jvm.dll+0x6b2701]
V  [jvm.dll+0x1be0ce]
V  [jvm.dll+0x21dbf9]
V  [jvm.dll+0x21cec1]
V  [jvm.dll+0x1a60ad]
V  [jvm.dll+0x22cd78]
V  [jvm.dll+0x22aeb0]
V  [jvm.dll+0x7f6877]
V  [jvm.dll+0x7f0c7a]
V  [jvm.dll+0x687c65]
C  [ucrtbase.dll+0x29333]
C  [KERNEL32.DLL+0x1257d]
C  [ntdll.dll+0x5af28]


---------------  P R O C E S S  ---------------

Threads class SMR info:
_java_thread_list=0x0000015cb9385a80, length=52, elements={
0x0000015c94b71e10, 0x0000015caeb22010, 0x0000015caeb23440, 0x0000015cae9e2240,
0x0000015cae9e2c10, 0x0000015cae9e36e0, 0x0000015caeb47030, 0x0000015caeb47c30,
0x0000015caeb4c980, 0x0000015cae9edfb0, 0x0000015caecd6280, 0x0000015caed97ca0,
0x0000015cb58ba4a0, 0x0000015cb405d090, 0x0000015cb42fe0d0, 0x0000015cb4cc20d0,
0x0000015cb4cc3f30, 0x0000015cb4cc25e0, 0x0000015cb4cc4440, 0x0000015cb4cc3510,
0x0000015cb4cc3000, 0x0000015cb4cc0c90, 0x0000015cb3f4a860, 0x0000015cb3f49e40,
0x0000015cb3f484f0, 0x0000015cb3f48a00, 0x0000015cb3f4db00, 0x0000015cb3f4cbd0,
0x0000015cb3f4a350, 0x0000015cb4e1fbb0, 0x0000015cb4e21f20, 0x0000015cb8a172e0,
0x0000015cb8a19b60, 0x0000015cb8a18210, 0x0000015cb8a168c0, 0x0000015cb8a18720,
0x0000015cb8a15990, 0x0000015cb8a19140, 0x0000015cb8a177f0, 0x0000015cb8a1a070,
0x0000015cb8a18c30, 0x0000015cb8a19650, 0x0000015cb8a1a580, 0x0000015cb8a1aa90,
0x0000015cb8a1afa0, 0x0000015cb8a14550, 0x0000015cb8a14a60, 0x0000015cb8a1b4b0,
0x0000015cb8a15480, 0x0000015cb8a15ea0, 0x0000015cb8a163b0, 0x0000015cb8a16dd0
}

Java Threads: ( => current thread )
  0x0000015c94b71e10 JavaThread "main" [_thread_blocked, id=18304, stack(0x0000002d7d500000,0x0000002d7d600000)]
  0x0000015caeb22010 JavaThread "Reference Handler" daemon [_thread_blocked, id=18344, stack(0x0000002d7dc00000,0x0000002d7dd00000)]
  0x0000015caeb23440 JavaThread "Finalizer" daemon [_thread_blocked, id=18352, stack(0x0000002d7dd00000,0x0000002d7de00000)]
  0x0000015cae9e2240 JavaThread "Signal Dispatcher" daemon [_thread_blocked, id=18360, stack(0x0000002d7de00000,0x0000002d7df00000)]
  0x0000015cae9e2c10 JavaThread "Attach Listener" daemon [_thread_blocked, id=18364, stack(0x0000002d7df00000,0x0000002d7e000000)]
  0x0000015cae9e36e0 JavaThread "Service Thread" daemon [_thread_blocked, id=18368, stack(0x0000002d7e000000,0x0000002d7e100000)]
  0x0000015caeb47030 JavaThread "Monitor Deflation Thread" daemon [_thread_blocked, id=18372, stack(0x0000002d7e100000,0x0000002d7e200000)]
=>0x0000015caeb47c30 JavaThread "C2 CompilerThread0" daemon [_thread_in_native, id=18376, stack(0x0000002d7e200000,0x0000002d7e300000)]
  0x0000015caeb4c980 JavaThread "C1 CompilerThread0" daemon [_thread_blocked, id=18380, stack(0x0000002d7e300000,0x0000002d7e400000)]
  0x0000015cae9edfb0 JavaThread "Sweeper thread" daemon [_thread_blocked, id=18384, stack(0x0000002d7e400000,0x0000002d7e500000)]
  0x0000015caecd6280 JavaThread "Common-Cleaner" daemon [_thread_blocked, id=18388, stack(0x0000002d7e500000,0x0000002d7e600000)]
  0x0000015caed97ca0 JavaThread "Notification Thread" daemon [_thread_blocked, id=18396, stack(0x0000002d7e600000,0x0000002d7e700000)]
  0x0000015cb58ba4a0 JavaThread "Daemon health stats" [_thread_blocked, id=13384, stack(0x0000002d7ed00000,0x0000002d7ee00000)]
  0x0000015cb405d090 JavaThread "Incoming local TCP Connector on port 49815" [_thread_in_native, id=16448, stack(0x0000002d7ec00000,0x0000002d7ed00000)]
  0x0000015cb42fe0d0 JavaThread "Daemon periodic checks" [_thread_blocked, id=17768, stack(0x0000002d7ee00000,0x0000002d7ef00000)]
  0x0000015cb4cc20d0 JavaThread "Cache worker for journal cache (C:\Users\23480\.gradle\caches\journal-1)" [_thread_blocked, id=18116, stack(0x0000002d7fb00000,0x0000002d7fc00000)]
  0x0000015cb4cc3f30 JavaThread "File lock request listener" [_thread_in_native, id=14428, stack(0x0000002d7fc00000,0x0000002d7fd00000)]
  0x0000015cb4cc25e0 JavaThread "Cache worker for file hash cache (C:\Users\23480\.gradle\caches\8.7\fileHashes)" [_thread_blocked, id=14436, stack(0x0000002d7fd00000,0x0000002d7fe00000)]
  0x0000015cb4cc4440 JavaThread "File watcher server" daemon [_thread_in_native, id=3564, stack(0x0000002d7ff00000,0x0000002d80000000)]
  0x0000015cb4cc3510 JavaThread "File watcher consumer" daemon [_thread_blocked, id=3604, stack(0x0000002d00000000,0x0000002d00100000)]
  0x0000015cb4cc3000 JavaThread "jar transforms" [_thread_blocked, id=3340, stack(0x0000002d00200000,0x0000002d00300000)]
  0x0000015cb4cc0c90 JavaThread "jar transforms Thread 2" [_thread_blocked, id=2556, stack(0x0000002d00300000,0x0000002d00400000)]
  0x0000015cb3f4a860 JavaThread "jar transforms Thread 3" [_thread_blocked, id=2536, stack(0x0000002d00400000,0x0000002d00500000)]
  0x0000015cb3f49e40 JavaThread "jar transforms Thread 4" [_thread_blocked, id=2600, stack(0x0000002d00500000,0x0000002d00600000)]
  0x0000015cb3f484f0 JavaThread "jar transforms Thread 5" [_thread_blocked, id=17068, stack(0x0000002d00600000,0x0000002d00700000)]
  0x0000015cb3f48a00 JavaThread "jar transforms Thread 6" [_thread_blocked, id=4472, stack(0x0000002d00700000,0x0000002d00800000)]
  0x0000015cb3f4db00 JavaThread "jar transforms Thread 7" [_thread_blocked, id=2792, stack(0x0000002d00800000,0x0000002d00900000)]
  0x0000015cb3f4cbd0 JavaThread "jar transforms Thread 8" [_thread_blocked, id=12308, stack(0x0000002d00900000,0x0000002d00a00000)]
  0x0000015cb3f4a350 JavaThread "Cache worker for file content cache (C:\Users\23480\.gradle\caches\8.7\fileContent)" [_thread_blocked, id=13976, stack(0x0000002d00e00000,0x0000002d00f00000)]
  0x0000015cb4e1fbb0 JavaThread "Memory manager" [_thread_blocked, id=19356, stack(0x0000002d02800000,0x0000002d02900000)]
  0x0000015cb4e21f20 JavaThread "pool-3-thread-1" [_thread_blocked, id=19148, stack(0x0000002d02b00000,0x0000002d02c00000)]
  0x0000015cb8a172e0 JavaThread "Daemon Thread 2" [_thread_blocked, id=4464, stack(0x0000002d00100000,0x0000002d00200000)]
  0x0000015cb8a19b60 JavaThread "Handler for socket connection from /127.0.0.1:49815 to /127.0.0.1:49899" [_thread_in_native, id=8528, stack(0x0000002d00a00000,0x0000002d00b00000)]
  0x0000015cb8a18210 JavaThread "Cancel handler" [_thread_blocked, id=7320, stack(0x0000002d00c00000,0x0000002d00d00000)]
  0x0000015cb8a168c0 JavaThread "Daemon worker Thread 2" [_thread_in_vm, id=3248, stack(0x0000002d00d00000,0x0000002d00e00000)]
  0x0000015cb8a18720 JavaThread "Asynchronous log dispatcher for DefaultDaemonConnection: socket connection from /127.0.0.1:49815 to /127.0.0.1:49899" [_thread_blocked, id=18428, stack(0x0000002d00f00000,0x0000002d01000000)]
  0x0000015cb8a15990 JavaThread "Stdin handler" [_thread_blocked, id=17652, stack(0x0000002d01000000,0x0000002d01100000)]
  0x0000015cb8a19140 JavaThread "Daemon client event forwarder" [_thread_blocked, id=7072, stack(0x0000002d01100000,0x0000002d01200000)]
  0x0000015cb8a177f0 JavaThread "Cache worker for file hash cache (C:\Users\23480\AndroidStudioProjects\RickMorty\.gradle\8.7\fileHashes)" [_thread_blocked, id=8800, stack(0x0000002d01200000,0x0000002d01300000)]
  0x0000015cb8a1a070 JavaThread "Cache worker for checksums cache (C:\Users\23480\AndroidStudioProjects\RickMorty\.gradle\8.7\checksums)" [_thread_blocked, id=8356, stack(0x0000002d01300000,0x0000002d01400000)]
  0x0000015cb8a18c30 JavaThread "Cache worker for cache directory md-supplier (C:\Users\23480\.gradle\caches\8.7\md-supplier)" [_thread_blocked, id=6140, stack(0x0000002d01400000,0x0000002d01500000)]
  0x0000015cb8a19650 JavaThread "Cache worker for cache directory md-rule (C:\Users\23480\.gradle\caches\8.7\md-rule)" [_thread_blocked, id=14904, stack(0x0000002d01500000,0x0000002d01600000)]
  0x0000015cb8a1a580 JavaThread "Cache worker for Build Output Cleanup Cache (C:\Users\23480\AndroidStudioProjects\RickMorty\.gradle\buildOutputCleanup)" [_thread_blocked, id=18756, stack(0x0000002d01600000,0x0000002d01700000)]
  0x0000015cb8a1aa90 JavaThread "Unconstrained build operations" [_thread_blocked, id=12252, stack(0x0000002d01700000,0x0000002d01800000)]
  0x0000015cb8a1afa0 JavaThread "Unconstrained build operations Thread 2" [_thread_blocked, id=18588, stack(0x0000002d01800000,0x0000002d01900000)]
  0x0000015cb8a14550 JavaThread "Unconstrained build operations Thread 3" [_thread_blocked, id=856, stack(0x0000002d01900000,0x0000002d01a00000)]
  0x0000015cb8a14a60 JavaThread "Unconstrained build operations Thread 4" [_thread_blocked, id=19252, stack(0x0000002d01a00000,0x0000002d01b00000)]
  0x0000015cb8a1b4b0 JavaThread "Unconstrained build operations Thread 5" [_thread_blocked, id=10344, stack(0x0000002d01b00000,0x0000002d01c00000)]
  0x0000015cb8a15480 JavaThread "Unconstrained build operations Thread 6" [_thread_blocked, id=4796, stack(0x0000002d01c00000,0x0000002d01d00000)]
  0x0000015cb8a15ea0 JavaThread "Unconstrained build operations Thread 7" [_thread_blocked, id=11296, stack(0x0000002d01d00000,0x0000002d01e00000)]
  0x0000015cb8a163b0 JavaThread "build event listener" [_thread_blocked, id=13440, stack(0x0000002d01e00000,0x0000002d01f00000)]
  0x0000015cb8a16dd0 JavaThread "build event listener" [_thread_blocked, id=14308, stack(0x0000002d01f00000,0x0000002d02000000)]

Other Threads:
  0x0000015cae974640 VMThread "VM Thread" [stack: 0x0000002d7db00000,0x0000002d7dc00000] [id=18336]
  0x0000015c94b73bb0 WatcherThread [stack: 0x0000002d7e700000,0x0000002d7e800000] [id=18400]
  0x0000015c92b4e820 GCTaskThread "GC Thread#0" [stack: 0x0000002d7d600000,0x0000002d7d700000] [id=18312]
  0x0000015cb382b300 GCTaskThread "GC Thread#1" [stack: 0x0000002d7e900000,0x0000002d7ea00000] [id=11488]
  0x0000015cb39dbc90 GCTaskThread "GC Thread#2" [stack: 0x0000002d7ea00000,0x0000002d7eb00000] [id=7588]
  0x0000015cb3844120 GCTaskThread "GC Thread#3" [stack: 0x0000002d7eb00000,0x0000002d7ec00000] [id=11684]
  0x0000015cb3ad5c70 GCTaskThread "GC Thread#4" [stack: 0x0000002d7e800000,0x0000002d7e900000] [id=8464]
  0x0000015cb56819f0 GCTaskThread "GC Thread#5" [stack: 0x0000002d7f600000,0x0000002d7f700000] [id=17032]
  0x0000015cb3336040 GCTaskThread "GC Thread#6" [stack: 0x0000002d7f700000,0x0000002d7f800000] [id=17164]
  0x0000015cb3336300 GCTaskThread "GC Thread#7" [stack: 0x0000002d7f800000,0x0000002d7f900000] [id=17800]
  0x0000015c94bdb720 ConcurrentGCThread "G1 Main Marker" [stack: 0x0000002d7d700000,0x0000002d7d800000] [id=18316]
  0x0000015c94bdc7f0 ConcurrentGCThread "G1 Conc#0" [stack: 0x0000002d7d800000,0x0000002d7d900000] [id=18320]
  0x0000015cb50136e0 ConcurrentGCThread "G1 Conc#1" [stack: 0x0000002d7f900000,0x0000002d7fa00000] [id=17808]
  0x0000015c94c1df30 ConcurrentGCThread "G1 Refine#0" [stack: 0x0000002d7d900000,0x0000002d7da00000] [id=18324]
  0x0000015cb3d01c40 ConcurrentGCThread "G1 Refine#1" [stack: 0x0000002d00b00000,0x0000002d00c00000] [id=13388]
  0x0000015c94c1e870 ConcurrentGCThread "G1 Service" [stack: 0x0000002d7da00000,0x0000002d7db00000] [id=18328]

Threads with active compile tasks:
C2 CompilerThread0  1063987 15599       4       org.gradle.internal.instantiation.generator.AbstractClassGenerator$PropertyMetadata::findAnnotation (22 bytes)

VM state: not at safepoint (normal execution)

VM Mutex/Monitor currently owned by a thread: None

Heap address: 0x0000000080000000, size: 2048 MB, Compressed Oops mode: 32-bit

CDS archive(s) not mapped
Compressed class space mapped at: 0x0000000100000000-0x0000000140000000, reserved size: 1073741824
Narrow klass base: 0x0000000000000000, Narrow klass shift: 3, Narrow klass range: 0x140000000

GC Precious Log:
 CPUs: 8 total, 8 available
 Memory: 7502M
 Large Page Support: Disabled
 NUMA Support: Disabled
 Compressed Oops: Enabled (32-bit)
 Heap Region Size: 1M
 Heap Min Capacity: 8M
 Heap Initial Capacity: 118M
 Heap Max Capacity: 2G
 Pre-touch: Disabled
 Parallel Workers: 8
 Concurrent Workers: 2
 Concurrent Refinement Workers: 8
 Periodic GC: Disabled

Heap:
 garbage-first heap   total 306176K, used 235987K [0x0000000080000000, 0x0000000100000000)
  region size 1024K, 25 young (25600K), 2 survivors (2048K)
 Metaspace       used 131322K, committed 132416K, reserved 1179648K
  class space    used 17356K, committed 17920K, reserved 1048576K

Heap Regions: E=young(eden), S=young(survivor), O=old, HS=humongous(starts), HC=humongous(continues), CS=collection set, F=free, OA=open archive, CA=closed archive, TAMS=top-at-mark-start (previous, next)
|   0|0x0000000080000000, 0x0000000080100000, 0x0000000080100000|100%|HS|  |TAMS 0x0000000080100000, 0x0000000080000000| Complete 
|   1|0x0000000080100000, 0x0000000080200000, 0x0000000080200000|100%|HC|  |TAMS 0x0000000080200000, 0x0000000080100000| Complete 
|   2|0x0000000080200000, 0x0000000080300000, 0x0000000080300000|100%|HC|  |TAMS 0x0000000080300000, 0x0000000080200000| Complete 
|   3|0x0000000080300000, 0x0000000080400000, 0x0000000080400000|100%|HC|  |TAMS 0x0000000080400000, 0x0000000080300000| Complete 
|   4|0x0000000080400000, 0x0000000080500000, 0x0000000080500000|100%| O|  |TAMS 0x0000000080500000, 0x0000000080400000| Untracked 
|   5|0x0000000080500000, 0x0000000080600000, 0x0000000080600000|100%| O|  |TAMS 0x0000000080600000, 0x0000000080500000| Untracked 
|   6|0x0000000080600000, 0x0000000080700000, 0x0000000080700000|100%| O|  |TAMS 0x0000000080700000, 0x0000000080600000| Untracked 
|   7|0x0000000080700000, 0x0000000080800000, 0x0000000080800000|100%| O|  |TAMS 0x0000000080800000, 0x0000000080700000| Untracked 
|   8|0x0000000080800000, 0x0000000080900000, 0x0000000080900000|100%| O|  |TAMS 0x0000000080900000, 0x0000000080800000| Untracked 
|   9|0x0000000080900000, 0x0000000080a00000, 0x0000000080a00000|100%| O|  |TAMS 0x0000000080a00000, 0x0000000080900000| Untracked 
|  10|0x0000000080a00000, 0x0000000080b00000, 0x0000000080b00000|100%| O|  |TAMS 0x0000000080b00000, 0x0000000080a00000| Untracked 
|  11|0x0000000080b00000, 0x0000000080c00000, 0x0000000080c00000|100%| O|  |TAMS 0x0000000080c00000, 0x0000000080b00000| Untracked 
|  12|0x0000000080c00000, 0x0000000080d00000, 0x0000000080d00000|100%| O|  |TAMS 0x0000000080d00000, 0x0000000080c00000| Untracked 
|  13|0x0000000080d00000, 0x0000000080e00000, 0x0000000080e00000|100%| O|  |TAMS 0x0000000080e00000, 0x0000000080d00000| Untracked 
|  14|0x0000000080e00000, 0x0000000080f00000, 0x0000000080f00000|100%| O|  |TAMS 0x0000000080f00000, 0x0000000080e00000| Untracked 
|  15|0x0000000080f00000, 0x0000000081000000, 0x0000000081000000|100%| O|  |TAMS 0x0000000081000000, 0x0000000080f00000| Untracked 
|  16|0x0000000081000000, 0x0000000081100000, 0x0000000081100000|100%| O|  |TAMS 0x0000000081100000, 0x0000000081000000| Untracked 
|  17|0x0000000081100000, 0x0000000081200000, 0x0000000081200000|100%| O|  |TAMS 0x0000000081200000, 0x0000000081100000| Untracked 
|  18|0x0000000081200000, 0x0000000081300000, 0x0000000081300000|100%| O|  |TAMS 0x0000000081300000, 0x0000000081200000| Untracked 
|  19|0x0000000081300000, 0x0000000081400000, 0x0000000081400000|100%| O|  |TAMS 0x0000000081400000, 0x0000000081300000| Untracked 
|  20|0x0000000081400000, 0x0000000081500000, 0x0000000081500000|100%|HS|  |TAMS 0x0000000081500000, 0x0000000081400000| Complete 
|  21|0x0000000081500000, 0x0000000081600000, 0x0000000081600000|100%|HC|  |TAMS 0x0000000081600000, 0x0000000081500000| Complete 
|  22|0x0000000081600000, 0x0000000081700000, 0x0000000081700000|100%|HC|  |TAMS 0x0000000081700000, 0x0000000081600000| Complete 
|  23|0x0000000081700000, 0x0000000081800000, 0x0000000081800000|100%|HC|  |TAMS 0x0000000081800000, 0x0000000081700000| Complete 
|  24|0x0000000081800000, 0x0000000081900000, 0x0000000081900000|100%|HC|  |TAMS 0x0000000081900000, 0x0000000081800000| Complete 
|  25|0x0000000081900000, 0x0000000081a00000, 0x0000000081a00000|100%|HS|  |TAMS 0x0000000081a00000, 0x0000000081900000| Complete 
|  26|0x0000000081a00000, 0x0000000081b00000, 0x0000000081b00000|100%|HC|  |TAMS 0x0000000081b00000, 0x0000000081a00000| Complete 
|  27|0x0000000081b00000, 0x0000000081c00000, 0x0000000081c00000|100%|HC|  |TAMS 0x0000000081c00000, 0x0000000081b00000| Complete 
|  28|0x0000000081c00000, 0x0000000081d00000, 0x0000000081d00000|100%|HS|  |TAMS 0x0000000081d00000, 0x0000000081c00000| Complete 
|  29|0x0000000081d00000, 0x0000000081e00000, 0x0000000081e00000|100%|HC|  |TAMS 0x0000000081e00000, 0x0000000081d00000| Complete 
|  30|0x0000000081e00000, 0x0000000081f00000, 0x0000000081f00000|100%|HC|  |TAMS 0x0000000081f00000, 0x0000000081e00000| Complete 
|  31|0x0000000081f00000, 0x0000000082000000, 0x0000000082000000|100%| O|  |TAMS 0x0000000082000000, 0x0000000081f00000| Untracked 
|  32|0x0000000082000000, 0x0000000082100000, 0x0000000082100000|100%| O|  |TAMS 0x0000000082100000, 0x0000000082000000| Untracked 
|  33|0x0000000082100000, 0x0000000082200000, 0x0000000082200000|100%| O|  |TAMS 0x0000000082200000, 0x0000000082100000| Untracked 
|  34|0x0000000082200000, 0x0000000082300000, 0x0000000082300000|100%| O|  |TAMS 0x0000000082300000, 0x0000000082200000| Untracked 
|  35|0x0000000082300000, 0x0000000082400000, 0x0000000082400000|100%|HS|  |TAMS 0x0000000082400000, 0x0000000082300000| Complete 
|  36|0x0000000082400000, 0x0000000082500000, 0x0000000082500000|100%| O|  |TAMS 0x0000000082500000, 0x0000000082400000| Untracked 
|  37|0x0000000082500000, 0x0000000082600000, 0x0000000082600000|100%| O|  |TAMS 0x0000000082600000, 0x0000000082500000| Untracked 
|  38|0x0000000082600000, 0x0000000082700000, 0x0000000082700000|100%| O|  |TAMS 0x0000000082700000, 0x0000000082600000| Untracked 
|  39|0x0000000082700000, 0x0000000082800000, 0x0000000082800000|100%| O|  |TAMS 0x0000000082800000, 0x0000000082700000| Untracked 
|  40|0x0000000082800000, 0x0000000082900000, 0x0000000082900000|100%| O|  |TAMS 0x0000000082900000, 0x0000000082800000| Untracked 
|  41|0x0000000082900000, 0x0000000082a00000, 0x0000000082a00000|100%| O|  |TAMS 0x0000000082a00000, 0x0000000082900000| Untracked 
|  42|0x0000000082a00000, 0x0000000082b00000, 0x0000000082b00000|100%| O|  |TAMS 0x0000000082b00000, 0x0000000082a00000| Untracked 
|  43|0x0000000082b00000, 0x0000000082c00000, 0x0000000082c00000|100%|HS|  |TAMS 0x0000000082c00000, 0x0000000082b00000| Complete 
|  44|0x0000000082c00000, 0x0000000082d00000, 0x0000000082d00000|100%|HS|  |TAMS 0x0000000082d00000, 0x0000000082c00000| Complete 
|  45|0x0000000082d00000, 0x0000000082e00000, 0x0000000082e00000|100%|HC|  |TAMS 0x0000000082e00000, 0x0000000082d00000| Complete 
|  46|0x0000000082e00000, 0x0000000082f00000, 0x0000000082f00000|100%|HC|  |TAMS 0x0000000082f00000, 0x0000000082e00000| Complete 
|  47|0x0000000082f00000, 0x0000000083000000, 0x0000000083000000|100%| O|  |TAMS 0x0000000083000000, 0x0000000082f00000| Untracked 
|  48|0x0000000083000000, 0x0000000083100000, 0x0000000083100000|100%| O|  |TAMS 0x0000000083100000, 0x0000000083000000| Untracked 
|  49|0x0000000083100000, 0x0000000083200000, 0x0000000083200000|100%| O|  |TAMS 0x0000000083200000, 0x0000000083100000| Untracked 
|  50|0x0000000083200000, 0x0000000083300000, 0x0000000083300000|100%| O|  |TAMS 0x0000000083300000, 0x0000000083200000| Untracked 
|  51|0x0000000083300000, 0x0000000083400000, 0x0000000083400000|100%| O|  |TAMS 0x0000000083400000, 0x0000000083300000| Untracked 
|  52|0x0000000083400000, 0x0000000083500000, 0x0000000083500000|100%| O|  |TAMS 0x0000000083500000, 0x0000000083400000| Untracked 
|  53|0x0000000083500000, 0x0000000083600000, 0x0000000083600000|100%|HS|  |TAMS 0x0000000083600000, 0x0000000083500000| Complete 
|  54|0x0000000083600000, 0x0000000083700000, 0x0000000083700000|100%| O|  |TAMS 0x0000000083700000, 0x0000000083600000| Untracked 
|  55|0x0000000083700000, 0x0000000083800000, 0x0000000083800000|100%|HS|  |TAMS 0x0000000083800000, 0x0000000083700000| Complete 
|  56|0x0000000083800000, 0x0000000083900000, 0x0000000083900000|100%|HC|  |TAMS 0x0000000083900000, 0x0000000083800000| Complete 
|  57|0x0000000083900000, 0x0000000083a00000, 0x0000000083a00000|100%|HC|  |TAMS 0x0000000083a00000, 0x0000000083900000| Complete 
|  58|0x0000000083a00000, 0x0000000083b00000, 0x0000000083b00000|100%|HC|  |TAMS 0x0000000083b00000, 0x0000000083a00000| Complete 
|  59|0x0000000083b00000, 0x0000000083c00000, 0x0000000083c00000|100%|HC|  |TAMS 0x0000000083c00000, 0x0000000083b00000| Complete 
|  60|0x0000000083c00000, 0x0000000083d00000, 0x0000000083d00000|100%|HS|  |TAMS 0x0000000083d00000, 0x0000000083c00000| Complete 
|  61|0x0000000083d00000, 0x0000000083e00000, 0x0000000083e00000|100%|HC|  |TAMS 0x0000000083e00000, 0x0000000083d00000| Complete 
|  62|0x0000000083e00000, 0x0000000083f00000, 0x0000000083f00000|100%|HC|  |TAMS 0x0000000083f00000, 0x0000000083e00000| Complete 
|  63|0x0000000083f00000, 0x0000000084000000, 0x0000000084000000|100%|HC|  |TAMS 0x0000000084000000, 0x0000000083f00000| Complete 
|  64|0x0000000084000000, 0x0000000084100000, 0x0000000084100000|100%|HC|  |TAMS 0x0000000084100000, 0x0000000084000000| Complete 
|  65|0x0000000084100000, 0x0000000084200000, 0x0000000084200000|100%| O|  |TAMS 0x0000000084200000, 0x0000000084100000| Untracked 
|  66|0x0000000084200000, 0x0000000084300000, 0x0000000084300000|100%| O|  |TAMS 0x0000000084300000, 0x0000000084200000| Untracked 
|  67|0x0000000084300000, 0x0000000084400000, 0x0000000084400000|100%| O|  |TAMS 0x0000000084300000, 0x0000000084300000| Untracked 
|  68|0x0000000084400000, 0x0000000084500000, 0x0000000084500000|100%| O|  |TAMS 0x0000000084500000, 0x0000000084400000| Untracked 
|  69|0x0000000084500000, 0x0000000084600000, 0x0000000084600000|100%| O|  |TAMS 0x0000000084600000, 0x0000000084500000| Untracked 
|  70|0x0000000084600000, 0x0000000084700000, 0x0000000084700000|100%| O|  |TAMS 0x0000000084700000, 0x0000000084600000| Untracked 
|  71|0x0000000084700000, 0x0000000084800000, 0x0000000084800000|100%| O|  |TAMS 0x0000000084800000, 0x0000000084700000| Untracked 
|  72|0x0000000084800000, 0x0000000084900000, 0x0000000084900000|100%| O|  |TAMS 0x0000000084900000, 0x0000000084800000| Untracked 
|  73|0x0000000084900000, 0x0000000084a00000, 0x0000000084a00000|100%| O|  |TAMS 0x0000000084a00000, 0x0000000084900000| Untracked 
|  74|0x0000000084a00000, 0x0000000084b00000, 0x0000000084b00000|100%| O|  |TAMS 0x0000000084b00000, 0x0000000084a00000| Untracked 
|  75|0x0000000084b00000, 0x0000000084c00000, 0x0000000084c00000|100%| O|  |TAMS 0x0000000084c00000, 0x0000000084b00000| Untracked 
|  76|0x0000000084c00000, 0x0000000084d00000, 0x0000000084d00000|100%|HS|  |TAMS 0x0000000084d00000, 0x0000000084c00000| Complete 
|  77|0x0000000084d00000, 0x0000000084e00000, 0x0000000084e00000|100%|HS|  |TAMS 0x0000000084e00000, 0x0000000084d00000| Complete 
|  78|0x0000000084e00000, 0x0000000084f00000, 0x0000000084f00000|100%|HS|  |TAMS 0x0000000084f00000, 0x0000000084e00000| Complete 
|  79|0x0000000084f00000, 0x0000000085000000, 0x0000000085000000|100%|HC|  |TAMS 0x0000000085000000, 0x0000000084f00000| Complete 
|  80|0x0000000085000000, 0x0000000085100000, 0x0000000085100000|100%|HS|  |TAMS 0x0000000085100000, 0x0000000085000000| Complete 
|  81|0x0000000085100000, 0x0000000085200000, 0x0000000085200000|100%|HC|  |TAMS 0x0000000085200000, 0x0000000085100000| Complete 
|  82|0x0000000085200000, 0x0000000085300000, 0x0000000085300000|100%| O|  |TAMS 0x0000000085300000, 0x0000000085200000| Untracked 
|  83|0x0000000085300000, 0x0000000085400000, 0x0000000085400000|100%| O|  |TAMS 0x0000000085400000, 0x0000000085300000| Untracked 
|  84|0x0000000085400000, 0x0000000085500000, 0x0000000085500000|100%|HS|  |TAMS 0x0000000085500000, 0x0000000085400000| Complete 
|  85|0x0000000085500000, 0x0000000085600000, 0x0000000085600000|100%|HS|  |TAMS 0x0000000085600000, 0x0000000085500000| Complete 
|  86|0x0000000085600000, 0x0000000085700000, 0x0000000085700000|100%| O|  |TAMS 0x0000000085700000, 0x0000000085600000| Untracked 
|  87|0x0000000085700000, 0x0000000085800000, 0x0000000085800000|100%| O|  |TAMS 0x0000000085800000, 0x0000000085700000| Untracked 
|  88|0x0000000085800000, 0x0000000085900000, 0x0000000085900000|100%| O|  |TAMS 0x0000000085900000, 0x0000000085800000| Untracked 
|  89|0x0000000085900000, 0x0000000085a00000, 0x0000000085a00000|100%|HS|  |TAMS 0x0000000085900000, 0x0000000085900000| Complete 
|  90|0x0000000085a00000, 0x0000000085b00000, 0x0000000085b00000|100%|HC|  |TAMS 0x0000000085a00000, 0x0000000085a00000| Complete 
|  91|0x0000000085b00000, 0x0000000085c00000, 0x0000000085c00000|100%|HC|  |TAMS 0x0000000085b00000, 0x0000000085b00000| Complete 
|  92|0x0000000085c00000, 0x0000000085d00000, 0x0000000085d00000|100%|HS|  |TAMS 0x0000000085d00000, 0x0000000085c00000| Complete 
|  93|0x0000000085d00000, 0x0000000085e00000, 0x0000000085e00000|100%|HC|  |TAMS 0x0000000085e00000, 0x0000000085d00000| Complete 
|  94|0x0000000085e00000, 0x0000000085f00000, 0x0000000085f00000|100%|HC|  |TAMS 0x0000000085f00000, 0x0000000085e00000| Complete 
|  95|0x0000000085f00000, 0x0000000086000000, 0x0000000086000000|100%|HC|  |TAMS 0x0000000086000000, 0x0000000085f00000| Complete 
|  96|0x0000000086000000, 0x0000000086100000, 0x0000000086100000|100%|HS|  |TAMS 0x0000000086100000, 0x0000000086000000| Complete 
|  97|0x0000000086100000, 0x0000000086200000, 0x0000000086200000|100%| O|  |TAMS 0x0000000086200000, 0x0000000086100000| Untracked 
|  98|0x0000000086200000, 0x0000000086300000, 0x0000000086300000|100%| O|  |TAMS 0x0000000086300000, 0x0000000086200000| Untracked 
|  99|0x0000000086300000, 0x0000000086400000, 0x0000000086400000|100%| O|  |TAMS 0x0000000086400000, 0x0000000086300000| Untracked 
| 100|0x0000000086400000, 0x0000000086500000, 0x0000000086500000|100%| O|  |TAMS 0x0000000086500000, 0x0000000086400000| Untracked 
| 101|0x0000000086500000, 0x0000000086600000, 0x0000000086600000|100%| O|  |TAMS 0x0000000086600000, 0x0000000086500000| Untracked 
| 102|0x0000000086600000, 0x0000000086700000, 0x0000000086700000|100%| O|  |TAMS 0x0000000086700000, 0x0000000086600000| Untracked 
| 103|0x0000000086700000, 0x0000000086800000, 0x0000000086800000|100%| O|  |TAMS 0x0000000086800000, 0x0000000086700000| Untracked 
| 104|0x0000000086800000, 0x0000000086900000, 0x0000000086900000|100%| O|  |TAMS 0x0000000086900000, 0x0000000086800000| Untracked 
| 105|0x0000000086900000, 0x0000000086a00000, 0x0000000086a00000|100%| O|  |TAMS 0x0000000086a00000, 0x0000000086900000| Untracked 
| 106|0x0000000086a00000, 0x0000000086b00000, 0x0000000086b00000|100%| O|  |TAMS 0x0000000086b00000, 0x0000000086a00000| Untracked 
| 107|0x0000000086b00000, 0x0000000086c00000, 0x0000000086c00000|100%| O|  |TAMS 0x0000000086c00000, 0x0000000086b00000| Untracked 
| 108|0x0000000086c00000, 0x0000000086d00000, 0x0000000086d00000|100%| O|  |TAMS 0x0000000086d00000, 0x0000000086c00000| Untracked 
| 109|0x0000000086d00000, 0x0000000086e00000, 0x0000000086e00000|100%| O|  |TAMS 0x0000000086e00000, 0x0000000086d00000| Untracked 
| 110|0x0000000086e00000, 0x0000000086f00000, 0x0000000086f00000|100%| O|  |TAMS 0x0000000086f00000, 0x0000000086e00000| Untracked 
| 111|0x0000000086f00000, 0x0000000087000000, 0x0000000087000000|100%| O|  |TAMS 0x0000000087000000, 0x0000000086f00000| Untracked 
| 112|0x0000000087000000, 0x0000000087100000, 0x0000000087100000|100%|HS|  |TAMS 0x0000000087100000, 0x0000000087000000| Complete 
| 113|0x0000000087100000, 0x0000000087200000, 0x0000000087200000|100%|HC|  |TAMS 0x0000000087200000, 0x0000000087100000| Complete 
| 114|0x0000000087200000, 0x0000000087300000, 0x0000000087300000|100%|HC|  |TAMS 0x0000000087300000, 0x0000000087200000| Complete 
| 115|0x0000000087300000, 0x0000000087400000, 0x0000000087400000|100%|HC|  |TAMS 0x0000000087400000, 0x0000000087300000| Complete 
| 116|0x0000000087400000, 0x0000000087500000, 0x0000000087500000|100%| O|  |TAMS 0x0000000087500000, 0x0000000087400000| Untracked 
| 117|0x0000000087500000, 0x0000000087600000, 0x0000000087600000|100%| O|  |TAMS 0x0000000087600000, 0x0000000087500000| Untracked 
| 118|0x0000000087600000, 0x0000000087700000, 0x0000000087700000|100%| O|  |TAMS 0x0000000087700000, 0x0000000087600000| Untracked 
| 119|0x0000000087700000, 0x0000000087800000, 0x0000000087800000|100%| O|  |TAMS 0x0000000087800000, 0x0000000087700000| Untracked 
| 120|0x0000000087800000, 0x0000000087900000, 0x0000000087900000|100%| O|  |TAMS 0x0000000087900000, 0x0000000087800000| Untracked 
| 121|0x0000000087900000, 0x0000000087a00000, 0x0000000087a00000|100%| O|  |TAMS 0x0000000087a00000, 0x0000000087900000| Untracked 
| 122|0x0000000087a00000, 0x0000000087b00000, 0x0000000087b00000|100%| O|  |TAMS 0x0000000087b00000, 0x0000000087a00000| Untracked 
| 123|0x0000000087b00000, 0x0000000087c00000, 0x0000000087c00000|100%| O|  |TAMS 0x0000000087c00000, 0x0000000087b00000| Untracked 
| 124|0x0000000087c00000, 0x0000000087d00000, 0x0000000087d00000|100%| O|  |TAMS 0x0000000087d00000, 0x0000000087c00000| Untracked 
| 125|0x0000000087d00000, 0x0000000087e00000, 0x0000000087e00000|100%|HS|  |TAMS 0x0000000087e00000, 0x0000000087d00000| Complete 
| 126|0x0000000087e00000, 0x0000000087f00000, 0x0000000087f00000|100%|HC|  |TAMS 0x0000000087f00000, 0x0000000087e00000| Complete 
| 127|0x0000000087f00000, 0x0000000088000000, 0x0000000088000000|100%|HC|  |TAMS 0x0000000088000000, 0x0000000087f00000| Complete 
| 128|0x0000000088000000, 0x0000000088100000, 0x0000000088100000|100%| O|  |TAMS 0x0000000088000000, 0x0000000088000000| Untracked 
| 129|0x0000000088100000, 0x0000000088200000, 0x0000000088200000|100%| O|  |TAMS 0x0000000088200000, 0x0000000088100000| Untracked 
| 130|0x0000000088200000, 0x0000000088300000, 0x0000000088300000|100%| O|  |TAMS 0x0000000088300000, 0x0000000088200000| Untracked 
| 131|0x0000000088300000, 0x0000000088400000, 0x0000000088400000|100%| O|  |TAMS 0x000000008830aa00, 0x0000000088300000| Untracked 
| 132|0x0000000088400000, 0x0000000088500000, 0x0000000088500000|100%|HS|  |TAMS 0x0000000088500000, 0x0000000088400000| Complete 
| 133|0x0000000088500000, 0x0000000088600000, 0x0000000088600000|100%|HC|  |TAMS 0x0000000088600000, 0x0000000088500000| Complete 
| 134|0x0000000088600000, 0x0000000088700000, 0x0000000088700000|100%|HC|  |TAMS 0x0000000088700000, 0x0000000088600000| Complete 
| 135|0x0000000088700000, 0x0000000088800000, 0x0000000088800000|100%|HC|  |TAMS 0x0000000088800000, 0x0000000088700000| Complete 
| 136|0x0000000088800000, 0x0000000088900000, 0x0000000088900000|100%|HC|  |TAMS 0x0000000088900000, 0x0000000088800000| Complete 
| 137|0x0000000088900000, 0x0000000088a00000, 0x0000000088a00000|100%| O|  |TAMS 0x0000000088900000, 0x0000000088900000| Untracked 
| 138|0x0000000088a00000, 0x0000000088b00000, 0x0000000088b00000|100%| O|  |TAMS 0x0000000088a00000, 0x0000000088a00000| Untracked 
| 139|0x0000000088b00000, 0x0000000088c00000, 0x0000000088c00000|100%| O|  |TAMS 0x0000000088b00000, 0x0000000088b00000| Untracked 
| 140|0x0000000088c00000, 0x0000000088d00000, 0x0000000088d00000|100%|HS|  |TAMS 0x0000000088c00000, 0x0000000088c00000| Complete 
| 141|0x0000000088d00000, 0x0000000088e00000, 0x0000000088e00000|100%|HC|  |TAMS 0x0000000088d00000, 0x0000000088d00000| Complete 
| 142|0x0000000088e00000, 0x0000000088f00000, 0x0000000088f00000|100%|HC|  |TAMS 0x0000000088e00000, 0x0000000088e00000| Complete 
| 143|0x0000000088f00000, 0x0000000089000000, 0x0000000089000000|100%|HS|  |TAMS 0x0000000088f00000, 0x0000000088f00000| Complete 
| 144|0x0000000089000000, 0x0000000089100000, 0x0000000089100000|100%| O|  |TAMS 0x0000000089000000, 0x0000000089000000| Untracked 
| 145|0x0000000089100000, 0x0000000089200000, 0x0000000089200000|100%| O|  |TAMS 0x0000000089100000, 0x0000000089100000| Untracked 
| 146|0x0000000089200000, 0x0000000089300000, 0x0000000089300000|100%| O|  |TAMS 0x0000000089200000, 0x0000000089200000| Untracked 
| 147|0x0000000089300000, 0x0000000089400000, 0x0000000089400000|100%| O|  |TAMS 0x0000000089300000, 0x0000000089300000| Untracked 
| 148|0x0000000089400000, 0x0000000089500000, 0x0000000089500000|100%| O|  |TAMS 0x0000000089400000, 0x0000000089400000| Untracked 
| 149|0x0000000089500000, 0x0000000089600000, 0x0000000089600000|100%| O|  |TAMS 0x0000000089500000, 0x0000000089500000| Untracked 
| 150|0x0000000089600000, 0x0000000089700000, 0x0000000089700000|100%| O|  |TAMS 0x0000000089600000, 0x0000000089600000| Untracked 
| 151|0x0000000089700000, 0x0000000089800000, 0x0000000089800000|100%| O|  |TAMS 0x0000000089700000, 0x0000000089700000| Untracked 
| 152|0x0000000089800000, 0x0000000089900000, 0x0000000089900000|100%| O|  |TAMS 0x0000000089800000, 0x0000000089800000| Untracked 
| 153|0x0000000089900000, 0x0000000089a00000, 0x0000000089a00000|100%| O|  |TAMS 0x0000000089900000, 0x0000000089900000| Untracked 
| 154|0x0000000089a00000, 0x0000000089b00000, 0x0000000089b00000|100%| O|  |TAMS 0x0000000089a00000, 0x0000000089a00000| Untracked 
| 155|0x0000000089b00000, 0x0000000089c00000, 0x0000000089c00000|100%| O|  |TAMS 0x0000000089b00000, 0x0000000089b00000| Untracked 
| 156|0x0000000089c00000, 0x0000000089d00000, 0x0000000089d00000|100%| O|  |TAMS 0x0000000089c00000, 0x0000000089c00000| Untracked 
| 157|0x0000000089d00000, 0x0000000089e00000, 0x0000000089e00000|100%| O|  |TAMS 0x0000000089d00000, 0x0000000089d00000| Untracked 
| 158|0x0000000089e00000, 0x0000000089f00000, 0x0000000089f00000|100%| O|  |TAMS 0x0000000089e00000, 0x0000000089e00000| Untracked 
| 159|0x0000000089f00000, 0x000000008a000000, 0x000000008a000000|100%| O|  |TAMS 0x0000000089f00000, 0x0000000089f00000| Untracked 
| 160|0x000000008a000000, 0x000000008a100000, 0x000000008a100000|100%| O|  |TAMS 0x000000008a000000, 0x000000008a000000| Untracked 
| 161|0x000000008a100000, 0x000000008a200000, 0x000000008a200000|100%| O|  |TAMS 0x000000008a100000, 0x000000008a100000| Untracked 
| 162|0x000000008a200000, 0x000000008a300000, 0x000000008a300000|100%| O|  |TAMS 0x000000008a200000, 0x000000008a200000| Untracked 
| 163|0x000000008a300000, 0x000000008a400000, 0x000000008a400000|100%| O|  |TAMS 0x000000008a300000, 0x000000008a300000| Untracked 
| 164|0x000000008a400000, 0x000000008a500000, 0x000000008a500000|100%| O|  |TAMS 0x000000008a400000, 0x000000008a400000| Untracked 
| 165|0x000000008a500000, 0x000000008a600000, 0x000000008a600000|100%| O|  |TAMS 0x000000008a500000, 0x000000008a500000| Untracked 
| 166|0x000000008a600000, 0x000000008a700000, 0x000000008a700000|100%| O|  |TAMS 0x000000008a600000, 0x000000008a600000| Untracked 
| 167|0x000000008a700000, 0x000000008a800000, 0x000000008a800000|100%| O|  |TAMS 0x000000008a700000, 0x000000008a700000| Untracked 
| 168|0x000000008a800000, 0x000000008a900000, 0x000000008a900000|100%| O|  |TAMS 0x000000008a800000, 0x000000008a800000| Untracked 
| 169|0x000000008a900000, 0x000000008aa00000, 0x000000008aa00000|100%| O|  |TAMS 0x000000008a900000, 0x000000008a900000| Untracked 
| 170|0x000000008aa00000, 0x000000008ab00000, 0x000000008ab00000|100%| O|  |TAMS 0x000000008aa00000, 0x000000008aa00000| Untracked 
| 171|0x000000008ab00000, 0x000000008ac00000, 0x000000008ac00000|100%| O|  |TAMS 0x000000008ab00000, 0x000000008ab00000| Untracked 
| 172|0x000000008ac00000, 0x000000008ad00000, 0x000000008ad00000|100%| O|  |TAMS 0x000000008ac00000, 0x000000008ac00000| Untracked 
| 173|0x000000008ad00000, 0x000000008ae00000, 0x000000008ae00000|100%| O|  |TAMS 0x000000008ad00000, 0x000000008ad00000| Untracked 
| 174|0x000000008ae00000, 0x000000008af00000, 0x000000008af00000|100%| O|  |TAMS 0x000000008ae00000, 0x000000008ae00000| Untracked 
| 175|0x000000008af00000, 0x000000008b000000, 0x000000008b000000|100%| O|  |TAMS 0x000000008af00000, 0x000000008af00000| Untracked 
| 176|0x000000008b000000, 0x000000008b100000, 0x000000008b100000|100%| O|  |TAMS 0x000000008b000000, 0x000000008b000000| Untracked 
| 177|0x000000008b100000, 0x000000008b200000, 0x000000008b200000|100%| O|  |TAMS 0x000000008b100000, 0x000000008b100000| Untracked 
| 178|0x000000008b200000, 0x000000008b300000, 0x000000008b300000|100%| O|  |TAMS 0x000000008b200000, 0x000000008b200000| Untracked 
| 179|0x000000008b300000, 0x000000008b400000, 0x000000008b400000|100%| O|  |TAMS 0x000000008b300000, 0x000000008b300000| Untracked 
| 180|0x000000008b400000, 0x000000008b500000, 0x000000008b500000|100%| O|  |TAMS 0x000000008b400000, 0x000000008b400000| Untracked 
| 181|0x000000008b500000, 0x000000008b600000, 0x000000008b600000|100%| O|  |TAMS 0x000000008b500000, 0x000000008b500000| Untracked 
| 182|0x000000008b600000, 0x000000008b700000, 0x000000008b700000|100%| O|  |TAMS 0x000000008b600000, 0x000000008b600000| Untracked 
| 183|0x000000008b700000, 0x000000008b800000, 0x000000008b800000|100%| O|  |TAMS 0x000000008b700000, 0x000000008b700000| Untracked 
| 184|0x000000008b800000, 0x000000008b900000, 0x000000008b900000|100%| O|  |TAMS 0x000000008b800000, 0x000000008b800000| Untracked 
| 185|0x000000008b900000, 0x000000008ba00000, 0x000000008ba00000|100%| O|  |TAMS 0x000000008b900000, 0x000000008b900000| Untracked 
| 186|0x000000008ba00000, 0x000000008bb00000, 0x000000008bb00000|100%| O|  |TAMS 0x000000008ba00000, 0x000000008ba00000| Untracked 
| 187|0x000000008bb00000, 0x000000008bc00000, 0x000000008bc00000|100%| O|  |TAMS 0x000000008bb00000, 0x000000008bb00000| Untracked 
| 188|0x000000008bc00000, 0x000000008bd00000, 0x000000008bd00000|100%| O|  |TAMS 0x000000008bc00000, 0x000000008bc00000| Untracked 
| 189|0x000000008bd00000, 0x000000008be00000, 0x000000008be00000|100%| O|  |TAMS 0x000000008bd00000, 0x000000008bd00000| Untracked 
| 190|0x000000008be00000, 0x000000008bf00000, 0x000000008bf00000|100%| O|  |TAMS 0x000000008be00000, 0x000000008be00000| Untracked 
| 191|0x000000008bf00000, 0x000000008c000000, 0x000000008c000000|100%| O|  |TAMS 0x000000008bf00000, 0x000000008bf00000| Untracked 
| 192|0x000000008c000000, 0x000000008c100000, 0x000000008c100000|100%| O|  |TAMS 0x000000008c000000, 0x000000008c000000| Untracked 
| 193|0x000000008c100000, 0x000000008c200000, 0x000000008c200000|100%| O|  |TAMS 0x000000008c100000, 0x000000008c100000| Untracked 
| 194|0x000000008c200000, 0x000000008c300000, 0x000000008c300000|100%| O|  |TAMS 0x000000008c200000, 0x000000008c200000| Untracked 
| 195|0x000000008c300000, 0x000000008c400000, 0x000000008c400000|100%| O|  |TAMS 0x000000008c300000, 0x000000008c300000| Untracked 
| 196|0x000000008c400000, 0x000000008c500000, 0x000000008c500000|100%| O|  |TAMS 0x000000008c400000, 0x000000008c400000| Untracked 
| 197|0x000000008c500000, 0x000000008c600000, 0x000000008c600000|100%| O|  |TAMS 0x000000008c500000, 0x000000008c500000| Untracked 
| 198|0x000000008c600000, 0x000000008c700000, 0x000000008c700000|100%| O|  |TAMS 0x000000008c600000, 0x000000008c600000| Untracked 
| 199|0x000000008c700000, 0x000000008c800000, 0x000000008c800000|100%| O|  |TAMS 0x000000008c700000, 0x000000008c700000| Untracked 
| 200|0x000000008c800000, 0x000000008c900000, 0x000000008c900000|100%| O|  |TAMS 0x000000008c800000, 0x000000008c800000| Untracked 
| 201|0x000000008c900000, 0x000000008ca00000, 0x000000008ca00000|100%| O|  |TAMS 0x000000008c900000, 0x000000008c900000| Untracked 
| 202|0x000000008ca00000, 0x000000008cb00000, 0x000000008cb00000|100%| O|  |TAMS 0x000000008ca00000, 0x000000008ca00000| Untracked 
| 203|0x000000008cb00000, 0x000000008cc00000, 0x000000008cc00000|100%| O|  |TAMS 0x000000008cb00000, 0x000000008cb00000| Untracked 
| 204|0x000000008cc00000, 0x000000008cd00000, 0x000000008cd00000|100%| O|  |TAMS 0x000000008cc00000, 0x000000008cc00000| Untracked 
| 205|0x000000008cd00000, 0x000000008ce00000, 0x000000008ce00000|100%| O|  |TAMS 0x000000008cd00000, 0x000000008cd00000| Untracked 
| 206|0x000000008ce00000, 0x000000008cf00000, 0x000000008cf00000|100%| O|  |TAMS 0x000000008ce00000, 0x000000008ce00000| Untracked 
| 207|0x000000008cf00000, 0x000000008cf45400, 0x000000008d000000| 27%| O|  |TAMS 0x000000008cf00000, 0x000000008cf00000| Untracked 
| 208|0x000000008d000000, 0x000000008d000000, 0x000000008d100000|  0%| F|  |TAMS 0x000000008d000000, 0x000000008d000000| Untracked 
| 209|0x000000008d100000, 0x000000008d100000, 0x000000008d200000|  0%| F|  |TAMS 0x000000008d100000, 0x000000008d100000| Untracked 
| 210|0x000000008d200000, 0x000000008d200000, 0x000000008d300000|  0%| F|  |TAMS 0x000000008d200000, 0x000000008d200000| Untracked 
| 211|0x000000008d300000, 0x000000008d300000, 0x000000008d400000|  0%| F|  |TAMS 0x000000008d300000, 0x000000008d300000| Untracked 
| 212|0x000000008d400000, 0x000000008d400000, 0x000000008d500000|  0%| F|  |TAMS 0x000000008d400000, 0x000000008d400000| Untracked 
| 213|0x000000008d500000, 0x000000008d500000, 0x000000008d600000|  0%| F|  |TAMS 0x000000008d500000, 0x000000008d500000| Untracked 
| 214|0x000000008d600000, 0x000000008d600000, 0x000000008d700000|  0%| F|  |TAMS 0x000000008d600000, 0x000000008d600000| Untracked 
| 215|0x000000008d700000, 0x000000008d700000, 0x000000008d800000|  0%| F|  |TAMS 0x000000008d700000, 0x000000008d700000| Untracked 
| 216|0x000000008d800000, 0x000000008d800000, 0x000000008d900000|  0%| F|  |TAMS 0x000000008d800000, 0x000000008d800000| Untracked 
| 217|0x000000008d900000, 0x000000008d900000, 0x000000008da00000|  0%| F|  |TAMS 0x000000008d900000, 0x000000008d900000| Untracked 
| 218|0x000000008da00000, 0x000000008da00000, 0x000000008db00000|  0%| F|  |TAMS 0x000000008da00000, 0x000000008da00000| Untracked 
| 219|0x000000008db00000, 0x000000008db00000, 0x000000008dc00000|  0%| F|  |TAMS 0x000000008db00000, 0x000000008db00000| Untracked 
| 220|0x000000008dc00000, 0x000000008dc00000, 0x000000008dd00000|  0%| F|  |TAMS 0x000000008dc00000, 0x000000008dc00000| Untracked 
| 221|0x000000008dd00000, 0x000000008dd00000, 0x000000008de00000|  0%| F|  |TAMS 0x000000008dd00000, 0x000000008dd00000| Untracked 
| 222|0x000000008de00000, 0x000000008de00000, 0x000000008df00000|  0%| F|  |TAMS 0x000000008de00000, 0x000000008de00000| Untracked 
| 223|0x000000008df00000, 0x000000008df00000, 0x000000008e000000|  0%| F|  |TAMS 0x000000008df00000, 0x000000008df00000| Untracked 
| 224|0x000000008e000000, 0x000000008e000000, 0x000000008e100000|  0%| F|  |TAMS 0x000000008e000000, 0x000000008e000000| Untracked 
| 225|0x000000008e100000, 0x000000008e100000, 0x000000008e200000|  0%| F|  |TAMS 0x000000008e100000, 0x000000008e100000| Untracked 
| 226|0x000000008e200000, 0x000000008e200000, 0x000000008e300000|  0%| F|  |TAMS 0x000000008e200000, 0x000000008e200000| Untracked 
| 227|0x000000008e300000, 0x000000008e300000, 0x000000008e400000|  0%| F|  |TAMS 0x000000008e300000, 0x000000008e300000| Untracked 
| 228|0x000000008e400000, 0x000000008e400000, 0x000000008e500000|  0%| F|  |TAMS 0x000000008e400000, 0x000000008e400000| Untracked 
| 229|0x000000008e500000, 0x000000008e500000, 0x000000008e600000|  0%| F|  |TAMS 0x000000008e500000, 0x000000008e500000| Untracked 
| 230|0x000000008e600000, 0x000000008e600000, 0x000000008e700000|  0%| F|  |TAMS 0x000000008e600000, 0x000000008e600000| Untracked 
| 231|0x000000008e700000, 0x000000008e700000, 0x000000008e800000|  0%| F|  |TAMS 0x000000008e700000, 0x000000008e700000| Untracked 
| 232|0x000000008e800000, 0x000000008e800000, 0x000000008e900000|  0%| F|  |TAMS 0x000000008e800000, 0x000000008e800000| Untracked 
| 233|0x000000008e900000, 0x000000008e900000, 0x000000008ea00000|  0%| F|  |TAMS 0x000000008e900000, 0x000000008e900000| Untracked 
| 234|0x000000008ea00000, 0x000000008ea00000, 0x000000008eb00000|  0%| F|  |TAMS 0x000000008ea00000, 0x000000008ea00000| Untracked 
| 235|0x000000008eb00000, 0x000000008eb00000, 0x000000008ec00000|  0%| F|  |TAMS 0x000000008eb00000, 0x000000008eb00000| Untracked 
| 236|0x000000008ec00000, 0x000000008ec2f940, 0x000000008ed00000| 18%| S|CS|TAMS 0x000000008ec00000, 0x000000008ec00000| Complete 
| 237|0x000000008ed00000, 0x000000008ee00000, 0x000000008ee00000|100%| S|CS|TAMS 0x000000008ed00000, 0x000000008ed00000| Complete 
| 238|0x000000008ee00000, 0x000000008ee00000, 0x000000008ef00000|  0%| F|  |TAMS 0x000000008ee00000, 0x000000008ee00000| Untracked 
| 239|0x000000008ef00000, 0x000000008ef00000, 0x000000008f000000|  0%| F|  |TAMS 0x000000008ef00000, 0x000000008ef00000| Untracked 
| 240|0x000000008f000000, 0x000000008f000000, 0x000000008f100000|  0%| F|  |TAMS 0x000000008f000000, 0x000000008f000000| Untracked 
| 241|0x000000008f100000, 0x000000008f100000, 0x000000008f200000|  0%| F|  |TAMS 0x000000008f100000, 0x000000008f100000| Untracked 
| 242|0x000000008f200000, 0x000000008f200000, 0x000000008f300000|  0%| F|  |TAMS 0x000000008f200000, 0x000000008f200000| Untracked 
| 243|0x000000008f300000, 0x000000008f300000, 0x000000008f400000|  0%| F|  |TAMS 0x000000008f300000, 0x000000008f300000| Untracked 
| 244|0x000000008f400000, 0x000000008f400000, 0x000000008f500000|  0%| F|  |TAMS 0x000000008f400000, 0x000000008f400000| Untracked 
| 245|0x000000008f500000, 0x000000008f500000, 0x000000008f600000|  0%| F|  |TAMS 0x000000008f500000, 0x000000008f500000| Untracked 
| 246|0x000000008f600000, 0x000000008f600000, 0x000000008f700000|  0%| F|  |TAMS 0x000000008f600000, 0x000000008f600000| Untracked 
| 247|0x000000008f700000, 0x000000008f700000, 0x000000008f800000|  0%| F|  |TAMS 0x000000008f700000, 0x000000008f700000| Untracked 
| 248|0x000000008f800000, 0x000000008f800000, 0x000000008f900000|  0%| F|  |TAMS 0x000000008f800000, 0x000000008f800000| Untracked 
| 249|0x000000008f900000, 0x000000008f900000, 0x000000008fa00000|  0%| F|  |TAMS 0x000000008f900000, 0x000000008f900000| Untracked 
| 250|0x000000008fa00000, 0x000000008fa00000, 0x000000008fb00000|  0%| F|  |TAMS 0x000000008fa00000, 0x000000008fa00000| Untracked 
| 251|0x000000008fb00000, 0x000000008fb00000, 0x000000008fc00000|  0%| F|  |TAMS 0x000000008fb00000, 0x000000008fb00000| Untracked 
| 252|0x000000008fc00000, 0x000000008fc00000, 0x000000008fd00000|  0%| F|  |TAMS 0x000000008fc00000, 0x000000008fc00000| Untracked 
| 253|0x000000008fd00000, 0x000000008fd00000, 0x000000008fe00000|  0%| F|  |TAMS 0x000000008fd00000, 0x000000008fd00000| Untracked 
| 254|0x000000008fe00000, 0x000000008fe00000, 0x000000008ff00000|  0%| F|  |TAMS 0x000000008fe00000, 0x000000008fe00000| Untracked 
| 255|0x000000008ff00000, 0x000000008ff00000, 0x0000000090000000|  0%| F|  |TAMS 0x000000008ff00000, 0x000000008ff00000| Untracked 
| 256|0x0000000090000000, 0x0000000090000000, 0x0000000090100000|  0%| F|  |TAMS 0x0000000090000000, 0x0000000090000000| Untracked 
| 257|0x0000000090100000, 0x0000000090100000, 0x0000000090200000|  0%| F|  |TAMS 0x0000000090100000, 0x0000000090100000| Untracked 
| 258|0x0000000090200000, 0x0000000090200000, 0x0000000090300000|  0%| F|  |TAMS 0x0000000090200000, 0x0000000090200000| Untracked 
| 259|0x0000000090300000, 0x0000000090300000, 0x0000000090400000|  0%| F|  |TAMS 0x0000000090300000, 0x0000000090300000| Untracked 
| 260|0x0000000090400000, 0x0000000090400000, 0x0000000090500000|  0%| F|  |TAMS 0x0000000090400000, 0x0000000090400000| Untracked 
| 261|0x0000000090500000, 0x0000000090500000, 0x0000000090600000|  0%| F|  |TAMS 0x0000000090500000, 0x0000000090500000| Untracked 
| 262|0x0000000090600000, 0x0000000090600000, 0x0000000090700000|  0%| F|  |TAMS 0x0000000090600000, 0x0000000090600000| Untracked 
| 263|0x0000000090700000, 0x0000000090700000, 0x0000000090800000|  0%| F|  |TAMS 0x0000000090700000, 0x0000000090700000| Untracked 
| 264|0x0000000090800000, 0x0000000090800000, 0x0000000090900000|  0%| F|  |TAMS 0x0000000090800000, 0x0000000090800000| Untracked 
| 265|0x0000000090900000, 0x0000000090900000, 0x0000000090a00000|  0%| F|  |TAMS 0x0000000090900000, 0x0000000090900000| Untracked 
| 266|0x0000000090a00000, 0x0000000090a00000, 0x0000000090b00000|  0%| F|  |TAMS 0x0000000090a00000, 0x0000000090a00000| Untracked 
| 267|0x0000000090b00000, 0x0000000090b00000, 0x0000000090c00000|  0%| F|  |TAMS 0x0000000090b00000, 0x0000000090b00000| Untracked 
| 268|0x0000000090c00000, 0x0000000090c00000, 0x0000000090d00000|  0%| F|  |TAMS 0x0000000090c00000, 0x0000000090c00000| Untracked 
| 269|0x0000000090d00000, 0x0000000090d00000, 0x0000000090e00000|  0%| F|  |TAMS 0x0000000090d00000, 0x0000000090d00000| Untracked 
| 270|0x0000000090e00000, 0x0000000090e00000, 0x0000000090f00000|  0%| F|  |TAMS 0x0000000090e00000, 0x0000000090e00000| Untracked 
| 271|0x0000000090f00000, 0x0000000090f00000, 0x0000000091000000|  0%| F|  |TAMS 0x0000000090f00000, 0x0000000090f00000| Untracked 
| 272|0x0000000091000000, 0x0000000091000000, 0x0000000091100000|  0%| F|  |TAMS 0x0000000091000000, 0x0000000091000000| Untracked 
| 273|0x0000000091100000, 0x0000000091100000, 0x0000000091200000|  0%| F|  |TAMS 0x0000000091100000, 0x0000000091100000| Untracked 
| 274|0x0000000091200000, 0x0000000091200000, 0x0000000091300000|  0%| F|  |TAMS 0x0000000091200000, 0x0000000091200000| Untracked 
| 275|0x0000000091300000, 0x0000000091300000, 0x0000000091400000|  0%| F|  |TAMS 0x0000000091300000, 0x0000000091300000| Untracked 
| 276|0x0000000091400000, 0x0000000091481a68, 0x0000000091500000| 50%| E|  |TAMS 0x0000000091400000, 0x0000000091400000| Complete 
| 277|0x0000000091500000, 0x0000000091600000, 0x0000000091600000|100%| E|CS|TAMS 0x0000000091500000, 0x0000000091500000| Complete 
| 278|0x0000000091600000, 0x0000000091700000, 0x0000000091700000|100%| E|CS|TAMS 0x0000000091600000, 0x0000000091600000| Complete 
| 279|0x0000000091700000, 0x0000000091800000, 0x0000000091800000|100%| E|CS|TAMS 0x0000000091700000, 0x0000000091700000| Complete 
| 280|0x0000000091800000, 0x0000000091900000, 0x0000000091900000|100%| E|CS|TAMS 0x0000000091800000, 0x0000000091800000| Complete 
| 281|0x0000000091900000, 0x0000000091a00000, 0x0000000091a00000|100%| E|CS|TAMS 0x0000000091900000, 0x0000000091900000| Complete 
| 282|0x0000000091a00000, 0x0000000091b00000, 0x0000000091b00000|100%| E|CS|TAMS 0x0000000091a00000, 0x0000000091a00000| Complete 
| 283|0x0000000091b00000, 0x0000000091c00000, 0x0000000091c00000|100%| E|CS|TAMS 0x0000000091b00000, 0x0000000091b00000| Complete 
| 284|0x0000000091c00000, 0x0000000091d00000, 0x0000000091d00000|100%| E|CS|TAMS 0x0000000091c00000, 0x0000000091c00000| Complete 
| 285|0x0000000091d00000, 0x0000000091e00000, 0x0000000091e00000|100%| E|CS|TAMS 0x0000000091d00000, 0x0000000091d00000| Complete 
| 286|0x0000000091e00000, 0x0000000091f00000, 0x0000000091f00000|100%| E|CS|TAMS 0x0000000091e00000, 0x0000000091e00000| Complete 
| 287|0x0000000091f00000, 0x0000000092000000, 0x0000000092000000|100%| E|CS|TAMS 0x0000000091f00000, 0x0000000091f00000| Complete 
| 288|0x0000000092000000, 0x0000000092100000, 0x0000000092100000|100%| E|CS|TAMS 0x0000000092000000, 0x0000000092000000| Complete 
| 289|0x0000000092100000, 0x0000000092200000, 0x0000000092200000|100%| E|CS|TAMS 0x0000000092100000, 0x0000000092100000| Complete 
| 290|0x0000000092200000, 0x0000000092300000, 0x0000000092300000|100%| E|CS|TAMS 0x0000000092200000, 0x0000000092200000| Complete 
| 291|0x0000000092300000, 0x0000000092400000, 0x0000000092400000|100%| E|CS|TAMS 0x0000000092300000, 0x0000000092300000| Complete 
| 292|0x0000000092400000, 0x0000000092500000, 0x0000000092500000|100%| E|CS|TAMS 0x0000000092400000, 0x0000000092400000| Complete 
| 293|0x0000000092500000, 0x0000000092600000, 0x0000000092600000|100%| E|CS|TAMS 0x0000000092500000, 0x0000000092500000| Complete 
| 294|0x0000000092600000, 0x0000000092700000, 0x0000000092700000|100%| E|CS|TAMS 0x0000000092600000, 0x0000000092600000| Complete 
| 295|0x0000000092700000, 0x0000000092800000, 0x0000000092800000|100%| E|CS|TAMS 0x0000000092700000, 0x0000000092700000| Complete 
| 296|0x0000000092800000, 0x0000000092900000, 0x0000000092900000|100%| E|CS|TAMS 0x0000000092800000, 0x0000000092800000| Complete 
| 297|0x0000000092900000, 0x0000000092a00000, 0x0000000092a00000|100%| E|CS|TAMS 0x0000000092900000, 0x0000000092900000| Complete 
| 298|0x0000000092a00000, 0x0000000092b00000, 0x0000000092b00000|100%| E|CS|TAMS 0x0000000092a00000, 0x0000000092a00000| Complete 

Card table byte_map: [0x0000015ca7770000,0x0000015ca7b70000] _byte_map_base: 0x0000015ca7370000

Marking Bits (Prev, Next): (CMBitMap*) 0x0000015c94bcb070, (CMBitMap*) 0x0000015c94bcb030
 Prev Bits: [0x0000015ca9f70000, 0x0000015cabf70000)
 Next Bits: [0x0000015ca7f70000, 0x0000015ca9f70000)

Polling page: 0x0000015c94320000

Metaspace:

Usage:
  Non-class:    111.31 MB used.
      Class:     16.95 MB used.
       Both:    128.26 MB used.

Virtual space:
  Non-class space:      128.00 MB reserved,     111.81 MB ( 87%) committed,  2 nodes.
      Class space:        1.00 GB reserved,      17.50 MB (  2%) committed,  1 nodes.
             Both:        1.12 GB reserved,     129.31 MB ( 11%) committed. 

Chunk freelists:
   Non-Class:  192.00 KB
       Class:  14.55 MB
        Both:  14.74 MB

MaxMetaspaceSize: unlimited
CompressedClassSpaceSize: 1.00 GB
Initial GC threshold: 21.00 MB
Current GC threshold: 163.88 MB
CDS: off
MetaspaceReclaimPolicy: balanced
 - commit_granule_bytes: 65536.
 - commit_granule_words: 8192.
 - virtual_space_node_default_size: 8388608.
 - enlarge_chunks_in_place: 1.
 - new_chunks_are_fully_committed: 0.
 - uncommit_free_chunks: 1.
 - use_allocation_guard: 0.
 - handle_deallocations: 1.


Internal statistics:

num_allocs_failed_limit: 3.
num_arena_births: 1752.
num_arena_deaths: 0.
num_vsnodes_births: 3.
num_vsnodes_deaths: 0.
num_space_committed: 2067.
num_space_uncommitted: 0.
num_chunks_returned_to_freelist: 3.
num_chunks_taken_from_freelist: 7178.
num_chunk_merges: 0.
num_chunk_splits: 4575.
num_chunks_enlarged: 2831.
num_inconsistent_stats: 0.

CodeHeap 'non-profiled nmethods': size=120000Kb used=8580Kb max_used=8580Kb free=111419Kb
 bounds [0x0000015c9fb10000, 0x0000015ca0380000, 0x0000015ca7040000]
CodeHeap 'profiled nmethods': size=120000Kb used=27024Kb max_used=27024Kb free=92975Kb
 bounds [0x0000015c98040000, 0x0000015c99ab0000, 0x0000015c9f570000]
CodeHeap 'non-nmethods': size=5760Kb used=2461Kb max_used=2523Kb free=3298Kb
 bounds [0x0000015c9f570000, 0x0000015c9f800000, 0x0000015c9fb10000]
 total_blobs=14545 nmethods=13541 adapters=916
 compilation: enabled
              stopped_count=0, restarted_count=0
 full_count=0

Compilation events (20 events):
Event: 1063.902 Thread 0x0000015caeb4c980 15794       2       org.gradle.api.internal.file.DefaultFileCollectionFactory::resolving (33 bytes)
Event: 1063.902 Thread 0x0000015caeb4c980 nmethod 15794 0x0000015c99a9fd10 code [0x0000015c99a9fee0, 0x0000015c99aa01c8]
Event: 1063.904 Thread 0x0000015caeb4c980 15795       2       org.gradle.internal.reflect.validation.ReplayingTypeValidationContext::<init> (16 bytes)
Event: 1063.904 Thread 0x0000015caeb4c980 nmethod 15795 0x0000015c99aa0310 code [0x0000015c99aa04a0, 0x0000015c99aa06d8]
Event: 1063.907 Thread 0x0000015caeb4c980 15797       2       org.gradle.internal.reflect.annotations.impl.DefaultTypeAnnotationMetadataStore$$Lambda$1371/0x0000000100cfa708::test (12 bytes)
Event: 1063.907 Thread 0x0000015caeb4c980 nmethod 15797 0x0000015c99aa0790 code [0x0000015c99aa0940, 0x0000015c99aa0aa8]
Event: 1063.907 Thread 0x0000015caeb4c980 15798       2       org.gradle.internal.reflect.annotations.impl.DefaultTypeAnnotationMetadataStore::lambda$mergePropertiesAndFieldMetadata$5 (50 bytes)
Event: 1063.908 Thread 0x0000015caeb4c980 nmethod 15798 0x0000015c99aa0b90 code [0x0000015c99aa0d60, 0x0000015c99aa0fe8]
Event: 1063.910 Thread 0x0000015caeb4c980 15799       2       java.util.TimSort::mergeHi (732 bytes)
Event: 1063.911 Thread 0x0000015caeb4c980 nmethod 15799 0x0000015c99aa1190 code [0x0000015c99aa1480, 0x0000015c99aa2dd8]
Event: 1063.913 Thread 0x0000015caeb4c980 15800       2       org.gradle.internal.reflect.annotations.impl.DefaultTypeAnnotationMetadataStore$$Lambda$641/0x000000010065d6d8::visitType (18 bytes)
Event: 1063.913 Thread 0x0000015caeb4c980 nmethod 15800 0x0000015c99aa3510 code [0x0000015c99aa36a0, 0x0000015c99aa37e8]
Event: 1063.914 Thread 0x0000015caeb4c980 15801       2       com.google.common.base.Suppliers::memoize (43 bytes)
Event: 1063.914 Thread 0x0000015caeb4c980 nmethod 15801 0x0000015c99aa3910 code [0x0000015c99aa3ae0, 0x0000015c99aa3f58]
Event: 1063.914 Thread 0x0000015caeb4c980 15802       2       com.google.common.base.Suppliers$NonSerializableMemoizingSupplier::<init> (16 bytes)
Event: 1063.915 Thread 0x0000015caeb4c980 nmethod 15802 0x0000015c99aa4110 code [0x0000015c99aa42c0, 0x0000015c99aa4528]
Event: 1063.915 Thread 0x0000015caeb4c980 15803       2       org.gradle.internal.properties.annotations.AbstractTypeMetadataWalker$InstanceTypeMetadataWalker::walkLeaf (21 bytes)
Event: 1063.915 Thread 0x0000015caeb4c980 nmethod 15803 0x0000015c99aa4610 code [0x0000015c99aa47c0, 0x0000015c99aa49d8]
Event: 1063.918 Thread 0x0000015caeb4c980 15804       2       org.objectweb.asm.ClassWriter::visitAnnotation (40 bytes)
Event: 1063.918 Thread 0x0000015caeb4c980 nmethod 15804 0x0000015c99aa4c10 code [0x0000015c99aa4dc0, 0x0000015c99aa5018]

GC Heap History (20 events):
Event: 79.924 GC heap before
{Heap before GC invocations=97 (full 0):
 garbage-first heap   total 254976K, used 218152K [0x0000000080000000, 0x0000000100000000)
  region size 1024K, 23 young (23552K), 4 survivors (4096K)
 Metaspace       used 123311K, committed 124288K, reserved 1179648K
  class space    used 16496K, committed 16960K, reserved 1048576K
}
Event: 79.928 GC heap after
{Heap after GC invocations=98 (full 0):
 garbage-first heap   total 254976K, used 201203K [0x0000000080000000, 0x0000000100000000)
  region size 1024K, 3 young (3072K), 3 survivors (3072K)
 Metaspace       used 123311K, committed 124288K, reserved 1179648K
  class space    used 16496K, committed 16960K, reserved 1048576K
}
Event: 80.312 GC heap before
{Heap before GC invocations=98 (full 0):
 garbage-first heap   total 254976K, used 218611K [0x0000000080000000, 0x0000000100000000)
  region size 1024K, 21 young (21504K), 3 survivors (3072K)
 Metaspace       used 124566K, committed 125632K, reserved 1179648K
  class space    used 16659K, committed 17152K, reserved 1048576K
}
Event: 80.316 GC heap after
{Heap after GC invocations=99 (full 0):
 garbage-first heap   total 254976K, used 203124K [0x0000000080000000, 0x0000000100000000)
  region size 1024K, 2 young (2048K), 2 survivors (2048K)
 Metaspace       used 124566K, committed 125632K, reserved 1179648K
  class space    used 16659K, committed 17152K, reserved 1048576K
}
Event: 80.669 GC heap before
{Heap before GC invocations=99 (full 0):
 garbage-first heap   total 254976K, used 218484K [0x0000000080000000, 0x0000000100000000)
  region size 1024K, 18 young (18432K), 2 survivors (2048K)
 Metaspace       used 126053K, committed 127104K, reserved 1179648K
  class space    used 16802K, committed 17280K, reserved 1048576K
}
Event: 80.677 GC heap after
{Heap after GC invocations=100 (full 0):
 garbage-first heap   total 254976K, used 203337K [0x0000000080000000, 0x0000000100000000)
  region size 1024K, 1 young (1024K), 1 survivors (1024K)
 Metaspace       used 126053K, committed 127104K, reserved 1179648K
  class space    used 16802K, committed 17280K, reserved 1048576K
}
Event: 80.951 GC heap before
{Heap before GC invocations=100 (full 0):
 garbage-first heap   total 254976K, used 219721K [0x0000000080000000, 0x0000000100000000)
  region size 1024K, 18 young (18432K), 1 survivors (1024K)
 Metaspace       used 128336K, committed 129408K, reserved 1179648K
  class space    used 17017K, committed 17536K, reserved 1048576K
}
Event: 80.952 GC heap after
{Heap after GC invocations=101 (full 0):
 garbage-first heap   total 254976K, used 203464K [0x0000000080000000, 0x0000000100000000)
  region size 1024K, 1 young (1024K), 1 survivors (1024K)
 Metaspace       used 128336K, committed 129408K, reserved 1179648K
  class space    used 17017K, committed 17536K, reserved 1048576K
}
Event: 718.434 GC heap before
{Heap before GC invocations=101 (full 0):
 garbage-first heap   total 254976K, used 221896K [0x0000000080000000, 0x0000000100000000)
  region size 1024K, 19 young (19456K), 1 survivors (1024K)
 Metaspace       used 128868K, committed 129920K, reserved 1179648K
  class space    used 17042K, committed 17536K, reserved 1048576K
}
Event: 718.489 GC heap after
{Heap after GC invocations=102 (full 0):
 garbage-first heap   total 254976K, used 203509K [0x0000000080000000, 0x0000000100000000)
  region size 1024K, 1 young (1024K), 1 survivors (1024K)
 Metaspace       used 128868K, committed 129920K, reserved 1179648K
  class space    used 17042K, committed 17536K, reserved 1048576K
}
Event: 1061.157 GC heap before
{Heap before GC invocations=102 (full 0):
 garbage-first heap   total 254976K, used 222965K [0x0000000080000000, 0x0000000100000000)
  region size 1024K, 20 young (20480K), 1 survivors (1024K)
 Metaspace       used 128989K, committed 129984K, reserved 1179648K
  class space    used 17055K, committed 17536K, reserved 1048576K
}
Event: 1061.166 GC heap after
{Heap after GC invocations=103 (full 0):
 garbage-first heap   total 254976K, used 203978K [0x0000000080000000, 0x0000000100000000)
  region size 1024K, 1 young (1024K), 1 survivors (1024K)
 Metaspace       used 128989K, committed 129984K, reserved 1179648K
  class space    used 17055K, committed 17536K, reserved 1048576K
}
Event: 1062.145 GC heap before
{Heap before GC invocations=103 (full 0):
 garbage-first heap   total 254976K, used 224458K [0x0000000080000000, 0x0000000100000000)
  region size 1024K, 21 young (21504K), 1 survivors (1024K)
 Metaspace       used 129227K, committed 130240K, reserved 1179648K
  class space    used 17083K, committed 17600K, reserved 1048576K
}
Event: 1062.169 GC heap after
{Heap after GC invocations=104 (full 0):
 garbage-first heap   total 254976K, used 207419K [0x0000000080000000, 0x0000000100000000)
  region size 1024K, 3 young (3072K), 3 survivors (3072K)
 Metaspace       used 129227K, committed 130240K, reserved 1179648K
  class space    used 17083K, committed 17600K, reserved 1048576K
}
Event: 1062.768 GC heap before
{Heap before GC invocations=104 (full 0):
 garbage-first heap   total 254976K, used 222779K [0x0000000080000000, 0x0000000100000000)
  region size 1024K, 18 young (18432K), 3 survivors (3072K)
 Metaspace       used 129621K, committed 130752K, reserved 1179648K
  class space    used 17124K, committed 17664K, reserved 1048576K
}
Event: 1062.783 GC heap after
{Heap after GC invocations=105 (full 0):
 garbage-first heap   total 254976K, used 210063K [0x0000000080000000, 0x0000000100000000)
  region size 1024K, 3 young (3072K), 3 survivors (3072K)
 Metaspace       used 129621K, committed 130752K, reserved 1179648K
  class space    used 17124K, committed 17664K, reserved 1048576K
}
Event: 1063.227 GC heap before
{Heap before GC invocations=105 (full 0):
 garbage-first heap   total 254976K, used 223375K [0x0000000080000000, 0x0000000100000000)
  region size 1024K, 16 young (16384K), 3 survivors (3072K)
 Metaspace       used 130007K, committed 131136K, reserved 1179648K
  class space    used 17178K, committed 17728K, reserved 1048576K
}
Event: 1063.237 GC heap after
{Heap after GC invocations=106 (full 0):
 garbage-first heap   total 254976K, used 212128K [0x0000000080000000, 0x0000000100000000)
  region size 1024K, 2 young (2048K), 2 survivors (2048K)
 Metaspace       used 130007K, committed 131136K, reserved 1179648K
  class space    used 17178K, committed 17728K, reserved 1048576K
}
Event: 1063.459 GC heap before
{Heap before GC invocations=106 (full 0):
 garbage-first heap   total 254976K, used 222368K [0x0000000080000000, 0x0000000100000000)
  region size 1024K, 13 young (13312K), 2 survivors (2048K)
 Metaspace       used 130403K, committed 131520K, reserved 1179648K
  class space    used 17235K, committed 17792K, reserved 1048576K
}
Event: 1063.468 GC heap after
{Heap after GC invocations=107 (full 0):
 garbage-first heap   total 306176K, used 213459K [0x0000000080000000, 0x0000000100000000)
  region size 1024K, 2 young (2048K), 2 survivors (2048K)
 Metaspace       used 130403K, committed 131520K, reserved 1179648K
  class space    used 17235K, committed 17792K, reserved 1048576K
}

Dll operation events (3 events):
Event: 0.024 Loaded shared library C:\Program Files\Android\Android Studio\jbr\bin\java.dll
Event: 0.442 Loaded shared library C:\Program Files\Android\Android Studio\jbr\bin\zip.dll
Event: 1.554 Loaded shared library C:\Program Files\Android\Android Studio\jbr\bin\verify.dll

Deoptimization events (20 events):
Event: 1063.583 Thread 0x0000015cb8a168c0 DEOPT PACKING pc=0x0000015ca0369e8c sp=0x0000002d00df9340
Event: 1063.584 Thread 0x0000015cb8a168c0 DEOPT UNPACKING pc=0x0000015c9f5c69a3 sp=0x0000002d00df92d8 mode 2
Event: 1063.656 Thread 0x0000015cb8a168c0 Uncommon trap: trap_request=0xffffff45 fr.pc=0x0000015c9fb3e464 relative=0x0000000000000064
Event: 1063.656 Thread 0x0000015cb8a168c0 Uncommon trap: reason=unstable_if action=reinterpret pc=0x0000015c9fb3e464 method=java.io.WinNTFileSystem.isSlash(C)Z @ 9 c2
Event: 1063.656 Thread 0x0000015cb8a168c0 DEOPT PACKING pc=0x0000015c9fb3e464 sp=0x0000002d00df90d0
Event: 1063.656 Thread 0x0000015cb8a168c0 DEOPT UNPACKING pc=0x0000015c9f5c69a3 sp=0x0000002d00df9058 mode 2
Event: 1063.685 Thread 0x0000015cb8a168c0 Uncommon trap: trap_request=0xffffffc6 fr.pc=0x0000015c9fefa19c relative=0x000000000000091c
Event: 1063.685 Thread 0x0000015cb8a168c0 Uncommon trap: reason=bimorphic_or_optimized_type_check action=maybe_recompile pc=0x0000015c9fefa19c method=java.io.BufferedInputStream.read1([BII)I @ 39 c2
Event: 1063.685 Thread 0x0000015cb8a168c0 DEOPT PACKING pc=0x0000015c9fefa19c sp=0x0000002d00df9640
Event: 1063.685 Thread 0x0000015cb8a168c0 DEOPT UNPACKING pc=0x0000015c9f5c69a3 sp=0x0000002d00df9558 mode 2
Event: 1063.686 Thread 0x0000015cb8a168c0 Uncommon trap: trap_request=0xffffffc6 fr.pc=0x0000015c9fefa19c relative=0x000000000000091c
Event: 1063.686 Thread 0x0000015cb8a168c0 Uncommon trap: reason=bimorphic_or_optimized_type_check action=maybe_recompile pc=0x0000015c9fefa19c method=java.io.BufferedInputStream.read1([BII)I @ 39 c2
Event: 1063.686 Thread 0x0000015cb8a168c0 DEOPT PACKING pc=0x0000015c9fefa19c sp=0x0000002d00df9640
Event: 1063.686 Thread 0x0000015cb8a168c0 DEOPT UNPACKING pc=0x0000015c9f5c69a3 sp=0x0000002d00df9558 mode 2
Event: 1063.712 Thread 0x0000015cb8a168c0 Uncommon trap: trap_request=0xffffff45 fr.pc=0x0000015c9fc0d5c8 relative=0x00000000000000a8
Event: 1063.712 Thread 0x0000015cb8a168c0 Uncommon trap: reason=unstable_if action=reinterpret pc=0x0000015c9fc0d5c8 method=java.lang.CharacterDataLatin1.digit(II)I @ 12 c2
Event: 1063.713 Thread 0x0000015cb8a168c0 DEOPT PACKING pc=0x0000015c9fc0d5c8 sp=0x0000002d00df8e00
Event: 1063.713 Thread 0x0000015cb8a168c0 DEOPT UNPACKING pc=0x0000015c9f5c69a3 sp=0x0000002d00df8d78 mode 2
Event: 1063.796 Thread 0x0000015cb8a168c0 DEOPT PACKING pc=0x0000015c98ffba2c sp=0x0000002d00df96a0
Event: 1063.796 Thread 0x0000015cb8a168c0 DEOPT UNPACKING pc=0x0000015c9f5c7143 sp=0x0000002d00df8bc0 mode 0

Classes unloaded (0 events):
No events

Classes redefined (0 events):
No events

Internal exceptions (20 events):
Event: 1061.529 Thread 0x0000015cb8a19140 Exception <a 'java/lang/NoSuchMethodError'{0x000000008f3e90a0}: static Lorg/gradle/internal/build/event/types/DefaultOperationStartedProgressEvent;.<clinit>()V> (0x000000008f3e90a0) 
thrown [s\src\hotspot\share\prims\jni.cpp, line 1108]
Event: 1061.541 Thread 0x0000015cb8a19140 Exception <a 'java/lang/NoSuchMethodError'{0x000000008f3f9c10}: static Lorg/gradle/internal/build/event/types/DefaultProjectConfigurationDescriptor;.<clinit>()V> (0x000000008f3f9c10) 
thrown [s\src\hotspot\share\prims\jni.cpp, line 1108]
Event: 1061.541 Thread 0x0000015cb8a19140 Exception <a 'java/lang/NoSuchMethodError'{0x000000008f3fbf38}: static Lorg/gradle/internal/build/event/types/DefaultOperationDescriptor;.<clinit>()V> (0x000000008f3fbf38) 
thrown [s\src\hotspot\share\prims\jni.cpp, line 1108]
Event: 1062.231 Thread 0x0000015cb8a168c0 Exception <a 'java/lang/NoSuchMethodError'{0x000000008f3f8d78}: 'long java.lang.invoke.DirectMethodHandle$Holder.invokeVirtual(java.lang.Object, java.lang.Object)'> (0x000000008f3f8d78) 
thrown [s\src\hotspot\share\interpreter\linkResolver.cpp, line 771]
Event: 1062.245 Thread 0x0000015cb8a19140 Exception <a 'java/lang/NoSuchMethodError'{0x000000008f22e3b8}: static Lorg/gradle/internal/build/event/types/DefaultOperationFinishedProgressEvent;.<clinit>()V> (0x000000008f22e3b8) 
thrown [s\src\hotspot\share\prims\jni.cpp, line 1108]
Event: 1062.249 Thread 0x0000015cb8a19140 Exception <a 'java/lang/NoSuchMethodError'{0x000000008f272fa0}: static Lorg/gradle/internal/build/event/types/DefaultProjectConfigurationSuccessResult;.<clinit>()V> (0x000000008f272fa0) 
thrown [s\src\hotspot\share\prims\jni.cpp, line 1108]
Event: 1062.250 Thread 0x0000015cb8a19140 Exception <a 'java/lang/NoSuchMethodError'{0x000000008f274058}: static Lorg/gradle/internal/build/event/types/AbstractProjectConfigurationResult;.<clinit>()V> (0x000000008f274058) 
thrown [s\src\hotspot\share\prims\jni.cpp, line 1108]
Event: 1062.250 Thread 0x0000015cb8a19140 Exception <a 'java/lang/NoSuchMethodError'{0x000000008f275580}: static Lorg/gradle/internal/build/event/types/AbstractOperationResult;.<clinit>()V> (0x000000008f275580) 
thrown [s\src\hotspot\share\prims\jni.cpp, line 1108]
Event: 1062.252 Thread 0x0000015cb8a19140 Exception <a 'java/lang/NoSuchMethodError'{0x000000008f27eda8}: static Lorg/gradle/internal/build/event/types/DefaultPluginApplicationResult;.<clinit>()V> (0x000000008f27eda8) 
thrown [s\src\hotspot\share\prims\jni.cpp, line 1108]
Event: 1062.255 Thread 0x0000015cb8a19140 Exception <a 'java/lang/NoSuchMethodError'{0x000000008f2b2da8}: static Lorg/gradle/internal/build/event/types/DefaultBinaryPluginIdentifier;.<clinit>()V> (0x000000008f2b2da8) 
thrown [s\src\hotspot\share\prims\jni.cpp, line 1108]
Event: 1062.279 Thread 0x0000015cb8a19140 Exception <a 'java/lang/NoSuchMethodError'{0x000000008f163218}: static Lorg/gradle/internal/build/event/types/DefaultScriptPluginIdentifier;.<clinit>()V> (0x000000008f163218) 
thrown [s\src\hotspot\share\prims\jni.cpp, line 1108]
Event: 1062.549 Thread 0x0000015cb8a168c0 Exception <a 'sun/nio/fs/WindowsException'{0x000000008ed2cc30}> (0x000000008ed2cc30) 
thrown [s\src\hotspot\share\prims\jni.cpp, line 517]
Event: 1063.398 Thread 0x0000015cb8a168c0 Exception <a 'java/lang/NoSuchMethodError'{0x000000008f0a2c28}: 'java.lang.Object java.lang.invoke.DirectMethodHandle$Holder.newInvokeSpecial(java.lang.Object, java.lang.Object, java.lang.Object, java.lang.Object, java.lang.Object, java.lang.Object, int)'> (0x000000008f0a2c28) 
thrown [s\src\hotspot\share\interpreter\linkResolver.cpp, line 771]
Event: 1063.398 Thread 0x0000015cb8a168c0 Exception <a 'java/lang/NoSuchMethodError'{0x000000008f0a8660}: 'java.lang.Object java.lang.invoke.DirectMethodHandle$Holder.invokeSpecial(java.lang.Object, java.lang.Object, java.lang.Object, java.lang.Object, java.lang.Object, java.lang.Object, java.lang.Object, int)'> (0x000000008f0a8660) 
thrown [s\src\hotspot\share\interpreter\linkResolver.cpp, line 771]
Event: 1063.398 Thread 0x0000015cb8a168c0 Exception <a 'java/lang/NoSuchMethodError'{0x000000008f0ada38}: 'java.lang.Object java.lang.invoke.Invokers$Holder.linkToTargetMethod(java.lang.Object, java.lang.Object, java.lang.Object, java.lang.Object, java.lang.Object, int, java.lang.Object)'> (0x000000008f0ada38) 
thrown [s\src\hotspot\share\interpreter\linkResolver.cpp, line 771]
Event: 1063.673 Thread 0x0000015cb8a168c0 Exception <a 'sun/nio/fs/WindowsException'{0x0000000092168900}> (0x0000000092168900) 
thrown [s\src\hotspot\share\prims\jni.cpp, line 517]
Event: 1063.685 Thread 0x0000015cb8a168c0 Exception <a 'sun/nio/fs/WindowsException'{0x0000000092171da0}> (0x0000000092171da0) 
thrown [s\src\hotspot\share\prims\jni.cpp, line 517]
Event: 1063.685 Thread 0x0000015cb8a168c0 Exception <a 'sun/nio/fs/WindowsException'{0x0000000092173138}> (0x0000000092173138) 
thrown [s\src\hotspot\share\prims\jni.cpp, line 517]
Event: 1063.685 Thread 0x0000015cb8a168c0 Exception <a 'sun/nio/fs/WindowsException'{0x0000000092174520}> (0x0000000092174520) 
thrown [s\src\hotspot\share\prims\jni.cpp, line 517]
Event: 1063.685 Thread 0x0000015cb8a168c0 Exception <a 'sun/nio/fs/WindowsException'{0x0000000092175908}> (0x0000000092175908) 
thrown [s\src\hotspot\share\prims\jni.cpp, line 517]

VM Operations (20 events):
Event: 896.839 Executing VM operation: Cleanup
Event: 896.839 Executing VM operation: Cleanup done
Event: 1037.051 Executing VM operation: Cleanup
Event: 1037.051 Executing VM operation: Cleanup done
Event: 1047.122 Executing VM operation: Cleanup
Event: 1047.122 Executing VM operation: Cleanup done
Event: 1061.157 Executing VM operation: G1CollectForAllocation
Event: 1061.166 Executing VM operation: G1CollectForAllocation done
Event: 1061.908 Executing VM operation: ICBufferFull
Event: 1061.909 Executing VM operation: ICBufferFull done
Event: 1062.145 Executing VM operation: G1CollectForAllocation
Event: 1062.169 Executing VM operation: G1CollectForAllocation done
Event: 1062.768 Executing VM operation: G1CollectForAllocation
Event: 1062.783 Executing VM operation: G1CollectForAllocation done
Event: 1063.227 Executing VM operation: G1CollectForAllocation
Event: 1063.237 Executing VM operation: G1CollectForAllocation done
Event: 1063.459 Executing VM operation: G1CollectForAllocation
Event: 1063.468 Executing VM operation: G1CollectForAllocation done
Event: 1063.911 Executing VM operation: ICBufferFull
Event: 1063.911 Executing VM operation: ICBufferFull done

Events (20 events):
Event: 1062.448 Thread 0x0000015cb8a163b0 Thread added: 0x0000015cb8a163b0
Event: 1062.633 Thread 0x0000015cb8a16dd0 Thread added: 0x0000015cb8a16dd0
Event: 1062.641 loading class java/time/Clock
Event: 1062.642 loading class java/time/InstantSource
Event: 1062.642 loading class java/time/InstantSource done
Event: 1062.643 loading class java/time/Clock done
Event: 1062.643 loading class java/time/Clock$SystemClock
Event: 1062.643 loading class java/time/Clock$SystemClock done
Event: 1062.645 loading class java/time/format/DateTimePrintContext
Event: 1062.646 loading class java/time/format/DateTimePrintContext done
Event: 1062.646 loading class java/time/temporal/WeekFields
Event: 1062.648 loading class java/time/temporal/WeekFields done
Event: 1062.648 loading class java/time/temporal/WeekFields$ComputedDayOfField
Event: 1062.650 loading class java/time/temporal/WeekFields$ComputedDayOfField done
Event: 1062.652 loading class java/time/Month$1
Event: 1062.653 loading class java/time/Month$1 done
Event: 1062.653 loading class java/time/format/DateTimeFormatterBuilder$2
Event: 1062.654 loading class java/time/format/DateTimeFormatterBuilder$2 done
Event: 1062.654 loading class java/time/LocalTime$1
Event: 1062.654 loading class java/time/LocalTime$1 done


Dynamic libraries:
0x00007ff770da0000 - 0x00007ff770daa000 	C:\Program Files\Android\Android Studio\jbr\bin\java.exe
0x00007ffc03e10000 - 0x00007ffc04027000 	C:\WINDOWS\SYSTEM32\ntdll.dll
0x00007ffc02c60000 - 0x00007ffc02d24000 	C:\WINDOWS\System32\KERNEL32.DLL
0x00007ffc01600000 - 0x00007ffc019ad000 	C:\WINDOWS\System32\KERNELBASE.dll
0x00007ffc01300000 - 0x00007ffc01411000 	C:\WINDOWS\System32\ucrtbase.dll
0x00007ffbfc490000 - 0x00007ffbfc4a7000 	C:\Program Files\Android\Android Studio\jbr\bin\jli.dll
0x00007ffbd7be0000 - 0x00007ffbd7bfb000 	C:\Program Files\Android\Android Studio\jbr\bin\VCRUNTIME140.dll
0x00007ffc02030000 - 0x00007ffc021de000 	C:\WINDOWS\System32\USER32.dll
0x00007ffc01560000 - 0x00007ffc01586000 	C:\WINDOWS\System32\win32u.dll
0x00007ffbe3860000 - 0x00007ffbe3af3000 	C:\WINDOWS\WinSxS\amd64_microsoft.windows.common-controls_6595b64144ccf1df_6.0.22621.3672_none_2713b9d173822955\COMCTL32.dll
0x00007ffc032c0000 - 0x00007ffc032e9000 	C:\WINDOWS\System32\GDI32.dll
0x00007ffc01e50000 - 0x00007ffc01ef7000 	C:\WINDOWS\System32\msvcrt.dll
0x00007ffc011e0000 - 0x00007ffc012f9000 	C:\WINDOWS\System32\gdi32full.dll
0x00007ffc01140000 - 0x00007ffc011da000 	C:\WINDOWS\System32\msvcp_win.dll
0x00007ffc02c10000 - 0x00007ffc02c41000 	C:\WINDOWS\System32\IMM32.DLL
0x00007ffbe6a30000 - 0x00007ffbe6a3c000 	C:\Program Files\Android\Android Studio\jbr\bin\vcruntime140_1.dll
0x00007ffb8a370000 - 0x00007ffb8a3fd000 	C:\Program Files\Android\Android Studio\jbr\bin\msvcp140.dll
0x00007ffb882f0000 - 0x00007ffb88f73000 	C:\Program Files\Android\Android Studio\jbr\bin\server\jvm.dll
0x00007ffc02a50000 - 0x00007ffc02b02000 	C:\WINDOWS\System32\ADVAPI32.dll
0x00007ffc01bf0000 - 0x00007ffc01c99000 	C:\WINDOWS\System32\sechost.dll
0x00007ffc01b20000 - 0x00007ffc01b48000 	C:\WINDOWS\System32\bcrypt.dll
0x00007ffc03c30000 - 0x00007ffc03d44000 	C:\WINDOWS\System32\RPCRT4.dll
0x00007ffbe5c00000 - 0x00007ffbe5c09000 	C:\WINDOWS\SYSTEM32\WSOCK32.dll
0x00007ffc03d50000 - 0x00007ffc03dc1000 	C:\WINDOWS\System32\WS2_32.dll
0x00007ffc01000000 - 0x00007ffc0104d000 	C:\WINDOWS\SYSTEM32\POWRPROF.dll
0x00007ffbfad90000 - 0x00007ffbfadc4000 	C:\WINDOWS\SYSTEM32\WINMM.dll
0x00007ffbf70b0000 - 0x00007ffbf70ba000 	C:\WINDOWS\SYSTEM32\VERSION.dll
0x00007ffc00f30000 - 0x00007ffc00f43000 	C:\WINDOWS\SYSTEM32\UMPDC.dll
0x00007ffc00170000 - 0x00007ffc00188000 	C:\WINDOWS\SYSTEM32\kernel.appcore.dll
0x00007ffbbc740000 - 0x00007ffbbc74a000 	C:\Program Files\Android\Android Studio\jbr\bin\jimage.dll
0x00007ffbf7ce0000 - 0x00007ffbf7f12000 	C:\WINDOWS\SYSTEM32\DBGHELP.DLL
0x00007ffc02e10000 - 0x00007ffc03198000 	C:\WINDOWS\System32\combase.dll
0x00007ffc02d30000 - 0x00007ffc02e07000 	C:\WINDOWS\System32\OLEAUT32.dll
0x00007ffbe3bf0000 - 0x00007ffbe3c22000 	C:\WINDOWS\SYSTEM32\dbgcore.DLL
0x00007ffc01420000 - 0x00007ffc0149b000 	C:\WINDOWS\System32\bcryptPrimitives.dll
0x00007ffbfc4b0000 - 0x00007ffbfc4be000 	C:\Program Files\Android\Android Studio\jbr\bin\instrument.dll
0x00007ffb882c0000 - 0x00007ffb882e5000 	C:\Program Files\Android\Android Studio\jbr\bin\java.dll
0x00007ffba0040000 - 0x00007ffba0058000 	C:\Program Files\Android\Android Studio\jbr\bin\zip.dll
0x00007ffc032f0000 - 0x00007ffc03b4f000 	C:\WINDOWS\System32\SHELL32.dll
0x00007ffbff090000 - 0x00007ffbff98c000 	C:\WINDOWS\SYSTEM32\windows.storage.dll
0x00007ffbfef50000 - 0x00007ffbff08f000 	C:\WINDOWS\SYSTEM32\wintypes.dll
0x00007ffc031c0000 - 0x00007ffc032b4000 	C:\WINDOWS\System32\SHCORE.dll
0x00007ffc03bd0000 - 0x00007ffc03c2e000 	C:\WINDOWS\System32\shlwapi.dll
0x00007ffc01070000 - 0x00007ffc01091000 	C:\WINDOWS\SYSTEM32\profapi.dll
0x00007ffb882a0000 - 0x00007ffb882b9000 	C:\Program Files\Android\Android Studio\jbr\bin\net.dll
0x00007ffbfcd00000 - 0x00007ffbfce36000 	C:\WINDOWS\SYSTEM32\WINHTTP.dll
0x00007ffc005e0000 - 0x00007ffc00649000 	C:\WINDOWS\system32\mswsock.dll
0x00007ffb88280000 - 0x00007ffb88296000 	C:\Program Files\Android\Android Studio\jbr\bin\nio.dll
0x00007ffbfc4c0000 - 0x00007ffbfc4d0000 	C:\Program Files\Android\Android Studio\jbr\bin\verify.dll
0x00007ffb857d0000 - 0x00007ffb857f7000 	C:\Users\23480\.gradle\native\c067742578af261105cb4f569cf0c3c89f3d7b1fecec35dd04571415982c5e48\windows-amd64\native-platform.dll
0x00007ffb80900000 - 0x00007ffb80a44000 	C:\Users\23480\.gradle\native\38dada09dfb8b06ba9b0570ebf7e218e3eb74d4ef43ca46872605cf95ebc2f47\windows-amd64\native-platform-file-events.dll
0x00007ffb87e50000 - 0x00007ffb87e59000 	C:\Program Files\Android\Android Studio\jbr\bin\management.dll
0x00007ffb87e40000 - 0x00007ffb87e4b000 	C:\Program Files\Android\Android Studio\jbr\bin\management_ext.dll
0x00007ffc01be0000 - 0x00007ffc01be8000 	C:\WINDOWS\System32\PSAPI.DLL
0x00007ffc00840000 - 0x00007ffc0085b000 	C:\WINDOWS\SYSTEM32\CRYPTSP.dll
0x00007ffc000d0000 - 0x00007ffc00105000 	C:\WINDOWS\system32\rsaenh.dll
0x00007ffc006e0000 - 0x00007ffc00708000 	C:\WINDOWS\SYSTEM32\USERENV.dll
0x00007ffc00860000 - 0x00007ffc0086c000 	C:\WINDOWS\SYSTEM32\CRYPTBASE.dll
0x00007ffbffbf0000 - 0x00007ffbffc1d000 	C:\WINDOWS\SYSTEM32\IPHLPAPI.DLL
0x00007ffc02c50000 - 0x00007ffc02c59000 	C:\WINDOWS\System32\NSI.dll
0x00007ffbfcce0000 - 0x00007ffbfccf9000 	C:\WINDOWS\SYSTEM32\dhcpcsvc6.DLL
0x00007ffbfcb40000 - 0x00007ffbfcb5f000 	C:\WINDOWS\SYSTEM32\dhcpcsvc.DLL
0x00007ffbffc20000 - 0x00007ffbffd18000 	C:\WINDOWS\SYSTEM32\DNSAPI.dll
0x00007ffb8a6e0000 - 0x00007ffb8a6e9000 	C:\Program Files\Android\Android Studio\jbr\bin\extnet.dll
0x00007ffbb0c30000 - 0x00007ffbb0c38000 	C:\WINDOWS\system32\wshunix.dll
0x00007ffbd6d20000 - 0x00007ffbd6d37000 	C:\WINDOWS\system32\napinsp.dll
0x00007ffbd6d00000 - 0x00007ffbd6d1b000 	C:\WINDOWS\system32\pnrpnsp.dll
0x00007ffbd6ce0000 - 0x00007ffbd6cf1000 	C:\WINDOWS\System32\winrnr.dll
0x00007ffbfb980000 - 0x00007ffbfb995000 	C:\WINDOWS\system32\wshbth.dll
0x00007ffbd6cb0000 - 0x00007ffbd6cd7000 	C:\WINDOWS\system32\nlansp_c.dll
0x00000000643d0000 - 0x00000000643f6000 	C:\Program Files\Bonjour\mdnsNSP.dll
0x00007ffbf8fa0000 - 0x00007ffbf8faa000 	C:\Windows\System32\rasadhlp.dll
0x00007ffbf97c0000 - 0x00007ffbf9843000 	C:\WINDOWS\System32\fwpuclnt.dll

dbghelp: loaded successfully - version: 4.0.5 - missing functions: none
symbol engine: initialized successfully - sym options: 0x614 - pdb path: .;C:\Program Files\Android\Android Studio\jbr\bin;C:\WINDOWS\SYSTEM32;C:\WINDOWS\WinSxS\amd64_microsoft.windows.common-controls_6595b64144ccf1df_6.0.22621.3672_none_2713b9d173822955;C:\Program Files\Android\Android Studio\jbr\bin\server;C:\Users\23480\.gradle\native\c067742578af261105cb4f569cf0c3c89f3d7b1fecec35dd04571415982c5e48\windows-amd64;C:\Users\23480\.gradle\native\38dada09dfb8b06ba9b0570ebf7e218e3eb74d4ef43ca46872605cf95ebc2f47\windows-amd64;C:\Program Files\Bonjour

VM Arguments:
jvm_args: --add-opens=java.base/java.util=ALL-UNNAMED --add-opens=java.base/java.lang=ALL-UNNAMED --add-opens=java.base/java.lang.invoke=ALL-UNNAMED --add-opens=java.prefs/java.util.prefs=ALL-UNNAMED --add-opens=java.base/java.nio.charset=ALL-UNNAMED --add-opens=java.base/java.net=ALL-UNNAMED --add-opens=java.base/java.util.concurrent.atomic=ALL-UNNAMED -Xmx2048m -Dfile.encoding=UTF-8 -Duser.country=US -Duser.language=en -Duser.variant -javaagent:C:\Users\23480\.gradle\wrapper\dists\gradle-8.7-bin\bhs2wmbdwecv87pi65oeuq5iu\gradle-8.7\lib\agents\gradle-instrumentation-agent-8.7.jar 
java_command: org.gradle.launcher.daemon.bootstrap.GradleDaemon 8.7
java_class_path (initial): C:\Users\23480\.gradle\wrapper\dists\gradle-8.7-bin\bhs2wmbdwecv87pi65oeuq5iu\gradle-8.7\lib\gradle-launcher-8.7.jar
Launcher Type: SUN_STANDARD

[Global flags]
     intx CICompilerCount                          = 4                                         {product} {ergonomic}
     uint ConcGCThreads                            = 2                                         {product} {ergonomic}
     uint G1ConcRefinementThreads                  = 8                                         {product} {ergonomic}
   size_t G1HeapRegionSize                         = 1048576                                   {product} {ergonomic}
    uintx GCDrainStackTargetSize                   = 64                                        {product} {ergonomic}
   size_t InitialHeapSize                          = 123731968                                 {product} {ergonomic}
   size_t MarkStackSize                            = 4194304                                   {product} {ergonomic}
   size_t MaxHeapSize                              = 2147483648                                {product} {command line}
   size_t MaxNewSize                               = 1287651328                                {product} {ergonomic}
   size_t MinHeapDeltaBytes                        = 1048576                                   {product} {ergonomic}
   size_t MinHeapSize                              = 8388608                                   {product} {ergonomic}
    uintx NonNMethodCodeHeapSize                   = 5839372                                {pd product} {ergonomic}
    uintx NonProfiledCodeHeapSize                  = 122909434                              {pd product} {ergonomic}
    uintx ProfiledCodeHeapSize                     = 122909434                              {pd product} {ergonomic}
    uintx ReservedCodeCacheSize                    = 251658240                              {pd product} {ergonomic}
     bool SegmentedCodeCache                       = true                                      {product} {ergonomic}
   size_t SoftMaxHeapSize                          = 2147483648                             {manageable} {ergonomic}
     bool UseCompressedClassPointers               = true                           {product lp64_product} {ergonomic}
     bool UseCompressedOops                        = true                           {product lp64_product} {ergonomic}
     bool UseG1GC                                  = true                                      {product} {ergonomic}
     bool UseLargePagesIndividualAllocation        = false                                  {pd product} {ergonomic}

Logging:
Log output configuration:
 #0: stdout all=warning uptime,level,tags
 #1: stderr all=off uptime,level,tags

Environment Variables:
PATH=C:\WINDOWS\system32;C:\WINDOWS;C:\WINDOWS\System32\Wbem;C:\WINDOWS\System32\WindowsPowerShell\v1.0\;C:\WINDOWS\System32\OpenSSH\;C:\Program Files\nodejs\;C:\Program Files\HP\HP One Agent;C:\Program Files\Git\cmd;C:\Users\23480\AppData\Local\Programs\Python\Python311\Scripts\;C:\Users\23480\AppData\Local\Programs\Python\Python311\;C:\Users\23480\AppData\Local\Microsoft\WindowsApps;C:\Users\23480\AppData\Local\atom\bin;C:\Users\23480\AppData\Local\Programs\Microsoft VS Code\bin;C:\Users\23480\AppData\Local\Microsoft\WindowsApps;;C:\Program Files\JetBrains\IntelliJ IDEA Community Edition 2023.2.1\bin;;C:\Users\23480\AppData\Roaming\npm
USERNAME=23480
OS=Windows_NT
PROCESSOR_IDENTIFIER=AMD64 Family 23 Model 104 Stepping 1, AuthenticAMD
TMP=C:\Users\23480\AppData\Local\Temp
TEMP=C:\Users\23480\AppData\Local\Temp



Periodic native trim disabled

JNI global refs:
JNI global refs: 27, weak refs: 11

JNI global refs memory usage: 843, weak refs: 841

OOME stack traces (most recent first):
Classloader memory used:
Loader org.gradle.internal.classloader.VisitableURLClassLoader                         : 5448K
Loader org.gradle.internal.classloader.VisitableURLClassLoader$InstrumentingVisitableURLClassLoader: 4851K
Loader bootstrap                                                                       : 3186K
Loader org.gradle.initialization.MixInLegacyTypesClassLoader                           : 1582K
Loader org.gradle.internal.classloader.VisitableURLClassLoader                         : 1053K
Loader jdk.internal.reflect.DelegatingClassLoader                                      : 186K
Loader jdk.internal.loader.ClassLoaders$PlatformClassLoader                            : 67282B
Loader jdk.internal.loader.ClassLoaders$AppClassLoader                                 : 28754B
Loader org.gradle.groovy.scripts.internal.DefaultScriptCompilationHandler$ScriptClassLoader: 10734B
Loader org.codehaus.groovy.runtime.callsite.CallSiteClassLoader                        : 6716B
Loader sun.reflect.misc.MethodUtil                                                     : 373B


[error occurred during error reporting (Classloader stats), id 0xe0000001, Out of Memory Error (s\src\hotspot\share\memory\arena.cpp:79)]


---------------  S Y S T E M  ---------------

OS:
 Windows 11 , 64 bit Build 22621 (10.0.22621.3672)
OS uptime: 0 days 0:19 hours

CPU: total 8 (initial active 8) (8 cores per cpu, 2 threads per core) family 23 model 104 stepping 1 microcode 0x0, cx8, cmov, fxsr, ht, mmx, 3dnowpref, sse, sse2, sse3, ssse3, sse4a, sse4.1, sse4.2, popcnt, lzcnt, tsc, tscinvbit, avx, avx2, aes, clmul, bmi1, bmi2, adx, sha, fma, vzeroupper, clflush, clflushopt
Processor Information for processor 0
  Max Mhz: 2600, Current Mhz: 2003, Mhz Limit: 2600
Processor Information for processor 1
  Max Mhz: 2600, Current Mhz: 2600, Mhz Limit: 2600
Processor Information for processor 2
  Max Mhz: 2600, Current Mhz: 2600, Mhz Limit: 2600
Processor Information for processor 3
  Max Mhz: 2600, Current Mhz: 2600, Mhz Limit: 2600
Processor Information for processor 4
  Max Mhz: 2600, Current Mhz: 2600, Mhz Limit: 2600
Processor Information for processor 5
  Max Mhz: 2600, Current Mhz: 2003, Mhz Limit: 2600
Processor Information for processor 6
  Max Mhz: 2600, Current Mhz: 2600, Mhz Limit: 2600
Processor Information for processor 7
  Max Mhz: 2600, Current Mhz: 2003, Mhz Limit: 2600

Memory: 4k page, system-wide physical 7502M (236M free)
TotalPageFile size 11571M (AvailPageFile size 0M)
current process WorkingSet (physical memory assigned to process): 322M, peak: 564M
current process commit charge ("private bytes"): 665M, peak: 666M

vm_info: OpenJDK 64-Bit Server VM (17.0.10+0--11609105) for windows-amd64 JRE (17.0.10+0--11609105), built on Mar 21 2024 19:10:56 by "androidbuild" with MS VC++ 16.10 / 16.11 (VS2019)

END.
