#
# There is insufficient memory for the Java Runtime Environment to continue.
# Native memory allocation (malloc) failed to allocate 1061216 bytes for Chunk::new
# Possible reasons:
#   The system is out of physical RAM or swap space
#   The process is running with CompressedOops enabled, and the Java Heap may be blocking the growth of the native heap
# Possible solutions:
#   Reduce memory load on the system
#   Increase physical memory or swap space
#   Check if swap backing store is full
#   Decrease Java heap size (-Xmx/-Xms)
#   Decrease number of Java threads
#   Decrease Java thread stack sizes (-Xss)
#   Set larger code cache with -XX:ReservedCodeCacheSize=
#   JVM is running with Unscaled Compressed Oops mode in which the Java heap is
#     placed in the first 4GB address space. The Java Heap base address is the
#     maximum limit for the native heap growth. Please use -XX:HeapBaseMinAddress
#     to set the Java Heap base and to place the Java Heap above 4GB virtual address.
# This output file may be truncated or incomplete.
#
#  Out of Memory Error (arena.cpp:191), pid=9584, tid=16452
#
# JRE version: OpenJDK Runtime Environment (17.0.10) (build 17.0.10+0--11609105)
# Java VM: OpenJDK 64-Bit Server VM (17.0.10+0--11609105, mixed mode, tiered, compressed oops, compressed class ptrs, g1 gc, windows-amd64)
# No core dump will be written. Minidumps are not enabled by default on client versions of Windows
#

---------------  S U M M A R Y ------------

Command Line: --add-opens=java.base/java.util=ALL-UNNAMED --add-opens=java.base/java.lang=ALL-UNNAMED --add-opens=java.base/java.lang.invoke=ALL-UNNAMED --add-opens=java.prefs/java.util.prefs=ALL-UNNAMED --add-opens=java.base/java.nio.charset=ALL-UNNAMED --add-opens=java.base/java.net=ALL-UNNAMED --add-opens=java.base/java.util.concurrent.atomic=ALL-UNNAMED -Xmx2048m -Dfile.encoding=UTF-8 -Duser.country=US -Duser.language=en -Duser.variant -javaagent:C:\Users\23480\.gradle\wrapper\dists\gradle-8.7-bin\bhs2wmbdwecv87pi65oeuq5iu\gradle-8.7\lib\agents\gradle-instrumentation-agent-8.7.jar org.gradle.launcher.daemon.bootstrap.GradleDaemon 8.7

Host: AMD Ryzen 3 5300U with Radeon Graphics         , 8 cores, 7G,  Windows 11 , 64 bit Build 22621 (10.0.22621.3672)
Time: Mon Jul 29 12:42:59 2024 W. Central Africa Standard Time elapsed time: 3.052235 seconds (0d 0h 0m 3s)

---------------  T H R E A D  ---------------

Current thread (0x000002b6f30f1310):  JavaThread "C2 CompilerThread0" daemon [_thread_in_native, id=16452, stack(0x000000dd9ec00000,0x000000dd9ed00000)]


Current CompileTask:
C2:   3052 2262   !   4       java.net.URLClassLoader::findClass (47 bytes)

Stack: [0x000000dd9ec00000,0x000000dd9ed00000]
Native frames: (J=compiled Java code, j=interpreted, Vv=VM code, C=native code)
V  [jvm.dll+0x688de9]
V  [jvm.dll+0x8423da]
V  [jvm.dll+0x84401e]
V  [jvm.dll+0x844683]
V  [jvm.dll+0x24be0f]
V  [jvm.dll+0xac524]
V  [jvm.dll+0xacb6c]
V  [jvm.dll+0x2b342f]
V  [jvm.dll+0x5902b7]
V  [jvm.dll+0x226452]
V  [jvm.dll+0x22683f]
V  [jvm.dll+0x21f966]
V  [jvm.dll+0x21cdb1]
V  [jvm.dll+0x1a60ad]
V  [jvm.dll+0x22cd78]
V  [jvm.dll+0x22aeb0]
V  [jvm.dll+0x7f6877]
V  [jvm.dll+0x7f0c7a]
V  [jvm.dll+0x687c65]
C  [ucrtbase.dll+0x29333]
C  [KERNEL32.DLL+0x1257d]
C  [ntdll.dll+0x5af28]


---------------  P R O C E S S  ---------------

Threads class SMR info:
_java_thread_list=0x000002b6f9c26950, length=25, elements={
0x000002b6d910b660, 0x000002b6f2f5cc00, 0x000002b6f2f5da80, 0x000002b6f2f8e6a0,
0x000002b6f30ebfd0, 0x000002b6f30edba0, 0x000002b6f30f0570, 0x000002b6f30f1310,
0x000002b6f30f1dc0, 0x000002b6f30f5cc0, 0x000002b6f31d5f80, 0x000002b6f3432830,
0x000002b6f98a8fe0, 0x000002b6f8a428b0, 0x000002b6f8edd3c0, 0x000002b6f8a30040,
0x000002b6fa127ee0, 0x000002b6f9073f30, 0x000002b6f8d26f80, 0x000002b6f85f01c0,
0x000002b6f85f3460, 0x000002b6f85f06d0, 0x000002b6f85f0be0, 0x000002b6f85f2a40,
0x000002b6f85f10f0
}

Java Threads: ( => current thread )
  0x000002b6d910b660 JavaThread "main" [_thread_blocked, id=12056, stack(0x000000dd9df00000,0x000000dd9e000000)]
  0x000002b6f2f5cc00 JavaThread "Reference Handler" daemon [_thread_blocked, id=13496, stack(0x000000dd9e600000,0x000000dd9e700000)]
  0x000002b6f2f5da80 JavaThread "Finalizer" daemon [_thread_blocked, id=10944, stack(0x000000dd9e700000,0x000000dd9e800000)]
  0x000002b6f2f8e6a0 JavaThread "Signal Dispatcher" daemon [_thread_blocked, id=3828, stack(0x000000dd9e800000,0x000000dd9e900000)]
  0x000002b6f30ebfd0 JavaThread "Attach Listener" daemon [_thread_blocked, id=19216, stack(0x000000dd9e900000,0x000000dd9ea00000)]
  0x000002b6f30edba0 JavaThread "Service Thread" daemon [_thread_blocked, id=1496, stack(0x000000dd9ea00000,0x000000dd9eb00000)]
  0x000002b6f30f0570 JavaThread "Monitor Deflation Thread" daemon [_thread_blocked, id=13876, stack(0x000000dd9eb00000,0x000000dd9ec00000)]
=>0x000002b6f30f1310 JavaThread "C2 CompilerThread0" daemon [_thread_in_native, id=16452, stack(0x000000dd9ec00000,0x000000dd9ed00000)]
  0x000002b6f30f1dc0 JavaThread "C1 CompilerThread0" daemon [_thread_blocked, id=18008, stack(0x000000dd9ed00000,0x000000dd9ee00000)]
  0x000002b6f30f5cc0 JavaThread "Sweeper thread" daemon [_thread_blocked, id=13936, stack(0x000000dd9ee00000,0x000000dd9ef00000)]
  0x000002b6f31d5f80 JavaThread "Common-Cleaner" daemon [_thread_blocked, id=19280, stack(0x000000dd9ef00000,0x000000dd9f000000)]
  0x000002b6f3432830 JavaThread "Notification Thread" daemon [_thread_blocked, id=1380, stack(0x000000dd9f000000,0x000000dd9f100000)]
  0x000002b6f98a8fe0 JavaThread "Daemon health stats" [_thread_blocked, id=6944, stack(0x000000dd9f700000,0x000000dd9f800000)]
  0x000002b6f8a428b0 JavaThread "Incoming local TCP Connector on port 49999" [_thread_in_native, id=5052, stack(0x000000dd9f600000,0x000000dd9f700000)]
  0x000002b6f8edd3c0 JavaThread "Daemon periodic checks" [_thread_blocked, id=5472, stack(0x000000dd9f800000,0x000000dd9f900000)]
  0x000002b6f8a30040 JavaThread "Daemon" [_thread_blocked, id=17772, stack(0x000000dd9f900000,0x000000dd9fa00000)]
  0x000002b6fa127ee0 JavaThread "Handler for socket connection from /127.0.0.1:49999 to /127.0.0.1:50000" [_thread_in_native, id=14828, stack(0x000000dd9fa00000,0x000000dd9fb00000)]
  0x000002b6f9073f30 JavaThread "Cancel handler" [_thread_blocked, id=1804, stack(0x000000dd9fb00000,0x000000dd9fc00000)]
  0x000002b6f8d26f80 JavaThread "Daemon worker" [_thread_in_vm, id=14304, stack(0x000000dd9fc00000,0x000000dd9fd00000)]
  0x000002b6f85f01c0 JavaThread "Asynchronous log dispatcher for DefaultDaemonConnection: socket connection from /127.0.0.1:49999 to /127.0.0.1:50000" [_thread_blocked, id=2040, stack(0x000000dd9fd00000,0x000000dd9fe00000)]
  0x000002b6f85f3460 JavaThread "Stdin handler" [_thread_blocked, id=18400, stack(0x000000dd9fe00000,0x000000dd9ff00000)]
  0x000002b6f85f06d0 JavaThread "Daemon client event forwarder" [_thread_blocked, id=10492, stack(0x000000dd9ff00000,0x000000dda0000000)]
  0x000002b6f85f0be0 JavaThread "Cache worker for journal cache (C:\Users\23480\.gradle\caches\journal-1)" [_thread_blocked, id=12780, stack(0x000000dda0400000,0x000000dda0500000)]
  0x000002b6f85f2a40 JavaThread "File lock request listener" [_thread_in_native, id=17364, stack(0x000000dda0500000,0x000000dda0600000)]
  0x000002b6f85f10f0 JavaThread "Cache worker for file hash cache (C:\Users\23480\.gradle\caches\8.7\fileHashes)" [_thread_blocked, id=19444, stack(0x000000dda0600000,0x000000dda0700000)]

Other Threads:
  0x000002b6f2f5b560 VMThread "VM Thread" [stack: 0x000000dd9e500000,0x000000dd9e600000] [id=16340]
  0x000002b6f333f920 WatcherThread [stack: 0x000000dd9f100000,0x000000dd9f200000] [id=3892]
  0x000002b6d9166800 GCTaskThread "GC Thread#0" [stack: 0x000000dd9e000000,0x000000dd9e100000] [id=7288]
  0x000002b6f3882c50 GCTaskThread "GC Thread#1" [stack: 0x000000dd9f300000,0x000000dd9f400000] [id=7452]
  0x000002b6f360ee30 GCTaskThread "GC Thread#2" [stack: 0x000000dd9f400000,0x000000dd9f500000] [id=19196]
  0x000002b6f3a99160 GCTaskThread "GC Thread#3" [stack: 0x000000dd9f500000,0x000000dd9f600000] [id=15576]
  0x000002b6f381fba0 GCTaskThread "GC Thread#4" [stack: 0x000000dd9f200000,0x000000dd9f300000] [id=15112]
  0x000002b6f8edd8a0 GCTaskThread "GC Thread#5" [stack: 0x000000dda0000000,0x000000dda0100000] [id=3612]
  0x000002b6f88b09a0 GCTaskThread "GC Thread#6" [stack: 0x000000dda0100000,0x000000dda0200000] [id=18728]
  0x000002b6f9193a60 GCTaskThread "GC Thread#7" [stack: 0x000000dda0200000,0x000000dda0300000] [id=18204]
  0x000002b6d9177750 ConcurrentGCThread "G1 Main Marker" [stack: 0x000000dd9e100000,0x000000dd9e200000] [id=4852]
  0x000002b6d9178170 ConcurrentGCThread "G1 Conc#0" [stack: 0x000000dd9e200000,0x000000dd9e300000] [id=18720]
  0x000002b6f361ea40 ConcurrentGCThread "G1 Conc#1" [stack: 0x000000dda0300000,0x000000dda0400000] [id=11412]
  0x000002b6f2dc24c0 ConcurrentGCThread "G1 Refine#0" [stack: 0x000000dd9e300000,0x000000dd9e400000] [id=11892]
  0x000002b6f2dc2ef0 ConcurrentGCThread "G1 Service" [stack: 0x000000dd9e400000,0x000000dd9e500000] [id=8552]

Threads with active compile tasks:
C2 CompilerThread0     3073 2262   !   4       java.net.URLClassLoader::findClass (47 bytes)
C1 CompilerThread0     3073 2310       3       jdk.internal.org.objectweb.asm.MethodVisitor::visitVarInsn (17 bytes)

VM state: not at safepoint (normal execution)

VM Mutex/Monitor currently owned by a thread: None

Heap address: 0x0000000080000000, size: 2048 MB, Compressed Oops mode: 32-bit

CDS archive(s) not mapped
Compressed class space mapped at: 0x0000000100000000-0x0000000140000000, reserved size: 1073741824
Narrow klass base: 0x0000000000000000, Narrow klass shift: 3, Narrow klass range: 0x140000000

GC Precious Log:
 CPUs: 8 total, 8 available
 Memory: 7502M
 Large Page Support: Disabled
 NUMA Support: Disabled
 Compressed Oops: Enabled (32-bit)
 Heap Region Size: 1M
 Heap Min Capacity: 8M
 Heap Initial Capacity: 118M
 Heap Max Capacity: 2G
 Pre-touch: Disabled
 Parallel Workers: 8
 Concurrent Workers: 2
 Concurrent Refinement Workers: 8
 Periodic GC: Disabled

Heap:
 garbage-first heap   total 68608K, used 22721K [0x0000000080000000, 0x0000000100000000)
  region size 1024K, 5 young (5120K), 3 survivors (3072K)
 Metaspace       used 26518K, committed 26816K, reserved 1114112K
  class space    used 3386K, committed 3520K, reserved 1048576K

Heap Regions: E=young(eden), S=young(survivor), O=old, HS=humongous(starts), HC=humongous(continues), CS=collection set, F=free, OA=open archive, CA=closed archive, TAMS=top-at-mark-start (previous, next)
|   0|0x0000000080000000, 0x0000000080100000, 0x0000000080100000|100%|HS|  |TAMS 0x0000000080100000, 0x0000000080000000| Complete 
|   1|0x0000000080100000, 0x0000000080200000, 0x0000000080200000|100%|HC|  |TAMS 0x0000000080200000, 0x0000000080100000| Complete 
|   2|0x0000000080200000, 0x0000000080300000, 0x0000000080300000|100%|HC|  |TAMS 0x0000000080300000, 0x0000000080200000| Complete 
|   3|0x0000000080300000, 0x0000000080400000, 0x0000000080400000|100%|HC|  |TAMS 0x0000000080400000, 0x0000000080300000| Complete 
|   4|0x0000000080400000, 0x0000000080500000, 0x0000000080500000|100%| O|  |TAMS 0x0000000080500000, 0x0000000080400000| Untracked 
|   5|0x0000000080500000, 0x0000000080600000, 0x0000000080600000|100%| O|  |TAMS 0x0000000080600000, 0x0000000080500000| Untracked 
|   6|0x0000000080600000, 0x0000000080700000, 0x0000000080700000|100%| O|  |TAMS 0x0000000080700000, 0x0000000080600000| Untracked 
|   7|0x0000000080700000, 0x0000000080800000, 0x0000000080800000|100%| O|  |TAMS 0x0000000080800000, 0x0000000080700000| Untracked 
|   8|0x0000000080800000, 0x0000000080900000, 0x0000000080900000|100%| O|  |TAMS 0x0000000080900000, 0x0000000080800000| Untracked 
|   9|0x0000000080900000, 0x0000000080a00000, 0x0000000080a00000|100%| O|  |TAMS 0x0000000080a00000, 0x0000000080900000| Untracked 
|  10|0x0000000080a00000, 0x0000000080aefa00, 0x0000000080b00000| 93%| O|  |TAMS 0x0000000080aae800, 0x0000000080a00000| Untracked 
|  11|0x0000000080b00000, 0x0000000080c00000, 0x0000000080c00000|100%| O|  |TAMS 0x0000000080b00000, 0x0000000080b00000| Untracked 
|  12|0x0000000080c00000, 0x0000000080d00000, 0x0000000080d00000|100%| O|  |TAMS 0x0000000080c00000, 0x0000000080c00000| Untracked 
|  13|0x0000000080d00000, 0x0000000080e00000, 0x0000000080e00000|100%| O|  |TAMS 0x0000000080d00000, 0x0000000080d00000| Untracked 
|  14|0x0000000080e00000, 0x0000000080f00000, 0x0000000080f00000|100%| O|  |TAMS 0x0000000080e00000, 0x0000000080e00000| Untracked 
|  15|0x0000000080f00000, 0x0000000081000000, 0x0000000081000000|100%| O|  |TAMS 0x0000000080f00000, 0x0000000080f00000| Untracked 
|  16|0x0000000081000000, 0x0000000081100000, 0x0000000081100000|100%| O|  |TAMS 0x0000000081000000, 0x0000000081000000| Untracked 
|  17|0x0000000081100000, 0x0000000081200000, 0x0000000081200000|100%| O|  |TAMS 0x0000000081100000, 0x0000000081100000| Untracked 
|  18|0x0000000081200000, 0x0000000081300000, 0x0000000081300000|100%| O|  |TAMS 0x0000000081200000, 0x0000000081200000| Untracked 
|  19|0x0000000081300000, 0x0000000081328200, 0x0000000081400000| 15%| O|  |TAMS 0x0000000081300000, 0x0000000081300000| Untracked 
|  20|0x0000000081400000, 0x0000000081400000, 0x0000000081500000|  0%| F|  |TAMS 0x0000000081400000, 0x0000000081400000| Untracked 
|  21|0x0000000081500000, 0x0000000081500000, 0x0000000081600000|  0%| F|  |TAMS 0x0000000081500000, 0x0000000081500000| Untracked 
|  22|0x0000000081600000, 0x0000000081600000, 0x0000000081700000|  0%| F|  |TAMS 0x0000000081600000, 0x0000000081600000| Untracked 
|  23|0x0000000081700000, 0x0000000081700000, 0x0000000081800000|  0%| F|  |TAMS 0x0000000081700000, 0x0000000081700000| Untracked 
|  24|0x0000000081800000, 0x0000000081818aa0, 0x0000000081900000|  9%| S|CS|TAMS 0x0000000081800000, 0x0000000081800000| Complete 
|  25|0x0000000081900000, 0x0000000081a00000, 0x0000000081a00000|100%| S|CS|TAMS 0x0000000081900000, 0x0000000081900000| Complete 
|  26|0x0000000081a00000, 0x0000000081b00000, 0x0000000081b00000|100%| S|CS|TAMS 0x0000000081a00000, 0x0000000081a00000| Complete 
|  27|0x0000000081b00000, 0x0000000081b00000, 0x0000000081c00000|  0%| F|  |TAMS 0x0000000081b00000, 0x0000000081b00000| Untracked 
|  28|0x0000000081c00000, 0x0000000081c00000, 0x0000000081d00000|  0%| F|  |TAMS 0x0000000081c00000, 0x0000000081c00000| Untracked 
|  29|0x0000000081d00000, 0x0000000081d00000, 0x0000000081e00000|  0%| F|  |TAMS 0x0000000081d00000, 0x0000000081d00000| Untracked 
|  30|0x0000000081e00000, 0x0000000081e00000, 0x0000000081f00000|  0%| F|  |TAMS 0x0000000081e00000, 0x0000000081e00000| Untracked 
|  31|0x0000000081f00000, 0x0000000081f00000, 0x0000000082000000|  0%| F|  |TAMS 0x0000000081f00000, 0x0000000081f00000| Untracked 
|  32|0x0000000082000000, 0x0000000082000000, 0x0000000082100000|  0%| F|  |TAMS 0x0000000082000000, 0x0000000082000000| Untracked 
|  33|0x0000000082100000, 0x0000000082100000, 0x0000000082200000|  0%| F|  |TAMS 0x0000000082100000, 0x0000000082100000| Untracked 
|  34|0x0000000082200000, 0x0000000082200000, 0x0000000082300000|  0%| F|  |TAMS 0x0000000082200000, 0x0000000082200000| Untracked 
|  35|0x0000000082300000, 0x0000000082300000, 0x0000000082400000|  0%| F|  |TAMS 0x0000000082300000, 0x0000000082300000| Untracked 
|  36|0x0000000082400000, 0x0000000082400000, 0x0000000082500000|  0%| F|  |TAMS 0x0000000082400000, 0x0000000082400000| Untracked 
|  37|0x0000000082500000, 0x0000000082500000, 0x0000000082600000|  0%| F|  |TAMS 0x0000000082500000, 0x0000000082500000| Untracked 
|  38|0x0000000082600000, 0x0000000082600000, 0x0000000082700000|  0%| F|  |TAMS 0x0000000082600000, 0x0000000082600000| Untracked 
|  39|0x0000000082700000, 0x0000000082700000, 0x0000000082800000|  0%| F|  |TAMS 0x0000000082700000, 0x0000000082700000| Untracked 
|  40|0x0000000082800000, 0x0000000082800000, 0x0000000082900000|  0%| F|  |TAMS 0x0000000082800000, 0x0000000082800000| Untracked 
|  41|0x0000000082900000, 0x0000000082900000, 0x0000000082a00000|  0%| F|  |TAMS 0x0000000082900000, 0x0000000082900000| Untracked 
|  42|0x0000000082a00000, 0x0000000082a00000, 0x0000000082b00000|  0%| F|  |TAMS 0x0000000082a00000, 0x0000000082a00000| Untracked 
|  43|0x0000000082b00000, 0x0000000082b00000, 0x0000000082c00000|  0%| F|  |TAMS 0x0000000082b00000, 0x0000000082b00000| Untracked 
|  44|0x0000000082c00000, 0x0000000082c00000, 0x0000000082d00000|  0%| F|  |TAMS 0x0000000082c00000, 0x0000000082c00000| Untracked 
|  45|0x0000000082d00000, 0x0000000082d00000, 0x0000000082e00000|  0%| F|  |TAMS 0x0000000082d00000, 0x0000000082d00000| Untracked 
|  46|0x0000000082e00000, 0x0000000082e00000, 0x0000000082f00000|  0%| F|  |TAMS 0x0000000082e00000, 0x0000000082e00000| Untracked 
|  47|0x0000000082f00000, 0x0000000082f00000, 0x0000000083000000|  0%| F|  |TAMS 0x0000000082f00000, 0x0000000082f00000| Untracked 
|  48|0x0000000083000000, 0x0000000083000000, 0x0000000083100000|  0%| F|  |TAMS 0x0000000083000000, 0x0000000083000000| Untracked 
|  49|0x0000000083100000, 0x0000000083100000, 0x0000000083200000|  0%| F|  |TAMS 0x0000000083100000, 0x0000000083100000| Untracked 
|  50|0x0000000083200000, 0x0000000083200000, 0x0000000083300000|  0%| F|  |TAMS 0x0000000083200000, 0x0000000083200000| Untracked 
|  51|0x0000000083300000, 0x0000000083300000, 0x0000000083400000|  0%| F|  |TAMS 0x0000000083300000, 0x0000000083300000| Untracked 
|  52|0x0000000083400000, 0x0000000083400000, 0x0000000083500000|  0%| F|  |TAMS 0x0000000083400000, 0x0000000083400000| Untracked 
|  53|0x0000000083500000, 0x0000000083500000, 0x0000000083600000|  0%| F|  |TAMS 0x0000000083500000, 0x0000000083500000| Untracked 
|  54|0x0000000083600000, 0x0000000083600000, 0x0000000083700000|  0%| F|  |TAMS 0x0000000083600000, 0x0000000083600000| Untracked 
|  55|0x0000000083700000, 0x0000000083700000, 0x0000000083800000|  0%| F|  |TAMS 0x0000000083700000, 0x0000000083700000| Untracked 
|  56|0x0000000083800000, 0x0000000083800000, 0x0000000083900000|  0%| F|  |TAMS 0x0000000083800000, 0x0000000083800000| Untracked 
|  57|0x0000000083900000, 0x0000000083900000, 0x0000000083a00000|  0%| F|  |TAMS 0x0000000083900000, 0x0000000083900000| Untracked 
|  59|0x0000000083b00000, 0x0000000083b00000, 0x0000000083c00000|  0%| F|  |TAMS 0x0000000083b00000, 0x0000000083b00000| Untracked 
|  60|0x0000000083c00000, 0x0000000083c00000, 0x0000000083d00000|  0%| F|  |TAMS 0x0000000083c00000, 0x0000000083c00000| Untracked 
|  61|0x0000000083d00000, 0x0000000083d00000, 0x0000000083e00000|  0%| F|  |TAMS 0x0000000083d00000, 0x0000000083d00000| Untracked 
|  62|0x0000000083e00000, 0x0000000083e00000, 0x0000000083f00000|  0%| F|  |TAMS 0x0000000083e00000, 0x0000000083e00000| Untracked 
|  63|0x0000000083f00000, 0x0000000083f00000, 0x0000000084000000|  0%| F|  |TAMS 0x0000000083f00000, 0x0000000083f00000| Untracked 
|  64|0x0000000084000000, 0x0000000084000000, 0x0000000084100000|  0%| F|  |TAMS 0x0000000084000000, 0x0000000084000000| Untracked 
|  65|0x0000000084100000, 0x0000000084100000, 0x0000000084200000|  0%| F|  |TAMS 0x0000000084100000, 0x0000000084100000| Untracked 
|  66|0x0000000084200000, 0x0000000084300000, 0x0000000084300000|100%| E|  |TAMS 0x0000000084200000, 0x0000000084200000| Complete 
| 117|0x0000000087500000, 0x0000000087600000, 0x0000000087600000|100%| E|CS|TAMS 0x0000000087500000, 0x0000000087500000| Complete 

Card table byte_map: [0x000002b6ebd10000,0x000002b6ec110000] _byte_map_base: 0x000002b6eb910000

Marking Bits (Prev, Next): (CMBitMap*) 0x000002b6d9166e60, (CMBitMap*) 0x000002b6d9166e20
 Prev Bits: [0x000002b6ee510000, 0x000002b6f0510000)
 Next Bits: [0x000002b6ec510000, 0x000002b6ee510000)

Polling page: 0x000002b6d88c0000

Metaspace:

Usage:
  Non-class:     22.61 MB used.
      Class:      3.31 MB used.
       Both:     25.92 MB used.

Virtual space:
  Non-class space:       64.00 MB reserved,      22.75 MB ( 36%) committed,  1 nodes.
      Class space:        1.00 GB reserved,       3.44 MB ( <1%) committed,  1 nodes.
             Both:        1.06 GB reserved,      26.19 MB (  2%) committed. 

Chunk freelists:
   Non-Class:  9.19 MB
       Class:  12.54 MB
        Both:  21.73 MB

MaxMetaspaceSize: unlimited
CompressedClassSpaceSize: 1.00 GB
Initial GC threshold: 21.00 MB
Current GC threshold: 35.12 MB
CDS: off
MetaspaceReclaimPolicy: balanced
 - commit_granule_bytes: 65536.
 - commit_granule_words: 8192.
 - virtual_space_node_default_size: 8388608.
 - enlarge_chunks_in_place: 1.
 - new_chunks_are_fully_committed: 0.
 - uncommit_free_chunks: 1.
 - use_allocation_guard: 0.
 - handle_deallocations: 1.


Internal statistics:

num_allocs_failed_limit: 3.
num_arena_births: 208.
num_arena_deaths: 0.
num_vsnodes_births: 2.
num_vsnodes_deaths: 0.
num_space_committed: 419.
num_space_uncommitted: 0.
num_chunks_returned_to_freelist: 3.
num_chunks_taken_from_freelist: 814.
num_chunk_merges: 3.
num_chunk_splits: 530.
num_chunks_enlarged: 380.
num_inconsistent_stats: 0.

CodeHeap 'non-profiled nmethods': size=120000Kb used=1201Kb max_used=1201Kb free=118798Kb
 bounds [0x000002b6e40b0000, 0x000002b6e4320000, 0x000002b6eb5e0000]
CodeHeap 'profiled nmethods': size=120000Kb used=4660Kb max_used=4660Kb free=115339Kb
 bounds [0x000002b6dc5e0000, 0x000002b6dca70000, 0x000002b6e3b10000]
CodeHeap 'non-nmethods': size=5760Kb used=1231Kb max_used=1264Kb free=4529Kb
 bounds [0x000002b6e3b10000, 0x000002b6e3d80000, 0x000002b6e40b0000]
 total_blobs=2846 nmethods=2307 adapters=451
 compilation: enabled
              stopped_count=0, restarted_count=0
 full_count=0

Compilation events (20 events):
Event: 2.996 Thread 0x000002b6f30f1dc0 2281       3       jdk.internal.reflect.ByteVectorImpl::getLength (7 bytes)
Event: 2.996 Thread 0x000002b6f30f1dc0 nmethod 2281 0x000002b6dca4de10 code [0x000002b6dca4dfa0, 0x000002b6dca4e0b8]
Event: 3.002 Thread 0x000002b6f30f1dc0 2282       3       jdk.internal.loader.AbstractClassLoaderValue::extractValue (17 bytes)
Event: 3.003 Thread 0x000002b6f30f1dc0 nmethod 2282 0x000002b6dca4e190 code [0x000002b6dca4e340, 0x000002b6dca4e6c8]
Event: 3.004 Thread 0x000002b6f30f1dc0 2283   !   3       java.nio.ByteBuffer::wrap (21 bytes)
Event: 3.004 Thread 0x000002b6f30f1dc0 nmethod 2283 0x000002b6dca4e790 code [0x000002b6dca4e940, 0x000002b6dca4ebd8]
Event: 3.004 Thread 0x000002b6f30f1dc0 2284       3       java.nio.HeapByteBuffer::<init> (23 bytes)
Event: 3.004 Thread 0x000002b6f30f1dc0 nmethod 2284 0x000002b6dca4ed10 code [0x000002b6dca4eec0, 0x000002b6dca4f048]
Event: 3.006 Thread 0x000002b6f30f1dc0 2285       3       org.gradle.internal.service.ServiceScopeValidator::getAnnotations (4 bytes)
Event: 3.007 Thread 0x000002b6f30f1dc0 nmethod 2285 0x000002b6dca4f110 code [0x000002b6dca4f2a0, 0x000002b6dca4f3b8]
Event: 3.007 Thread 0x000002b6f30f1dc0 2286       3       sun.reflect.annotation.AnnotationParser::parseMemberValue (230 bytes)
Event: 3.008 Thread 0x000002b6f30f1dc0 nmethod 2286 0x000002b6dca4f490 code [0x000002b6dca4f9a0, 0x000002b6dca51fa8]
Event: 3.034 Thread 0x000002b6f30f1dc0 2287   !   3       java.lang.ref.ReferenceQueue::remove (125 bytes)
Event: 3.035 Thread 0x000002b6f30f1dc0 nmethod 2287 0x000002b6dca52c10 code [0x000002b6dca52e20, 0x000002b6dca535d8]
Event: 3.035 Thread 0x000002b6f30f1dc0 2288   !   3       jdk.internal.ref.PhantomCleanable::isListEmpty (34 bytes)
Event: 3.035 Thread 0x000002b6f30f1dc0 nmethod 2288 0x000002b6dca53910 code [0x000002b6dca53aa0, 0x000002b6dca53cf8]
Event: 3.043 Thread 0x000002b6f30f1dc0 2289   !   3       sun.reflect.annotation.AnnotationParser::parseAnnotation2 (271 bytes)
Event: 3.044 Thread 0x000002b6f30f1dc0 nmethod 2289 0x000002b6dca53e10 code [0x000002b6dca54220, 0x000002b6dca55e48]
Event: 3.044 Thread 0x000002b6f30f1dc0 2290   !   3       jdk.internal.loader.AbstractClassLoaderValue::computeIfAbsent (113 bytes)
Event: 3.045 Thread 0x000002b6f30f1dc0 nmethod 2290 0x000002b6dca56890 code [0x000002b6dca56b40, 0x000002b6dca57988]

GC Heap History (8 events):
Event: 0.772 GC heap before
{Heap before GC invocations=0 (full 0):
 garbage-first heap   total 120832K, used 26624K [0x0000000080000000, 0x0000000100000000)
  region size 1024K, 23 young (23552K), 0 survivors (0K)
 Metaspace       used 10442K, committed 10560K, reserved 1114112K
  class space    used 1079K, committed 1152K, reserved 1048576K
}
Event: 0.778 GC heap after
{Heap after GC invocations=1 (full 0):
 garbage-first heap   total 120832K, used 10560K [0x0000000080000000, 0x0000000100000000)
  region size 1024K, 3 young (3072K), 3 survivors (3072K)
 Metaspace       used 10442K, committed 10560K, reserved 1114112K
  class space    used 1079K, committed 1152K, reserved 1048576K
}
Event: 1.284 GC heap before
{Heap before GC invocations=1 (full 0):
 garbage-first heap   total 120832K, used 39232K [0x0000000080000000, 0x0000000100000000)
  region size 1024K, 31 young (31744K), 3 survivors (3072K)
 Metaspace       used 11446K, committed 11648K, reserved 1114112K
  class space    used 1195K, committed 1280K, reserved 1048576K
}
Event: 1.289 GC heap after
{Heap after GC invocations=2 (full 0):
 garbage-first heap   total 120832K, used 11841K [0x0000000080000000, 0x0000000100000000)
  region size 1024K, 1 young (1024K), 1 survivors (1024K)
 Metaspace       used 11446K, committed 11648K, reserved 1114112K
  class space    used 1195K, committed 1280K, reserved 1048576K
}
Event: 2.339 GC heap before
{Heap before GC invocations=2 (full 0):
 garbage-first heap   total 120832K, used 62017K [0x0000000080000000, 0x0000000100000000)
  region size 1024K, 51 young (52224K), 1 survivors (1024K)
 Metaspace       used 21243K, committed 21504K, reserved 1114112K
  class space    used 2489K, committed 2624K, reserved 1048576K
}
Event: 2.346 GC heap after
{Heap after GC invocations=3 (full 0):
 garbage-first heap   total 120832K, used 19390K [0x0000000080000000, 0x0000000100000000)
  region size 1024K, 8 young (8192K), 8 survivors (8192K)
 Metaspace       used 21243K, committed 21504K, reserved 1114112K
  class space    used 2489K, committed 2624K, reserved 1048576K
}
Event: 3.027 GC heap before
{Heap before GC invocations=4 (full 0):
 garbage-first heap   total 68608K, used 51134K [0x0000000080000000, 0x0000000100000000)
  region size 1024K, 40 young (40960K), 8 survivors (8192K)
 Metaspace       used 26280K, committed 26560K, reserved 1114112K
  class space    used 3341K, committed 3456K, reserved 1048576K
}
Event: 3.034 GC heap after
{Heap after GC invocations=5 (full 0):
 garbage-first heap   total 68608K, used 21697K [0x0000000080000000, 0x0000000100000000)
  region size 1024K, 3 young (3072K), 3 survivors (3072K)
 Metaspace       used 26280K, committed 26560K, reserved 1114112K
  class space    used 3341K, committed 3456K, reserved 1048576K
}

Dll operation events (3 events):
Event: 0.009 Loaded shared library C:\Program Files\Android\Android Studio\jbr\bin\java.dll
Event: 0.137 Loaded shared library C:\Program Files\Android\Android Studio\jbr\bin\zip.dll
Event: 0.507 Loaded shared library C:\Program Files\Android\Android Studio\jbr\bin\verify.dll

Deoptimization events (20 events):
Event: 2.649 Thread 0x000002b6f8d26f80 Uncommon trap: trap_request=0xffffff45 fr.pc=0x000002b6e418c0c0 relative=0x00000000000000a0
Event: 2.650 Thread 0x000002b6f8d26f80 Uncommon trap: reason=unstable_if action=reinterpret pc=0x000002b6e418c0c0 method=jdk.internal.misc.Unsafe.convEndian(ZI)I @ 4 c2
Event: 2.650 Thread 0x000002b6f8d26f80 DEOPT PACKING pc=0x000002b6e418c0c0 sp=0x000000dd9fcfad70
Event: 2.650 Thread 0x000002b6f8d26f80 DEOPT UNPACKING pc=0x000002b6e3b669a3 sp=0x000000dd9fcfac20 mode 2
Event: 2.673 Thread 0x000002b6f8d26f80 Uncommon trap: trap_request=0xffffff45 fr.pc=0x000002b6e40cfb10 relative=0x0000000000000a90
Event: 2.673 Thread 0x000002b6f8d26f80 Uncommon trap: reason=unstable_if action=reinterpret pc=0x000002b6e40cfb10 method=java.io.WinNTFileSystem.resolve(Ljava/lang/String;Ljava/lang/String;)Ljava/lang/String; @ 19 c2
Event: 2.673 Thread 0x000002b6f8d26f80 DEOPT PACKING pc=0x000002b6e40cfb10 sp=0x000000dd9fcfb290
Event: 2.673 Thread 0x000002b6f8d26f80 DEOPT UNPACKING pc=0x000002b6e3b669a3 sp=0x000000dd9fcfb238 mode 2
Event: 2.674 Thread 0x000002b6f8d26f80 Uncommon trap: trap_request=0xffffff45 fr.pc=0x000002b6e4126c04 relative=0x00000000000005c4
Event: 2.674 Thread 0x000002b6f8d26f80 Uncommon trap: reason=unstable_if action=reinterpret pc=0x000002b6e4126c04 method=java.io.File.getName()Ljava/lang/String; @ 16 c2
Event: 2.674 Thread 0x000002b6f8d26f80 DEOPT PACKING pc=0x000002b6e4126c04 sp=0x000000dd9fcfb230
Event: 2.674 Thread 0x000002b6f8d26f80 DEOPT UNPACKING pc=0x000002b6e3b669a3 sp=0x000000dd9fcfb200 mode 2
Event: 2.751 Thread 0x000002b6f8d26f80 Uncommon trap: trap_request=0xffffff45 fr.pc=0x000002b6e40d6bf4 relative=0x00000000000000d4
Event: 2.751 Thread 0x000002b6f8d26f80 Uncommon trap: reason=unstable_if action=reinterpret pc=0x000002b6e40d6bf4 method=java.util.HashMap.hash(Ljava/lang/Object;)I @ 1 c2
Event: 2.751 Thread 0x000002b6f8d26f80 DEOPT PACKING pc=0x000002b6e40d6bf4 sp=0x000000dd9fcfbfa0
Event: 2.751 Thread 0x000002b6f8d26f80 DEOPT UNPACKING pc=0x000002b6e3b669a3 sp=0x000000dd9fcfbee0 mode 2
Event: 2.797 Thread 0x000002b6f8d26f80 Uncommon trap: trap_request=0xffffff45 fr.pc=0x000002b6e4145734 relative=0x0000000000000714
Event: 2.797 Thread 0x000002b6f8d26f80 Uncommon trap: reason=unstable_if action=reinterpret pc=0x000002b6e4145734 method=java.util.ArrayList.grow(I)[Ljava/lang/Object; @ 17 c2
Event: 2.797 Thread 0x000002b6f8d26f80 DEOPT PACKING pc=0x000002b6e4145734 sp=0x000000dd9fcfcbd0
Event: 2.797 Thread 0x000002b6f8d26f80 DEOPT UNPACKING pc=0x000002b6e3b669a3 sp=0x000000dd9fcfca68 mode 2

Classes unloaded (0 events):
No events

Classes redefined (0 events):
No events

Internal exceptions (20 events):
Event: 2.373 Thread 0x000002b6f8d26f80 Exception <a 'java/lang/NoSuchMethodError'{0x00000000839ae5d0}: 'void java.lang.invoke.DirectMethodHandle$Holder.invokeSpecial(java.lang.Object, java.lang.Object, java.lang.Object)'> (0x00000000839ae5d0) 
thrown [s\src\hotspot\share\interpreter\linkResolver.cpp, line 771]
Event: 2.392 Thread 0x000002b6f8d26f80 Exception <a 'java/lang/NoSuchMethodError'{0x0000000083895c10}: 'java.lang.Object java.lang.invoke.DirectMethodHandle$Holder.newInvokeSpecial(java.lang.Object, java.lang.Object, java.lang.Object, java.lang.Object, java.lang.Object, java.lang.Object)'> (0x0000000083895c10) 
thrown [s\src\hotspot\share\interpreter\linkResolver.cpp, line 771]
Event: 2.395 Thread 0x000002b6f8d26f80 Exception <a 'java/lang/NoSuchMethodError'{0x00000000838ad850}: 'void java.lang.invoke.DirectMethodHandle$Holder.invokeSpecial(java.lang.Object, java.lang.Object, java.lang.Object, java.lang.Object, java.lang.Object)'> (0x00000000838ad850) 
thrown [s\src\hotspot\share\interpreter\linkResolver.cpp, line 771]
Event: 2.399 Thread 0x000002b6f8d26f80 Exception <a 'java/lang/NoSuchMethodError'{0x00000000838c1800}: 'void java.lang.invoke.DirectMethodHandle$Holder.invokeStaticInit(java.lang.Object, java.lang.Object)'> (0x00000000838c1800) 
thrown [s\src\hotspot\share\interpreter\linkResolver.cpp, line 771]
Event: 2.455 Thread 0x000002b6f8d26f80 Exception <a 'java/lang/NoSuchMethodError'{0x000000008357f0e0}: 'void java.lang.invoke.DelegatingMethodHandle$Holder.reinvoke_L(java.lang.Object, java.lang.Object, java.lang.Object, java.lang.Object, java.lang.Object, java.lang.Object, java.lang.Object, java.lang.Object, java.lang.Object, java.lang.Object)'> (0x000000008357f0e0) 
thrown [s\src\hotspot\share\interpreter\linkResolver.cpp, line 771]
Event: 2.455 Thread 0x000002b6f8d26f80 Exception <a 'java/lang/NoSuchMethodError'{0x0000000083587690}: 'java.lang.Object java.lang.invoke.DirectMethodHandle$Holder.invokeSpecial(java.lang.Object, java.lang.Object, java.lang.Object, java.lang.Object, java.lang.Object, java.lang.Object, java.lang.Object, java.lang.Object, java.lang.Object, java.lang.Object)'> (0x0000000083587690) 
thrown [s\src\hotspot\share\interpreter\linkResolver.cpp, line 771]
Event: 2.456 Thread 0x000002b6f8d26f80 Exception <a 'java/lang/NoSuchMethodError'{0x000000008358bf60}: 'java.lang.Object java.lang.invoke.Invokers$Holder.invoker(java.lang.Object, java.lang.Object, java.lang.Object, java.lang.Object, java.lang.Object, java.lang.Object, java.lang.Object, java.lang.Object, java.lang.Object, java.lang.Object)'> (0x000000008358bf60) 
thrown [s\src\hotspot\share\interpreter\linkResolver.cpp, line 771]
Event: 2.456 Thread 0x000002b6f8d26f80 Exception <a 'java/lang/NoSuchMethodError'{0x0000000083591b68}: 'java.lang.Object java.lang.invoke.DirectMethodHandle$Holder.invokeSpecial(java.lang.Object, java.lang.Object, java.lang.Object, java.lang.Object, java.lang.Object, java.lang.Object, java.lang.Object, java.lang.Object, java.lang.Object, java.lang.Object, java.lang.Object)'> (0x0000000083591b68) 
thrown [s\src\hotspot\share\interpreter\linkResolver.cpp, line 771]
Event: 2.585 Thread 0x000002b6f8d26f80 Exception <a 'java/lang/NoSuchMethodError'{0x0000000082f5f850}: 'void java.lang.invoke.DirectMethodHandle$Holder.invokeStaticInit(java.lang.Object)'> (0x0000000082f5f850) 
thrown [s\src\hotspot\share\interpreter\linkResolver.cpp, line 771]
Event: 2.599 Thread 0x000002b6f8d26f80 Exception <a 'java/lang/NoSuchMethodError'{0x0000000082e16958}: 'java.lang.Object java.lang.invoke.DirectMethodHandle$Holder.newInvokeSpecial(java.lang.Object, java.lang.Object, java.lang.Object, int)'> (0x0000000082e16958) 
thrown [s\src\hotspot\share\interpreter\linkResolver.cpp, line 771]
Event: 2.599 Thread 0x000002b6f8d26f80 Exception <a 'java/lang/NoSuchMethodError'{0x0000000082e1b288}: 'java.lang.Object java.lang.invoke.DirectMethodHandle$Holder.invokeSpecial(java.lang.Object, java.lang.Object, java.lang.Object, java.lang.Object, int)'> (0x0000000082e1b288) 
thrown [s\src\hotspot\share\interpreter\linkResolver.cpp, line 771]
Event: 2.600 Thread 0x000002b6f8d26f80 Exception <a 'java/lang/NoSuchMethodError'{0x0000000082e1f3a0}: 'java.lang.Object java.lang.invoke.Invokers$Holder.linkToTargetMethod(java.lang.Object, java.lang.Object, int, java.lang.Object)'> (0x0000000082e1f3a0) 
thrown [s\src\hotspot\share\interpreter\linkResolver.cpp, line 771]
Event: 2.697 Thread 0x000002b6f8d26f80 Exception <a 'java/lang/NoSuchMethodError'{0x0000000082ab4420}: 'int java.lang.invoke.DirectMethodHandle$Holder.invokeVirtual(java.lang.Object, java.lang.Object, java.lang.Object)'> (0x0000000082ab4420) 
thrown [s\src\hotspot\share\interpreter\linkResolver.cpp, line 771]
Event: 2.720 Thread 0x000002b6f8d26f80 Exception <a 'java/lang/NoSuchMethodError'{0x00000000829ba910}: 'int java.lang.invoke.DirectMethodHandle$Holder.invokeSpecialIFC(java.lang.Object, java.lang.Object, java.lang.Object, java.lang.Object)'> (0x00000000829ba910) 
thrown [s\src\hotspot\share\interpreter\linkResolver.cpp, line 771]
Event: 2.721 Thread 0x000002b6f8d26f80 Exception <a 'java/lang/NoSuchMethodError'{0x00000000829c9800}: 'java.lang.Object java.lang.invoke.DirectMethodHandle$Holder.invokeInterface(java.lang.Object, java.lang.Object, java.lang.Object)'> (0x00000000829c9800) 
thrown [s\src\hotspot\share\interpreter\linkResolver.cpp, line 771]
Event: 2.722 Thread 0x000002b6f8d26f80 Exception <a 'java/lang/IncompatibleClassChangeError'{0x00000000829cd418}: Found class java.lang.Object, but interface was expected> (0x00000000829cd418) 
thrown [s\src\hotspot\share\interpreter\linkResolver.cpp, line 838]
Event: 2.751 Thread 0x000002b6f8d26f80 Implicit null exception at 0x000002b6e40d6b58 to 0x000002b6e40d6bea
Event: 2.772 Thread 0x000002b6f8d26f80 Exception <a 'java/lang/NoSuchMethodError'{0x00000000827e0de0}: 'int java.lang.invoke.DirectMethodHandle$Holder.invokeStatic(java.lang.Object, java.lang.Object, java.lang.Object, java.lang.Object)'> (0x00000000827e0de0) 
thrown [s\src\hotspot\share\interpreter\linkResolver.cpp, line 771]
Event: 2.773 Thread 0x000002b6f8d26f80 Exception <a 'java/lang/NoSuchMethodError'{0x00000000827e4a08}: 'java.lang.Object java.lang.invoke.Invokers$Holder.invokeExact_MT(java.lang.Object, java.lang.Object, java.lang.Object, java.lang.Object, java.lang.Object, java.lang.Object)'> (0x00000000827e4a08) 
thrown [s\src\hotspot\share\interpreter\linkResolver.cpp, line 771]
Event: 2.831 Thread 0x000002b6f8d26f80 Exception <a 'java/lang/IncompatibleClassChangeError'{0x00000000824cdb68}: Found class java.lang.Object, but interface was expected> (0x00000000824cdb68) 
thrown [s\src\hotspot\share\interpreter\linkResolver.cpp, line 838]

VM Operations (20 events):
Event: 1.846 Executing VM operation: HandshakeAllThreads
Event: 1.846 Executing VM operation: HandshakeAllThreads done
Event: 2.047 Executing VM operation: HandshakeAllThreads
Event: 2.047 Executing VM operation: HandshakeAllThreads done
Event: 2.091 Executing VM operation: HandshakeAllThreads
Event: 2.091 Executing VM operation: HandshakeAllThreads done
Event: 2.339 Executing VM operation: CollectForMetadataAllocation
Event: 2.346 Executing VM operation: CollectForMetadataAllocation done
Event: 2.351 Executing VM operation: G1PauseRemark
Event: 2.352 Executing VM operation: G1PauseRemark done
Event: 2.353 Executing VM operation: G1PauseCleanup
Event: 2.357 Executing VM operation: G1PauseCleanup done
Event: 2.435 Executing VM operation: HandshakeAllThreads
Event: 2.435 Executing VM operation: HandshakeAllThreads done
Event: 2.818 Executing VM operation: HandshakeAllThreads
Event: 2.818 Executing VM operation: HandshakeAllThreads done
Event: 2.819 Executing VM operation: HandshakeAllThreads
Event: 2.819 Executing VM operation: HandshakeAllThreads done
Event: 3.026 Executing VM operation: G1CollectForAllocation
Event: 3.034 Executing VM operation: G1CollectForAllocation done

Events (20 events):
Event: 2.718 loading class java/nio/file/FileVisitOption
Event: 2.718 loading class java/nio/file/FileVisitOption done
Event: 2.722 loading class java/util/stream/ReduceOps$1
Event: 2.722 loading class java/util/stream/ReduceOps$1 done
Event: 2.722 loading class java/util/stream/ReduceOps$1ReducingSink
Event: 2.722 loading class java/util/stream/ReduceOps$1ReducingSink done
Event: 2.728 loading class java/lang/management/MemoryType
Event: 2.728 loading class java/lang/management/MemoryType done
Event: 2.729 loading class java/lang/management/MemoryUsage
Event: 2.729 loading class java/lang/management/MemoryUsage done
Event: 2.729 loading class java/util/concurrent/LinkedBlockingDeque$Node
Event: 2.729 loading class java/util/concurrent/LinkedBlockingDeque$Node done
Event: 2.848 loading class java/util/Collections$2
Event: 2.848 loading class java/util/Collections$2 done
Event: 2.938 loading class java/util/function/LongFunction
Event: 2.938 loading class java/util/function/LongFunction done
Event: 2.990 loading class java/security/InvalidKeyException
Event: 2.990 loading class java/security/KeyException
Event: 2.990 loading class java/security/KeyException done
Event: 2.990 loading class java/security/InvalidKeyException done


Dynamic libraries:
0x00007ff770da0000 - 0x00007ff770daa000 	C:\Program Files\Android\Android Studio\jbr\bin\java.exe
0x00007ffc03e10000 - 0x00007ffc04027000 	C:\WINDOWS\SYSTEM32\ntdll.dll
0x00007ffc02c60000 - 0x00007ffc02d24000 	C:\WINDOWS\System32\KERNEL32.DLL
0x00007ffc01600000 - 0x00007ffc019ad000 	C:\WINDOWS\System32\KERNELBASE.dll
0x00007ffc01300000 - 0x00007ffc01411000 	C:\WINDOWS\System32\ucrtbase.dll
0x00007ffbfc490000 - 0x00007ffbfc4a7000 	C:\Program Files\Android\Android Studio\jbr\bin\jli.dll
0x00007ffbd7be0000 - 0x00007ffbd7bfb000 	C:\Program Files\Android\Android Studio\jbr\bin\VCRUNTIME140.dll
0x00007ffc02030000 - 0x00007ffc021de000 	C:\WINDOWS\System32\USER32.dll
0x00007ffc01560000 - 0x00007ffc01586000 	C:\WINDOWS\System32\win32u.dll
0x00007ffc032c0000 - 0x00007ffc032e9000 	C:\WINDOWS\System32\GDI32.dll
0x00007ffbe3860000 - 0x00007ffbe3af3000 	C:\WINDOWS\WinSxS\amd64_microsoft.windows.common-controls_6595b64144ccf1df_6.0.22621.3672_none_2713b9d173822955\COMCTL32.dll
0x00007ffc011e0000 - 0x00007ffc012f9000 	C:\WINDOWS\System32\gdi32full.dll
0x00007ffc01e50000 - 0x00007ffc01ef7000 	C:\WINDOWS\System32\msvcrt.dll
0x00007ffc01140000 - 0x00007ffc011da000 	C:\WINDOWS\System32\msvcp_win.dll
0x00007ffc02c10000 - 0x00007ffc02c41000 	C:\WINDOWS\System32\IMM32.DLL
0x00007ffbe6a30000 - 0x00007ffbe6a3c000 	C:\Program Files\Android\Android Studio\jbr\bin\vcruntime140_1.dll
0x00007ffb8a370000 - 0x00007ffb8a3fd000 	C:\Program Files\Android\Android Studio\jbr\bin\msvcp140.dll
0x00007ffb882f0000 - 0x00007ffb88f73000 	C:\Program Files\Android\Android Studio\jbr\bin\server\jvm.dll
0x00007ffc02a50000 - 0x00007ffc02b02000 	C:\WINDOWS\System32\ADVAPI32.dll
0x00007ffc01bf0000 - 0x00007ffc01c99000 	C:\WINDOWS\System32\sechost.dll
0x00007ffc01b20000 - 0x00007ffc01b48000 	C:\WINDOWS\System32\bcrypt.dll
0x00007ffc03c30000 - 0x00007ffc03d44000 	C:\WINDOWS\System32\RPCRT4.dll
0x00007ffbf70b0000 - 0x00007ffbf70ba000 	C:\WINDOWS\SYSTEM32\VERSION.dll
0x00007ffbe5c00000 - 0x00007ffbe5c09000 	C:\WINDOWS\SYSTEM32\WSOCK32.dll
0x00007ffbfad90000 - 0x00007ffbfadc4000 	C:\WINDOWS\SYSTEM32\WINMM.dll
0x00007ffc01000000 - 0x00007ffc0104d000 	C:\WINDOWS\SYSTEM32\POWRPROF.dll
0x00007ffc03d50000 - 0x00007ffc03dc1000 	C:\WINDOWS\System32\WS2_32.dll
0x00007ffc00f30000 - 0x00007ffc00f43000 	C:\WINDOWS\SYSTEM32\UMPDC.dll
0x00007ffc00170000 - 0x00007ffc00188000 	C:\WINDOWS\SYSTEM32\kernel.appcore.dll
0x00007ffbbc740000 - 0x00007ffbbc74a000 	C:\Program Files\Android\Android Studio\jbr\bin\jimage.dll
0x00007ffbf7ce0000 - 0x00007ffbf7f12000 	C:\WINDOWS\SYSTEM32\DBGHELP.DLL
0x00007ffc02e10000 - 0x00007ffc03198000 	C:\WINDOWS\System32\combase.dll
0x00007ffc02d30000 - 0x00007ffc02e07000 	C:\WINDOWS\System32\OLEAUT32.dll
0x00007ffbe3bf0000 - 0x00007ffbe3c22000 	C:\WINDOWS\SYSTEM32\dbgcore.DLL
0x00007ffc01420000 - 0x00007ffc0149b000 	C:\WINDOWS\System32\bcryptPrimitives.dll
0x00007ffbfc4b0000 - 0x00007ffbfc4be000 	C:\Program Files\Android\Android Studio\jbr\bin\instrument.dll
0x00007ffb882c0000 - 0x00007ffb882e5000 	C:\Program Files\Android\Android Studio\jbr\bin\java.dll
0x00007ffba0040000 - 0x00007ffba0058000 	C:\Program Files\Android\Android Studio\jbr\bin\zip.dll
0x00007ffc032f0000 - 0x00007ffc03b4f000 	C:\WINDOWS\System32\SHELL32.dll
0x00007ffbff090000 - 0x00007ffbff98c000 	C:\WINDOWS\SYSTEM32\windows.storage.dll
0x00007ffbfef50000 - 0x00007ffbff08f000 	C:\WINDOWS\SYSTEM32\wintypes.dll
0x00007ffc031c0000 - 0x00007ffc032b4000 	C:\WINDOWS\System32\SHCORE.dll
0x00007ffc03bd0000 - 0x00007ffc03c2e000 	C:\WINDOWS\System32\shlwapi.dll
0x00007ffc01070000 - 0x00007ffc01091000 	C:\WINDOWS\SYSTEM32\profapi.dll
0x00007ffb882a0000 - 0x00007ffb882b9000 	C:\Program Files\Android\Android Studio\jbr\bin\net.dll
0x00007ffbfcd00000 - 0x00007ffbfce36000 	C:\WINDOWS\SYSTEM32\WINHTTP.dll
0x00007ffc005e0000 - 0x00007ffc00649000 	C:\WINDOWS\system32\mswsock.dll
0x00007ffb88280000 - 0x00007ffb88296000 	C:\Program Files\Android\Android Studio\jbr\bin\nio.dll
0x00007ffbfc4c0000 - 0x00007ffbfc4d0000 	C:\Program Files\Android\Android Studio\jbr\bin\verify.dll
0x00007ffb857d0000 - 0x00007ffb857f7000 	C:\Users\23480\.gradle\native\c067742578af261105cb4f569cf0c3c89f3d7b1fecec35dd04571415982c5e48\windows-amd64\native-platform.dll
0x00007ffb73200000 - 0x00007ffb73344000 	C:\Users\23480\.gradle\native\38dada09dfb8b06ba9b0570ebf7e218e3eb74d4ef43ca46872605cf95ebc2f47\windows-amd64\native-platform-file-events.dll
0x00007ffb87e50000 - 0x00007ffb87e59000 	C:\Program Files\Android\Android Studio\jbr\bin\management.dll
0x00007ffb87e40000 - 0x00007ffb87e4b000 	C:\Program Files\Android\Android Studio\jbr\bin\management_ext.dll
0x00007ffc01be0000 - 0x00007ffc01be8000 	C:\WINDOWS\System32\PSAPI.DLL
0x00007ffc00840000 - 0x00007ffc0085b000 	C:\WINDOWS\SYSTEM32\CRYPTSP.dll
0x00007ffc000d0000 - 0x00007ffc00105000 	C:\WINDOWS\system32\rsaenh.dll
0x00007ffc006e0000 - 0x00007ffc00708000 	C:\WINDOWS\SYSTEM32\USERENV.dll
0x00007ffc00860000 - 0x00007ffc0086c000 	C:\WINDOWS\SYSTEM32\CRYPTBASE.dll
0x00007ffbffbf0000 - 0x00007ffbffc1d000 	C:\WINDOWS\SYSTEM32\IPHLPAPI.DLL
0x00007ffc02c50000 - 0x00007ffc02c59000 	C:\WINDOWS\System32\NSI.dll
0x00007ffbfcce0000 - 0x00007ffbfccf9000 	C:\WINDOWS\SYSTEM32\dhcpcsvc6.DLL
0x00007ffbfcb40000 - 0x00007ffbfcb5f000 	C:\WINDOWS\SYSTEM32\dhcpcsvc.DLL
0x00007ffbffc20000 - 0x00007ffbffd18000 	C:\WINDOWS\SYSTEM32\DNSAPI.dll
0x00007ffb8a6e0000 - 0x00007ffb8a6e9000 	C:\Program Files\Android\Android Studio\jbr\bin\extnet.dll
0x00007ffbb0c30000 - 0x00007ffbb0c38000 	C:\WINDOWS\system32\wshunix.dll

dbghelp: loaded successfully - version: 4.0.5 - missing functions: none
symbol engine: initialized successfully - sym options: 0x614 - pdb path: .;C:\Program Files\Android\Android Studio\jbr\bin;C:\WINDOWS\SYSTEM32;C:\WINDOWS\WinSxS\amd64_microsoft.windows.common-controls_6595b64144ccf1df_6.0.22621.3672_none_2713b9d173822955;C:\Program Files\Android\Android Studio\jbr\bin\server;C:\Users\23480\.gradle\native\c067742578af261105cb4f569cf0c3c89f3d7b1fecec35dd04571415982c5e48\windows-amd64;C:\Users\23480\.gradle\native\38dada09dfb8b06ba9b0570ebf7e218e3eb74d4ef43ca46872605cf95ebc2f47\windows-amd64

VM Arguments:
jvm_args: --add-opens=java.base/java.util=ALL-UNNAMED --add-opens=java.base/java.lang=ALL-UNNAMED --add-opens=java.base/java.lang.invoke=ALL-UNNAMED --add-opens=java.prefs/java.util.prefs=ALL-UNNAMED --add-opens=java.base/java.nio.charset=ALL-UNNAMED --add-opens=java.base/java.net=ALL-UNNAMED --add-opens=java.base/java.util.concurrent.atomic=ALL-UNNAMED -Xmx2048m -Dfile.encoding=UTF-8 -Duser.country=US -Duser.language=en -Duser.variant -javaagent:C:\Users\23480\.gradle\wrapper\dists\gradle-8.7-bin\bhs2wmbdwecv87pi65oeuq5iu\gradle-8.7\lib\agents\gradle-instrumentation-agent-8.7.jar 
java_command: org.gradle.launcher.daemon.bootstrap.GradleDaemon 8.7
java_class_path (initial): C:\Users\23480\.gradle\wrapper\dists\gradle-8.7-bin\bhs2wmbdwecv87pi65oeuq5iu\gradle-8.7\lib\gradle-launcher-8.7.jar
Launcher Type: SUN_STANDARD

[Global flags]
     intx CICompilerCount                          = 4                                         {product} {ergonomic}
     uint ConcGCThreads                            = 2                                         {product} {ergonomic}
     uint G1ConcRefinementThreads                  = 8                                         {product} {ergonomic}
   size_t G1HeapRegionSize                         = 1048576                                   {product} {ergonomic}
    uintx GCDrainStackTargetSize                   = 64                                        {product} {ergonomic}
   size_t InitialHeapSize                          = 123731968                                 {product} {ergonomic}
   size_t MarkStackSize                            = 4194304                                   {product} {ergonomic}
   size_t MaxHeapSize                              = 2147483648                                {product} {command line}
   size_t MaxNewSize                               = 1287651328                                {product} {ergonomic}
   size_t MinHeapDeltaBytes                        = 1048576                                   {product} {ergonomic}
   size_t MinHeapSize                              = 8388608                                   {product} {ergonomic}
    uintx NonNMethodCodeHeapSize                   = 5839372                                {pd product} {ergonomic}
    uintx NonProfiledCodeHeapSize                  = 122909434                              {pd product} {ergonomic}
    uintx ProfiledCodeHeapSize                     = 122909434                              {pd product} {ergonomic}
    uintx ReservedCodeCacheSize                    = 251658240                              {pd product} {ergonomic}
     bool SegmentedCodeCache                       = true                                      {product} {ergonomic}
   size_t SoftMaxHeapSize                          = 2147483648                             {manageable} {ergonomic}
     bool UseCompressedClassPointers               = true                           {product lp64_product} {ergonomic}
     bool UseCompressedOops                        = true                           {product lp64_product} {ergonomic}
     bool UseG1GC                                  = true                                      {product} {ergonomic}
     bool UseLargePagesIndividualAllocation        = false                                  {pd product} {ergonomic}

Logging:
Log output configuration:
 #0: stdout all=warning uptime,level,tags
 #1: stderr all=off uptime,level,tags

Environment Variables:
PATH=C:\WINDOWS\system32;C:\WINDOWS;C:\WINDOWS\System32\Wbem;C:\WINDOWS\System32\WindowsPowerShell\v1.0\;C:\WINDOWS\System32\OpenSSH\;C:\Program Files\nodejs\;C:\Program Files\HP\HP One Agent;C:\Program Files\Git\cmd;C:\Users\23480\AppData\Local\Programs\Python\Python311\Scripts\;C:\Users\23480\AppData\Local\Programs\Python\Python311\;C:\Users\23480\AppData\Local\Microsoft\WindowsApps;C:\Users\23480\AppData\Local\atom\bin;C:\Users\23480\AppData\Local\Programs\Microsoft VS Code\bin;C:\Users\23480\AppData\Local\Microsoft\WindowsApps;;C:\Program Files\JetBrains\IntelliJ IDEA Community Edition 2023.2.1\bin;;C:\Users\23480\AppData\Roaming\npm
USERNAME=23480
OS=Windows_NT
PROCESSOR_IDENTIFIER=AMD64 Family 23 Model 104 Stepping 1, AuthenticAMD
TMP=C:\Users\23480\AppData\Local\Temp
TEMP=C:\Users\23480\AppData\Local\Temp



Periodic native trim disabled

JNI global refs:
JNI global refs: 23, weak refs: 0

JNI global refs memory usage: 843, weak refs: 209

OOME stack traces (most recent first):
Classloader memory used:
Loader bootstrap                                                                       : 1896K
Loader org.gradle.internal.classloader.VisitableURLClassLoader                         : 1234K
Loader org.gradle.initialization.MixInLegacyTypesClassLoader                           : 152K
Loader jdk.internal.loader.ClassLoaders$AppClassLoader                                 : 28714B
Loader jdk.internal.loader.ClassLoaders$PlatformClassLoader                            : 14834B
Loader jdk.internal.reflect.DelegatingClassLoader                                      : 2254B

Classes loaded by more than one classloader:
Class org.gradle.internal.installation.GradleInstallation                             : loaded 2 times (x 73B)
Class org.gradle.internal.classpath.ClassPath                                         : loaded 2 times (x 68B)
Class org.gradle.api.internal.classpath.DefaultModuleRegistry                         : loaded 2 times (x 84B)
Class org.gradle.api.Action                                                           : loaded 2 times (x 68B)
Class org.gradle.api.internal.DefaultClassPathProvider                                : loaded 2 times (x 74B)
Class org.gradle.internal.installation.GradleInstallation$1                           : loaded 2 times (x 73B)
Class org.gradle.internal.classloader.FilteringClassLoader                            : loaded 2 times (x 103B)
Class org.gradle.internal.classpath.DefaultClassPath$ImmutableUniqueList$Builder      : loaded 2 times (x 73B)
Class org.gradle.internal.classloader.ClassLoaderVisitor                              : loaded 2 times (x 74B)
Class org.gradle.internal.service.DefaultServiceLocator                               : loaded 2 times (x 81B)
Class org.gradle.internal.service.UnknownServiceException                             : loaded 2 times (x 81B)
Class org.gradle.internal.classloader.DefaultClassLoaderFactory                       : loaded 2 times (x 80B)
Class org.gradle.internal.classloader.VisitableURLClassLoader$Spec                    : loaded 2 times (x 72B)
Class org.gradle.api.GradleException                                                  : loaded 2 times (x 80B)
Class org.gradle.api.internal.classpath.ModuleRegistry                                : loaded 2 times (x 68B)
Class org.gradle.api.internal.ClassPathProvider                                       : loaded 2 times (x 68B)
Class org.gradle.internal.classloader.ClasspathUtil$1                                 : loaded 2 times (x 74B)
Class org.gradle.internal.classloader.ClassLoaderFactory                              : loaded 2 times (x 68B)
Class org.gradle.api.internal.classpath.ManifestUtil                                  : loaded 2 times (x 69B)
Class org.gradle.api.specs.Spec                                                       : loaded 2 times (x 68B)
Class org.gradle.internal.IoActions                                                   : loaded 2 times (x 69B)
Class org.gradle.api.internal.classpath.EffectiveClassPath                            : loaded 2 times (x 88B)
Class org.gradle.internal.installation.CurrentGradleInstallation                      : loaded 2 times (x 71B)
Class org.gradle.internal.agents.InstrumentingClassLoader                             : loaded 2 times (x 68B)
Class org.gradle.internal.installation.CurrentGradleInstallationLocator               : loaded 2 times (x 69B)
Class org.gradle.api.internal.classpath.Module                                        : loaded 2 times (x 68B)
Class org.gradle.internal.service.CachingServiceLocator                               : loaded 2 times (x 80B)
Class org.gradle.internal.classpath.DefaultClassPath                                  : loaded 2 times (x 88B)
Class org.gradle.internal.classloader.SystemClassLoaderSpec                           : loaded 2 times (x 69B)
Class org.gradle.api.UncheckedIOException                                             : loaded 2 times (x 80B)
Class org.gradle.internal.classloader.ClasspathUtil                                   : loaded 2 times (x 69B)
Class org.gradle.api.internal.DefaultClassPathRegistry                                : loaded 2 times (x 74B)
Class org.gradle.api.internal.classpath.DefaultModuleRegistry$DefaultModule           : loaded 2 times (x 84B)
Class org.gradle.api.internal.classpath.UnknownModuleException                        : loaded 2 times (x 80B)
Class org.gradle.internal.service.ServiceLookupException                              : loaded 2 times (x 80B)
Class org.gradle.cache.GlobalCache                                                    : loaded 2 times (x 68B)
Class [Lorg.gradle.api.internal.ClassPathProvider;                                    : loaded 2 times (x 67B)
Class org.gradle.util.internal.GUtil                                                  : loaded 2 times (x 69B)
Class org.gradle.internal.classloader.ClassLoaderSpec                                 : loaded 2 times (x 69B)
Class org.gradle.internal.classloader.VisitableURLClassLoader                         : loaded 2 times (x 115B)
Class org.gradle.internal.Cast                                                        : loaded 2 times (x 69B)
Class org.gradle.api.internal.ClassPathRegistry                                       : loaded 2 times (x 68B)
Class org.gradle.internal.classloader.VisitableURLClassLoader$InstrumentingVisitableURLClassLoader: loaded 2 times (x 121B)
Class org.gradle.internal.classloader.ClassLoaderHierarchy                            : loaded 2 times (x 68B)
Class org.gradle.internal.InternalTransformer                                         : loaded 2 times (x 68B)
Class org.gradle.internal.service.ServiceLocator                                      : loaded 2 times (x 68B)
Class org.gradle.internal.classpath.DefaultClassPath$ImmutableUniqueList              : loaded 2 times (x 159B)
Class org.gradle.internal.classpath.TransformedClassPath                              : loaded 2 times (x 94B)


---------------  S Y S T E M  ---------------

OS:
 Windows 11 , 64 bit Build 22621 (10.0.22621.3672)
OS uptime: 0 days 0:20 hours

CPU: total 8 (initial active 8) (8 cores per cpu, 2 threads per core) family 23 model 104 stepping 1 microcode 0x0, cx8, cmov, fxsr, ht, mmx, 3dnowpref, sse, sse2, sse3, ssse3, sse4a, sse4.1, sse4.2, popcnt, lzcnt, tsc, tscinvbit, avx, avx2, aes, clmul, bmi1, bmi2, adx, sha, fma, vzeroupper, clflush, clflushopt
Processor Information for processor 0
  Max Mhz: 2600, Current Mhz: 2600, Mhz Limit: 2600
Processor Information for processor 1
  Max Mhz: 2600, Current Mhz: 2600, Mhz Limit: 2600
Processor Information for processor 2
  Max Mhz: 2600, Current Mhz: 2600, Mhz Limit: 2600
Processor Information for processor 3
  Max Mhz: 2600, Current Mhz: 2003, Mhz Limit: 2600
Processor Information for processor 4
  Max Mhz: 2600, Current Mhz: 2600, Mhz Limit: 2600
Processor Information for processor 5
  Max Mhz: 2600, Current Mhz: 2600, Mhz Limit: 2600
Processor Information for processor 6
  Max Mhz: 2600, Current Mhz: 2600, Mhz Limit: 2600
Processor Information for processor 7
  Max Mhz: 2600, Current Mhz: 2600, Mhz Limit: 2600

Memory: 4k page, system-wide physical 7502M (313M free)
TotalPageFile size 11571M (AvailPageFile size 6M)
current process WorkingSet (physical memory assigned to process): 168M, peak: 168M
current process commit charge ("private bytes"): 213M, peak: 256M

vm_info: OpenJDK 64-Bit Server VM (17.0.10+0--11609105) for windows-amd64 JRE (17.0.10+0--11609105), built on Mar 21 2024 19:10:56 by "androidbuild" with MS VC++ 16.10 / 16.11 (VS2019)

END.
