#
# There is insufficient memory for the Java Runtime Environment to continue.
# Native memory allocation (mmap) failed to map 77594624 bytes for G1 virtual space
# Possible reasons:
#   The system is out of physical RAM or swap space
#   The process is running with CompressedOops enabled, and the Java Heap may be blocking the growth of the native heap
# Possible solutions:
#   Reduce memory load on the system
#   Increase physical memory or swap space
#   Check if swap backing store is full
#   Decrease Java heap size (-Xmx/-Xms)
#   Decrease number of Java threads
#   Decrease Java thread stack sizes (-Xss)
#   Set larger code cache with -XX:ReservedCodeCacheSize=
#   JVM is running with Unscaled Compressed Oops mode in which the Java heap is
#     placed in the first 4GB address space. The Java Heap base address is the
#     maximum limit for the native heap growth. Please use -XX:HeapBaseMinAddress
#     to set the Java Heap base and to place the Java Heap above 4GB virtual address.
# This output file may be truncated or incomplete.
#
#  Out of Memory Error (os_windows.cpp:3825), pid=8816, tid=11800
#
# JRE version: OpenJDK Runtime Environment (17.0.10) (build 17.0.10+0--11609105)
# Java VM: OpenJDK 64-Bit Server VM (17.0.10+0--11609105, mixed mode, tiered, compressed oops, compressed class ptrs, g1 gc, windows-amd64)
# No core dump will be written. Minidumps are not enabled by default on client versions of Windows
#

---------------  S U M M A R Y ------------

Command Line: org.jetbrains.kotlin.cli.jvm.K2JVMCompiler @C:\Users\23480\AndroidStudioProjects\RickMorty\app\build\20240729_4216764935172853629.compiler.options

Host: AMD Ryzen 3 5300U with Radeon Graphics         , 8 cores, 7G,  Windows 11 , 64 bit Build 22621 (10.0.22621.3672)
Time: Mon Jul 29 11:40:15 2024 W. Central Africa Standard Time elapsed time: 11.935150 seconds (0d 0h 0m 11s)

---------------  T H R E A D  ---------------

Current thread (0x000002defef12aa0):  VMThread "VM Thread" [stack: 0x000000f474200000,0x000000f474300000] [id=11800]

Stack: [0x000000f474200000,0x000000f474300000]
Native frames: (J=compiled Java code, j=interpreted, Vv=VM code, C=native code)
V  [jvm.dll+0x688de9]
V  [jvm.dll+0x8423da]
V  [jvm.dll+0x84401e]
V  [jvm.dll+0x844683]
V  [jvm.dll+0x24be0f]
V  [jvm.dll+0x685bb9]
V  [jvm.dll+0x67a46a]
V  [jvm.dll+0x30cbab]
V  [jvm.dll+0x314056]
V  [jvm.dll+0x363dce]
V  [jvm.dll+0x363fff]
V  [jvm.dll+0x2e2978]
V  [jvm.dll+0x2e0b54]
V  [jvm.dll+0x2e015c]
V  [jvm.dll+0x32502b]
V  [jvm.dll+0x848d7b]
V  [jvm.dll+0x849ac1]
V  [jvm.dll+0x849fdd]
V  [jvm.dll+0x84a3b4]
V  [jvm.dll+0x84a480]
V  [jvm.dll+0x7f0c7a]
V  [jvm.dll+0x687c65]
C  [ucrtbase.dll+0x29333]
C  [KERNEL32.DLL+0x1257d]
C  [ntdll.dll+0x5af28]

VM_Operation (0x000000f473cfc970): G1CollectForAllocation, mode: safepoint, requested by thread 0x000002deeb1ba690


---------------  P R O C E S S  ---------------

Threads class SMR info:
_java_thread_list=0x000002de8c55e980, length=14, elements={
0x000002deeb1ba690, 0x000002defef4e270, 0x000002de85aa0080, 0x000002de85aec640,
0x000002de85aed1d0, 0x000002de85ae0560, 0x000002de85ae1440, 0x000002de85ae1d10,
0x000002de85af3830, 0x000002de85af4140, 0x000002de85c5e170, 0x000002de85c72010,
0x000002de8c4606a0, 0x000002de8c536740
}

Java Threads: ( => current thread )
  0x000002deeb1ba690 JavaThread "main" [_thread_blocked, id=14392, stack(0x000000f473c00000,0x000000f473d00000)]
  0x000002defef4e270 JavaThread "Reference Handler" daemon [_thread_blocked, id=4512, stack(0x000000f474300000,0x000000f474400000)]
  0x000002de85aa0080 JavaThread "Finalizer" daemon [_thread_blocked, id=5680, stack(0x000000f474400000,0x000000f474500000)]
  0x000002de85aec640 JavaThread "Signal Dispatcher" daemon [_thread_blocked, id=16164, stack(0x000000f474500000,0x000000f474600000)]
  0x000002de85aed1d0 JavaThread "Attach Listener" daemon [_thread_blocked, id=16964, stack(0x000000f474600000,0x000000f474700000)]
  0x000002de85ae0560 JavaThread "Service Thread" daemon [_thread_blocked, id=20464, stack(0x000000f474700000,0x000000f474800000)]
  0x000002de85ae1440 JavaThread "Monitor Deflation Thread" daemon [_thread_blocked, id=10428, stack(0x000000f474800000,0x000000f474900000)]
  0x000002de85ae1d10 JavaThread "C2 CompilerThread0" daemon [_thread_blocked, id=9272, stack(0x000000f474900000,0x000000f474a00000)]
  0x000002de85af3830 JavaThread "C1 CompilerThread0" daemon [_thread_blocked, id=16716, stack(0x000000f474a00000,0x000000f474b00000)]
  0x000002de85af4140 JavaThread "Sweeper thread" daemon [_thread_blocked, id=15092, stack(0x000000f474b00000,0x000000f474c00000)]
  0x000002de85c5e170 JavaThread "Notification Thread" daemon [_thread_blocked, id=8668, stack(0x000000f474c00000,0x000000f474d00000)]
  0x000002de85c72010 JavaThread "Common-Cleaner" daemon [_thread_blocked, id=10440, stack(0x000000f474e00000,0x000000f474f00000)]
  0x000002de8c4606a0 JavaThread "C2 CompilerThread1" daemon [_thread_blocked, id=4444, stack(0x000000f474f00000,0x000000f475000000)]
  0x000002de8c536740 JavaThread "C2 CompilerThread2" daemon [_thread_blocked, id=2448, stack(0x000000f475800000,0x000000f475900000)]

Other Threads:
=>0x000002defef12aa0 VMThread "VM Thread" [stack: 0x000000f474200000,0x000000f474300000] [id=11800]
  0x000002de85c60660 WatcherThread [stack: 0x000000f474d00000,0x000000f474e00000] [id=18708]
  0x000002deeb210e00 GCTaskThread "GC Thread#0" [stack: 0x000000f473d00000,0x000000f473e00000] [id=312]
  0x000002de8a281c90 GCTaskThread "GC Thread#1" [stack: 0x000000f475000000,0x000000f475100000] [id=2724]
  0x000002de8a3a23e0 GCTaskThread "GC Thread#2" [stack: 0x000000f475100000,0x000000f475200000] [id=9736]
  0x000002de8a3c0d90 GCTaskThread "GC Thread#3" [stack: 0x000000f475200000,0x000000f475300000] [id=5692]
  0x000002de8a3c1050 GCTaskThread "GC Thread#4" [stack: 0x000000f475300000,0x000000f475400000] [id=13680]
  0x000002de8aa6c410 GCTaskThread "GC Thread#5" [stack: 0x000000f475400000,0x000000f475500000] [id=6108]
  0x000002de8ab9ebd0 GCTaskThread "GC Thread#6" [stack: 0x000000f475500000,0x000000f475600000] [id=14948]
  0x000002de8aa9e5f0 GCTaskThread "GC Thread#7" [stack: 0x000000f475600000,0x000000f475700000] [id=19356]
  0x000002deeb2216f0 ConcurrentGCThread "G1 Main Marker" [stack: 0x000000f473e00000,0x000000f473f00000] [id=12848]
  0x000002deeb2227c0 ConcurrentGCThread "G1 Conc#0" [stack: 0x000000f473f00000,0x000000f474000000] [id=14324]
  0x000002de8aa3b8b0 ConcurrentGCThread "G1 Conc#1" [stack: 0x000000f475700000,0x000000f475800000] [id=19576]
  0x000002deeb2685b0 ConcurrentGCThread "G1 Refine#0" [stack: 0x000000f474000000,0x000000f474100000] [id=19488]
  0x000002de8d0c4fa0 ConcurrentGCThread "G1 Refine#1" [stack: 0x000000f475900000,0x000000f475a00000] [id=11688]
  0x000002deeb268ef0 ConcurrentGCThread "G1 Service" [stack: 0x000000f474100000,0x000000f474200000] [id=968]

Threads with active compile tasks:
C1 CompilerThread0    11962 8110       3       org.jetbrains.org.objectweb.asm.Type::getSort (19 bytes)

VM state: at safepoint (normal execution)

VM Mutex/Monitor currently owned by a thread:  ([mutex/lock_event])
[0x000002deeb1b5290] Threads_lock - owner thread: 0x000002defef12aa0
[0x000002deeb1b5ef0] Heap_lock - owner thread: 0x000002deeb1ba690

Heap address: 0x000000008ac00000, size: 1876 MB, Compressed Oops mode: 32-bit

CDS archive(s) not mapped
Compressed class space mapped at: 0x0000000100000000-0x0000000140000000, reserved size: 1073741824
Narrow klass base: 0x0000000000000000, Narrow klass shift: 3, Narrow klass range: 0x140000000

GC Precious Log:
 CPUs: 8 total, 8 available
 Memory: 7502M
 Large Page Support: Disabled
 NUMA Support: Disabled
 Compressed Oops: Enabled (32-bit)
 Heap Region Size: 1M
 Heap Min Capacity: 8M
 Heap Initial Capacity: 118M
 Heap Max Capacity: 1876M
 Pre-touch: Disabled
 Parallel Workers: 8
 Concurrent Workers: 2
 Concurrent Refinement Workers: 8
 Periodic GC: Disabled

Heap:
 garbage-first heap   total 120832K, used 56320K [0x000000008ac00000, 0x0000000100000000)
  region size 1024K, 4 young (4096K), 4 survivors (4096K)
 Metaspace       used 73721K, committed 74048K, reserved 1114112K
  class space    used 8742K, committed 8896K, reserved 1048576K

Heap Regions: E=young(eden), S=young(survivor), O=old, HS=humongous(starts), HC=humongous(continues), CS=collection set, F=free, OA=open archive, CA=closed archive, TAMS=top-at-mark-start (previous, next)
|   0|0x000000008ac00000, 0x000000008ad00000, 0x000000008ad00000|100%|HS|  |TAMS 0x000000008ad00000, 0x000000008ad00000| Complete 
|   1|0x000000008ad00000, 0x000000008ae00000, 0x000000008ae00000|100%|HC|  |TAMS 0x000000008ae00000, 0x000000008ae00000| Complete 
|   2|0x000000008ae00000, 0x000000008af00000, 0x000000008af00000|100%|HC|  |TAMS 0x000000008af00000, 0x000000008af00000| Complete 
|   3|0x000000008af00000, 0x000000008b000000, 0x000000008b000000|100%|HC|  |TAMS 0x000000008b000000, 0x000000008b000000| Complete 
|   4|0x000000008b000000, 0x000000008b100000, 0x000000008b100000|100%| O|  |TAMS 0x000000008b100000, 0x000000008b100000| Untracked 
|   5|0x000000008b100000, 0x000000008b200000, 0x000000008b200000|100%| O|  |TAMS 0x000000008b200000, 0x000000008b200000| Untracked 
|   6|0x000000008b200000, 0x000000008b300000, 0x000000008b300000|100%| O|  |TAMS 0x000000008b300000, 0x000000008b300000| Untracked 
|   7|0x000000008b300000, 0x000000008b400000, 0x000000008b400000|100%| O|  |TAMS 0x000000008b400000, 0x000000008b400000| Untracked 
|   8|0x000000008b400000, 0x000000008b500000, 0x000000008b500000|100%| O|  |TAMS 0x000000008b500000, 0x000000008b500000| Untracked 
|   9|0x000000008b500000, 0x000000008b600000, 0x000000008b600000|100%| O|  |TAMS 0x000000008b500000, 0x000000008b600000| Untracked 
|  10|0x000000008b600000, 0x000000008b700000, 0x000000008b700000|100%| O|  |TAMS 0x000000008b700000, 0x000000008b700000| Untracked 
|  11|0x000000008b700000, 0x000000008b800000, 0x000000008b800000|100%| O|  |TAMS 0x000000008b800000, 0x000000008b800000| Untracked 
|  12|0x000000008b800000, 0x000000008b900000, 0x000000008b900000|100%| O|  |TAMS 0x000000008b900000, 0x000000008b900000| Untracked 
|  13|0x000000008b900000, 0x000000008ba00000, 0x000000008ba00000|100%| O|  |TAMS 0x000000008ba00000, 0x000000008ba00000| Untracked 
|  14|0x000000008ba00000, 0x000000008bb00000, 0x000000008bb00000|100%| O|  |TAMS 0x000000008bb00000, 0x000000008bb00000| Untracked 
|  15|0x000000008bb00000, 0x000000008bc00000, 0x000000008bc00000|100%| O|  |TAMS 0x000000008bc00000, 0x000000008bc00000| Untracked 
|  16|0x000000008bc00000, 0x000000008bd00000, 0x000000008bd00000|100%| O|  |TAMS 0x000000008bd00000, 0x000000008bd00000| Untracked 
|  17|0x000000008bd00000, 0x000000008be00000, 0x000000008be00000|100%|HS|  |TAMS 0x000000008be00000, 0x000000008be00000| Complete 
|  18|0x000000008be00000, 0x000000008bf00000, 0x000000008bf00000|100%|HC|  |TAMS 0x000000008bf00000, 0x000000008bf00000| Complete 
|  19|0x000000008bf00000, 0x000000008c000000, 0x000000008c000000|100%| O|  |TAMS 0x000000008c000000, 0x000000008c000000| Untracked 
|  20|0x000000008c000000, 0x000000008c100000, 0x000000008c100000|100%| O|  |TAMS 0x000000008c100000, 0x000000008c100000| Untracked 
|  21|0x000000008c100000, 0x000000008c200000, 0x000000008c200000|100%| O|  |TAMS 0x000000008c200000, 0x000000008c200000| Untracked 
|  22|0x000000008c200000, 0x000000008c300000, 0x000000008c300000|100%| O|  |TAMS 0x000000008c300000, 0x000000008c300000| Untracked 
|  23|0x000000008c300000, 0x000000008c400000, 0x000000008c400000|100%| O|  |TAMS 0x000000008c400000, 0x000000008c400000| Untracked 
|  24|0x000000008c400000, 0x000000008c500000, 0x000000008c500000|100%| O|  |TAMS 0x000000008c500000, 0x000000008c500000| Untracked 
|  25|0x000000008c500000, 0x000000008c600000, 0x000000008c600000|100%| O|  |TAMS 0x000000008c600000, 0x000000008c600000| Untracked 
|  26|0x000000008c600000, 0x000000008c700000, 0x000000008c700000|100%| O|  |TAMS 0x000000008c700000, 0x000000008c700000| Untracked 
|  27|0x000000008c700000, 0x000000008c800000, 0x000000008c800000|100%| O|  |TAMS 0x000000008c800000, 0x000000008c800000| Untracked 
|  28|0x000000008c800000, 0x000000008c900000, 0x000000008c900000|100%| O|  |TAMS 0x000000008c900000, 0x000000008c900000| Untracked 
|  29|0x000000008c900000, 0x000000008ca00000, 0x000000008ca00000|100%| O|  |TAMS 0x000000008ca00000, 0x000000008ca00000| Untracked 
|  30|0x000000008ca00000, 0x000000008cb00000, 0x000000008cb00000|100%| O|  |TAMS 0x000000008cb00000, 0x000000008cb00000| Untracked 
|  31|0x000000008cb00000, 0x000000008cc00000, 0x000000008cc00000|100%| O|  |TAMS 0x000000008cc00000, 0x000000008cc00000| Untracked 
|  32|0x000000008cc00000, 0x000000008cd00000, 0x000000008cd00000|100%| O|  |TAMS 0x000000008cd00000, 0x000000008cd00000| Untracked 
|  33|0x000000008cd00000, 0x000000008ce00000, 0x000000008ce00000|100%| O|  |TAMS 0x000000008ce00000, 0x000000008ce00000| Untracked 
|  34|0x000000008ce00000, 0x000000008cf00000, 0x000000008cf00000|100%| O|  |TAMS 0x000000008cf00000, 0x000000008cf00000| Untracked 
|  35|0x000000008cf00000, 0x000000008d000000, 0x000000008d000000|100%| O|  |TAMS 0x000000008d000000, 0x000000008d000000| Untracked 
|  36|0x000000008d000000, 0x000000008d100000, 0x000000008d100000|100%| O|  |TAMS 0x000000008d100000, 0x000000008d100000| Untracked 
|  37|0x000000008d100000, 0x000000008d200000, 0x000000008d200000|100%| O|  |TAMS 0x000000008d200000, 0x000000008d200000| Untracked 
|  38|0x000000008d200000, 0x000000008d300000, 0x000000008d300000|100%| O|  |TAMS 0x000000008d300000, 0x000000008d300000| Untracked 
|  39|0x000000008d300000, 0x000000008d400000, 0x000000008d400000|100%| O|  |TAMS 0x000000008d400000, 0x000000008d400000| Untracked 
|  40|0x000000008d400000, 0x000000008d400000, 0x000000008d500000|  0%| F|  |TAMS 0x000000008d400000, 0x000000008d400000| Untracked 
|  41|0x000000008d500000, 0x000000008d600000, 0x000000008d600000|100%| O|  |TAMS 0x000000008d600000, 0x000000008d600000| Untracked 
|  42|0x000000008d600000, 0x000000008d700000, 0x000000008d700000|100%| O|  |TAMS 0x000000008d700000, 0x000000008d700000| Untracked 
|  43|0x000000008d700000, 0x000000008d800000, 0x000000008d800000|100%| O|  |TAMS 0x000000008d800000, 0x000000008d800000| Untracked 
|  44|0x000000008d800000, 0x000000008d900000, 0x000000008d900000|100%| O|  |TAMS 0x000000008d900000, 0x000000008d900000| Untracked 
|  45|0x000000008d900000, 0x000000008da00000, 0x000000008da00000|100%| O|  |TAMS 0x000000008da00000, 0x000000008da00000| Untracked 
|  46|0x000000008da00000, 0x000000008db00000, 0x000000008db00000|100%| O|  |TAMS 0x000000008da00000, 0x000000008db00000| Untracked 
|  47|0x000000008db00000, 0x000000008dc00000, 0x000000008dc00000|100%| O|  |TAMS 0x000000008db00000, 0x000000008dc00000| Untracked 
|  48|0x000000008dc00000, 0x000000008dd00000, 0x000000008dd00000|100%| O|  |TAMS 0x000000008dc00000, 0x000000008dd00000| Untracked 
|  49|0x000000008dd00000, 0x000000008de00000, 0x000000008de00000|100%| O|  |TAMS 0x000000008dd00000, 0x000000008de00000| Untracked 
|  50|0x000000008de00000, 0x000000008df00000, 0x000000008df00000|100%| O|  |TAMS 0x000000008de00000, 0x000000008df00000| Untracked 
|  51|0x000000008df00000, 0x000000008e000000, 0x000000008e000000|100%| O|  |TAMS 0x000000008df00000, 0x000000008df86200| Untracked 
|  52|0x000000008e000000, 0x000000008e000000, 0x000000008e100000|  0%| F|  |TAMS 0x000000008e000000, 0x000000008e000000| Untracked 
|  53|0x000000008e100000, 0x000000008e100000, 0x000000008e200000|  0%| F|  |TAMS 0x000000008e100000, 0x000000008e100000| Untracked 
|  54|0x000000008e200000, 0x000000008e200000, 0x000000008e300000|  0%| F|  |TAMS 0x000000008e200000, 0x000000008e200000| Untracked 
|  55|0x000000008e300000, 0x000000008e300000, 0x000000008e400000|  0%| F|  |TAMS 0x000000008e300000, 0x000000008e300000| Untracked 
|  56|0x000000008e400000, 0x000000008e400000, 0x000000008e500000|  0%| F|  |TAMS 0x000000008e400000, 0x000000008e400000| Untracked 
|  57|0x000000008e500000, 0x000000008e500000, 0x000000008e600000|  0%| F|  |TAMS 0x000000008e500000, 0x000000008e500000| Untracked 
|  58|0x000000008e600000, 0x000000008e600000, 0x000000008e700000|  0%| F|  |TAMS 0x000000008e600000, 0x000000008e600000| Untracked 
|  59|0x000000008e700000, 0x000000008e700000, 0x000000008e800000|  0%| F|  |TAMS 0x000000008e700000, 0x000000008e700000| Untracked 
|  60|0x000000008e800000, 0x000000008e800000, 0x000000008e900000|  0%| F|  |TAMS 0x000000008e800000, 0x000000008e800000| Untracked 
|  61|0x000000008e900000, 0x000000008e900000, 0x000000008ea00000|  0%| F|  |TAMS 0x000000008e900000, 0x000000008e900000| Untracked 
|  62|0x000000008ea00000, 0x000000008ea00000, 0x000000008eb00000|  0%| F|  |TAMS 0x000000008ea00000, 0x000000008ea00000| Untracked 
|  63|0x000000008eb00000, 0x000000008eb00000, 0x000000008ec00000|  0%| F|  |TAMS 0x000000008eb00000, 0x000000008eb00000| Untracked 
|  64|0x000000008ec00000, 0x000000008ec00000, 0x000000008ed00000|  0%| F|  |TAMS 0x000000008ec00000, 0x000000008ec00000| Untracked 
|  65|0x000000008ed00000, 0x000000008ed00000, 0x000000008ee00000|  0%| F|  |TAMS 0x000000008ed00000, 0x000000008ed00000| Untracked 
|  66|0x000000008ee00000, 0x000000008ee00000, 0x000000008ef00000|  0%| F|  |TAMS 0x000000008ee00000, 0x000000008ee00000| Untracked 
|  67|0x000000008ef00000, 0x000000008f000000, 0x000000008f000000|100%| S|CS|TAMS 0x000000008ef00000, 0x000000008ef00000| Complete 
|  68|0x000000008f000000, 0x000000008f100000, 0x000000008f100000|100%| S|CS|TAMS 0x000000008f000000, 0x000000008f000000| Complete 
|  69|0x000000008f100000, 0x000000008f200000, 0x000000008f200000|100%| S|CS|TAMS 0x000000008f100000, 0x000000008f100000| Complete 
|  70|0x000000008f200000, 0x000000008f300000, 0x000000008f300000|100%| S|CS|TAMS 0x000000008f200000, 0x000000008f200000| Complete 
|  71|0x000000008f300000, 0x000000008f300000, 0x000000008f400000|  0%| F|  |TAMS 0x000000008f300000, 0x000000008f300000| Untracked 
|  72|0x000000008f400000, 0x000000008f400000, 0x000000008f500000|  0%| F|  |TAMS 0x000000008f400000, 0x000000008f400000| Untracked 
|  73|0x000000008f500000, 0x000000008f500000, 0x000000008f600000|  0%| F|  |TAMS 0x000000008f500000, 0x000000008f500000| Untracked 
|  74|0x000000008f600000, 0x000000008f600000, 0x000000008f700000|  0%| F|  |TAMS 0x000000008f600000, 0x000000008f600000| Untracked 
|  75|0x000000008f700000, 0x000000008f700000, 0x000000008f800000|  0%| F|  |TAMS 0x000000008f700000, 0x000000008f700000| Untracked 
|  76|0x000000008f800000, 0x000000008f800000, 0x000000008f900000|  0%| F|  |TAMS 0x000000008f800000, 0x000000008f800000| Untracked 
|  77|0x000000008f900000, 0x000000008f900000, 0x000000008fa00000|  0%| F|  |TAMS 0x000000008f900000, 0x000000008f900000| Untracked 
|  78|0x000000008fa00000, 0x000000008fa00000, 0x000000008fb00000|  0%| F|  |TAMS 0x000000008fa00000, 0x000000008fa00000| Untracked 
|  79|0x000000008fb00000, 0x000000008fb00000, 0x000000008fc00000|  0%| F|  |TAMS 0x000000008fb00000, 0x000000008fb00000| Untracked 
|  80|0x000000008fc00000, 0x000000008fc00000, 0x000000008fd00000|  0%| F|  |TAMS 0x000000008fc00000, 0x000000008fc00000| Untracked 
|  81|0x000000008fd00000, 0x000000008fd00000, 0x000000008fe00000|  0%| F|  |TAMS 0x000000008fd00000, 0x000000008fd00000| Untracked 
|  82|0x000000008fe00000, 0x000000008fe00000, 0x000000008ff00000|  0%| F|  |TAMS 0x000000008fe00000, 0x000000008fe00000| Untracked 
|  83|0x000000008ff00000, 0x000000008ff00000, 0x0000000090000000|  0%| F|  |TAMS 0x000000008ff00000, 0x000000008ff00000| Untracked 
|  84|0x0000000090000000, 0x0000000090000000, 0x0000000090100000|  0%| F|  |TAMS 0x0000000090000000, 0x0000000090000000| Untracked 
|  85|0x0000000090100000, 0x0000000090100000, 0x0000000090200000|  0%| F|  |TAMS 0x0000000090100000, 0x0000000090100000| Untracked 
|  86|0x0000000090200000, 0x0000000090200000, 0x0000000090300000|  0%| F|  |TAMS 0x0000000090200000, 0x0000000090200000| Untracked 
|  87|0x0000000090300000, 0x0000000090300000, 0x0000000090400000|  0%| F|  |TAMS 0x0000000090300000, 0x0000000090300000| Untracked 
|  88|0x0000000090400000, 0x0000000090400000, 0x0000000090500000|  0%| F|  |TAMS 0x0000000090400000, 0x0000000090400000| Untracked 
|  89|0x0000000090500000, 0x0000000090500000, 0x0000000090600000|  0%| F|  |TAMS 0x0000000090500000, 0x0000000090500000| Untracked 
|  90|0x0000000090600000, 0x0000000090600000, 0x0000000090700000|  0%| F|  |TAMS 0x0000000090600000, 0x0000000090600000| Untracked 
|  91|0x0000000090700000, 0x0000000090700000, 0x0000000090800000|  0%| F|  |TAMS 0x0000000090700000, 0x0000000090700000| Untracked 
|  92|0x0000000090800000, 0x0000000090800000, 0x0000000090900000|  0%| F|  |TAMS 0x0000000090800000, 0x0000000090800000| Untracked 
|  93|0x0000000090900000, 0x0000000090900000, 0x0000000090a00000|  0%| F|  |TAMS 0x0000000090900000, 0x0000000090900000| Untracked 
|  94|0x0000000090a00000, 0x0000000090a00000, 0x0000000090b00000|  0%| F|  |TAMS 0x0000000090a00000, 0x0000000090a00000| Untracked 
|  95|0x0000000090b00000, 0x0000000090b00000, 0x0000000090c00000|  0%| F|  |TAMS 0x0000000090b00000, 0x0000000090b00000| Untracked 
|  96|0x0000000090c00000, 0x0000000090c00000, 0x0000000090d00000|  0%| F|  |TAMS 0x0000000090c00000, 0x0000000090c00000| Untracked 
|  97|0x0000000090d00000, 0x0000000090d00000, 0x0000000090e00000|  0%| F|  |TAMS 0x0000000090d00000, 0x0000000090d00000| Untracked 
|  98|0x0000000090e00000, 0x0000000090e00000, 0x0000000090f00000|  0%| F|  |TAMS 0x0000000090e00000, 0x0000000090e00000| Untracked 
|  99|0x0000000090f00000, 0x0000000090f00000, 0x0000000091000000|  0%| F|  |TAMS 0x0000000090f00000, 0x0000000090f00000| Untracked 
| 100|0x0000000091000000, 0x0000000091000000, 0x0000000091100000|  0%| F|  |TAMS 0x0000000091000000, 0x0000000091000000| Untracked 
| 101|0x0000000091100000, 0x0000000091100000, 0x0000000091200000|  0%| F|  |TAMS 0x0000000091100000, 0x0000000091100000| Untracked 
| 102|0x0000000091200000, 0x0000000091200000, 0x0000000091300000|  0%| F|  |TAMS 0x0000000091200000, 0x0000000091200000| Untracked 
| 103|0x0000000091300000, 0x0000000091300000, 0x0000000091400000|  0%| F|  |TAMS 0x0000000091300000, 0x0000000091300000| Untracked 
| 104|0x0000000091400000, 0x0000000091400000, 0x0000000091500000|  0%| F|  |TAMS 0x0000000091400000, 0x0000000091400000| Untracked 
| 105|0x0000000091500000, 0x0000000091500000, 0x0000000091600000|  0%| F|  |TAMS 0x0000000091500000, 0x0000000091500000| Untracked 
| 106|0x0000000091600000, 0x0000000091600000, 0x0000000091700000|  0%| F|  |TAMS 0x0000000091600000, 0x0000000091600000| Untracked 
| 107|0x0000000091700000, 0x0000000091700000, 0x0000000091800000|  0%| F|  |TAMS 0x0000000091700000, 0x0000000091700000| Untracked 
| 108|0x0000000091800000, 0x0000000091800000, 0x0000000091900000|  0%| F|  |TAMS 0x0000000091800000, 0x0000000091800000| Untracked 
| 109|0x0000000091900000, 0x0000000091900000, 0x0000000091a00000|  0%| F|  |TAMS 0x0000000091900000, 0x0000000091900000| Untracked 
| 110|0x0000000091a00000, 0x0000000091a00000, 0x0000000091b00000|  0%| F|  |TAMS 0x0000000091a00000, 0x0000000091a00000| Untracked 
| 111|0x0000000091b00000, 0x0000000091b00000, 0x0000000091c00000|  0%| F|  |TAMS 0x0000000091b00000, 0x0000000091b00000| Untracked 
| 112|0x0000000091c00000, 0x0000000091c00000, 0x0000000091d00000|  0%| F|  |TAMS 0x0000000091c00000, 0x0000000091c00000| Untracked 
| 113|0x0000000091d00000, 0x0000000091d00000, 0x0000000091e00000|  0%| F|  |TAMS 0x0000000091d00000, 0x0000000091d00000| Untracked 
| 114|0x0000000091e00000, 0x0000000091e00000, 0x0000000091f00000|  0%| F|  |TAMS 0x0000000091e00000, 0x0000000091e00000| Untracked 
| 115|0x0000000091f00000, 0x0000000091f00000, 0x0000000092000000|  0%| F|  |TAMS 0x0000000091f00000, 0x0000000091f00000| Untracked 
| 116|0x0000000092000000, 0x0000000092000000, 0x0000000092100000|  0%| F|  |TAMS 0x0000000092000000, 0x0000000092000000| Untracked 
| 117|0x0000000092100000, 0x0000000092100000, 0x0000000092200000|  0%| F|  |TAMS 0x0000000092100000, 0x0000000092100000| Untracked 

Card table byte_map: [0x000002defdd70000,0x000002defe120000] _byte_map_base: 0x000002defd91a000

Marking Bits (Prev, Next): (CMBitMap*) 0x000002deeb211330, (CMBitMap*) 0x000002deeb211370
 Prev Bits: [0x000002de80000000, 0x000002de81d50000)
 Next Bits: [0x000002de81d50000, 0x000002de83aa0000)

Polling page: 0x000002dee9180000

Metaspace:

Usage:
  Non-class:     63.46 MB used.
      Class:      8.54 MB used.
       Both:     71.99 MB used.

Virtual space:
  Non-class space:       64.00 MB reserved,      63.62 MB (>99%) committed,  1 nodes.
      Class space:        1.00 GB reserved,       8.69 MB ( <1%) committed,  1 nodes.
             Both:        1.06 GB reserved,      72.31 MB (  7%) committed. 

Chunk freelists:
   Non-Class:  32.00 KB
       Class:  7.36 MB
        Both:  7.39 MB

MaxMetaspaceSize: unlimited
CompressedClassSpaceSize: 1.00 GB
Initial GC threshold: 21.00 MB
Current GC threshold: 109.38 MB
CDS: off
MetaspaceReclaimPolicy: balanced
 - commit_granule_bytes: 65536.
 - commit_granule_words: 8192.
 - virtual_space_node_default_size: 8388608.
 - enlarge_chunks_in_place: 1.
 - new_chunks_are_fully_committed: 0.
 - uncommit_free_chunks: 1.
 - use_allocation_guard: 0.
 - handle_deallocations: 1.


Internal statistics:

num_allocs_failed_limit: 6.
num_arena_births: 264.
num_arena_deaths: 0.
num_vsnodes_births: 2.
num_vsnodes_deaths: 0.
num_space_committed: 1155.
num_space_uncommitted: 0.
num_chunks_returned_to_freelist: 6.
num_chunks_taken_from_freelist: 2525.
num_chunk_merges: 6.
num_chunk_splits: 2138.
num_chunks_enlarged: 1951.
num_inconsistent_stats: 0.

CodeHeap 'non-profiled nmethods': size=120000Kb used=3805Kb max_used=3805Kb free=116194Kb
 bounds [0x000002def6160000, 0x000002def6520000, 0x000002defd690000]
CodeHeap 'profiled nmethods': size=120000Kb used=18494Kb max_used=18494Kb free=101505Kb
 bounds [0x000002deee690000, 0x000002deef8b0000, 0x000002def5bc0000]
CodeHeap 'non-nmethods': size=5760Kb used=1358Kb max_used=1446Kb free=4401Kb
 bounds [0x000002def5bc0000, 0x000002def5e30000, 0x000002def6160000]
 total_blobs=7894 nmethods=7207 adapters=598
 compilation: enabled
              stopped_count=0, restarted_count=0
 full_count=0

Compilation events (20 events):
Event: 11.891 Thread 0x000002de85af3830 nmethod 8095 0x000002deef89cc90 code [0x000002deef89d0e0, 0x000002deef89ef28]
Event: 11.894 Thread 0x000002de85af3830 8101       3       org.jetbrains.kotlin.ir.util.IdSignature$CommonSignature::getShortName (13 bytes)
Event: 11.894 Thread 0x000002de85af3830 nmethod 8101 0x000002deef89f790 code [0x000002deef89f940, 0x000002deef89fae8]
Event: 11.894 Thread 0x000002de85af3830 8102       3       org.jetbrains.kotlin.ir.types.IrTypePredicatesKt::isNotNullClassType (10 bytes)
Event: 11.894 Thread 0x000002de8c536740 8103       4       org.jetbrains.kotlin.ir.declarations.lazy.LazyScopedTypeParametersResolver::enterTypeParameterScope (15 bytes)
Event: 11.894 Thread 0x000002de85af3830 nmethod 8102 0x000002deef89fc10 code [0x000002deef89fdc0, 0x000002deef89ff48]
Event: 11.894 Thread 0x000002de85af3830 8104       1       org.jetbrains.kotlin.ir.declarations.lazy.IrLazyFunction::getName (5 bytes)
Event: 11.895 Thread 0x000002de85af3830 nmethod 8104 0x000002def6516510 code [0x000002def65166a0, 0x000002def6516778]
Event: 11.896 Thread 0x000002de85af3830 8105       3       org.jetbrains.kotlin.ir.util.IdSignature$CommonSignature::equals (79 bytes)
Event: 11.896 Thread 0x000002de8c4606a0 8107       4       org.jetbrains.kotlin.ir.declarations.lazy.IrLazySymbolTable::enterScope (15 bytes)
Event: 11.897 Thread 0x000002de85af3830 nmethod 8105 0x000002deef8a0010 code [0x000002deef8a0260, 0x000002deef8a0f58]
Event: 11.897 Thread 0x000002de85af3830 8106       3       org.jetbrains.kotlin.ir.types.IrTypePredicatesKt::hasFqNameEqualToSignature (69 bytes)
Event: 11.897 Thread 0x000002de8c536740 nmethod 8103 0x000002def6516810 code [0x000002def65169a0, 0x000002def6516b98]
Event: 11.898 Thread 0x000002de8c4606a0 nmethod 8107 0x000002def6516d10 code [0x000002def6516ea0, 0x000002def6516fc8]
Event: 11.898 Thread 0x000002de85af3830 nmethod 8106 0x000002deef8a1210 code [0x000002deef8a14c0, 0x000002deef8a1f38]
Event: 11.898 Thread 0x000002de85af3830 8108       1       org.jetbrains.kotlin.ir.declarations.lazy.IrLazyFunction::getCorrespondingPropertySymbol (5 bytes)
Event: 11.898 Thread 0x000002de85af3830 nmethod 8108 0x000002def6517190 code [0x000002def6517320, 0x000002def65173f8]
Event: 11.899 Thread 0x000002de85af3830 8109       3       org.jetbrains.kotlin.load.kotlin.JvmDescriptorTypeWriter::clearCurrentType (11 bytes)
Event: 11.899 Thread 0x000002de85af3830 nmethod 8109 0x000002deef8a2310 code [0x000002deef8a24a0, 0x000002deef8a25d8]
Event: 11.899 Thread 0x000002de85af3830 8110       3       org.jetbrains.org.objectweb.asm.Type::getSort (19 bytes)

GC Heap History (20 events):
Event: 5.833 GC heap after
{Heap after GC invocations=13 (full 0):
 garbage-first heap   total 75776K, used 31997K [0x000000008ac00000, 0x0000000100000000)
  region size 1024K, 3 young (3072K), 3 survivors (3072K)
 Metaspace       used 50783K, committed 51008K, reserved 1114112K
  class space    used 6219K, committed 6336K, reserved 1048576K
}
Event: 6.163 GC heap before
{Heap before GC invocations=13 (full 0):
 garbage-first heap   total 75776K, used 55549K [0x000000008ac00000, 0x0000000100000000)
  region size 1024K, 26 young (26624K), 3 survivors (3072K)
 Metaspace       used 52180K, committed 52480K, reserved 1114112K
  class space    used 6389K, committed 6528K, reserved 1048576K
}
Event: 6.176 GC heap after
{Heap after GC invocations=14 (full 0):
 garbage-first heap   total 75776K, used 33357K [0x000000008ac00000, 0x0000000100000000)
  region size 1024K, 2 young (2048K), 2 survivors (2048K)
 Metaspace       used 52180K, committed 52480K, reserved 1114112K
  class space    used 6389K, committed 6528K, reserved 1048576K
}
Event: 7.118 GC heap before
{Heap before GC invocations=14 (full 0):
 garbage-first heap   total 75776K, used 56909K [0x000000008ac00000, 0x0000000100000000)
  region size 1024K, 25 young (25600K), 2 survivors (2048K)
 Metaspace       used 53853K, committed 54080K, reserved 1114112K
  class space    used 6490K, committed 6592K, reserved 1048576K
}
Event: 7.134 GC heap after
{Heap after GC invocations=15 (full 0):
 garbage-first heap   total 75776K, used 37409K [0x000000008ac00000, 0x0000000100000000)
  region size 1024K, 4 young (4096K), 4 survivors (4096K)
 Metaspace       used 53853K, committed 54080K, reserved 1114112K
  class space    used 6490K, committed 6592K, reserved 1048576K
}
Event: 7.646 GC heap before
{Heap before GC invocations=15 (full 0):
 garbage-first heap   total 75776K, used 57889K [0x000000008ac00000, 0x0000000100000000)
  region size 1024K, 24 young (24576K), 4 survivors (4096K)
 Metaspace       used 55093K, committed 55360K, reserved 1114112K
  class space    used 6603K, committed 6720K, reserved 1048576K
}
Event: 7.666 GC heap after
{Heap after GC invocations=16 (full 0):
 garbage-first heap   total 75776K, used 41277K [0x000000008ac00000, 0x0000000100000000)
  region size 1024K, 3 young (3072K), 3 survivors (3072K)
 Metaspace       used 55093K, committed 55360K, reserved 1114112K
  class space    used 6603K, committed 6720K, reserved 1048576K
}
Event: 8.068 GC heap before
{Heap before GC invocations=16 (full 0):
 garbage-first heap   total 75776K, used 58685K [0x000000008ac00000, 0x0000000100000000)
  region size 1024K, 20 young (20480K), 3 survivors (3072K)
 Metaspace       used 56844K, committed 57088K, reserved 1114112K
  class space    used 6810K, committed 6912K, reserved 1048576K
}
Event: 8.085 GC heap after
{Heap after GC invocations=17 (full 0):
 garbage-first heap   total 98304K, used 43394K [0x000000008ac00000, 0x0000000100000000)
  region size 1024K, 2 young (2048K), 2 survivors (2048K)
 Metaspace       used 56844K, committed 57088K, reserved 1114112K
  class space    used 6810K, committed 6912K, reserved 1048576K
}
Event: 9.528 GC heap before
{Heap before GC invocations=18 (full 0):
 garbage-first heap   total 98304K, used 73090K [0x000000008ac00000, 0x0000000100000000)
  region size 1024K, 31 young (31744K), 2 survivors (2048K)
 Metaspace       used 62055K, committed 62336K, reserved 1114112K
  class space    used 7571K, committed 7680K, reserved 1048576K
}
Event: 9.545 GC heap after
{Heap after GC invocations=19 (full 0):
 garbage-first heap   total 98304K, used 47062K [0x000000008ac00000, 0x0000000100000000)
  region size 1024K, 4 young (4096K), 4 survivors (4096K)
 Metaspace       used 62055K, committed 62336K, reserved 1114112K
  class space    used 7571K, committed 7680K, reserved 1048576K
}
Event: 9.622 GC heap before
{Heap before GC invocations=19 (full 0):
 garbage-first heap   total 98304K, used 48086K [0x000000008ac00000, 0x0000000100000000)
  region size 1024K, 5 young (5120K), 4 survivors (4096K)
 Metaspace       used 62188K, committed 62464K, reserved 1114112K
  class space    used 7581K, committed 7680K, reserved 1048576K
}
Event: 9.634 GC heap after
{Heap after GC invocations=20 (full 0):
 garbage-first heap   total 98304K, used 46788K [0x000000008ac00000, 0x0000000100000000)
  region size 1024K, 1 young (1024K), 1 survivors (1024K)
 Metaspace       used 62188K, committed 62464K, reserved 1114112K
  class space    used 7581K, committed 7680K, reserved 1048576K
}
Event: 10.489 GC heap before
{Heap before GC invocations=20 (full 0):
 garbage-first heap   total 98304K, used 74436K [0x000000008ac00000, 0x0000000100000000)
  region size 1024K, 28 young (28672K), 1 survivors (1024K)
 Metaspace       used 66458K, committed 66752K, reserved 1114112K
  class space    used 8019K, committed 8128K, reserved 1048576K
}
Event: 10.502 GC heap after
{Heap after GC invocations=21 (full 0):
 garbage-first heap   total 98304K, used 49544K [0x000000008ac00000, 0x0000000100000000)
  region size 1024K, 4 young (4096K), 4 survivors (4096K)
 Metaspace       used 66458K, committed 66752K, reserved 1114112K
  class space    used 8019K, committed 8128K, reserved 1048576K
}
Event: 11.373 GC heap before
{Heap before GC invocations=22 (full 0):
 garbage-first heap   total 98304K, used 76168K [0x000000008ac00000, 0x0000000100000000)
  region size 1024K, 30 young (30720K), 4 survivors (4096K)
 Metaspace       used 71450K, committed 71744K, reserved 1114112K
  class space    used 8541K, committed 8640K, reserved 1048576K
}
Event: 11.388 GC heap after
{Heap after GC invocations=23 (full 0):
 garbage-first heap   total 98304K, used 52373K [0x000000008ac00000, 0x0000000100000000)
  region size 1024K, 3 young (3072K), 3 survivors (3072K)
 Metaspace       used 71450K, committed 71744K, reserved 1114112K
  class space    used 8541K, committed 8640K, reserved 1048576K
}
Event: 11.416 GC heap before
{Heap before GC invocations=23 (full 0):
 garbage-first heap   total 98304K, used 52373K [0x000000008ac00000, 0x0000000100000000)
  region size 1024K, 4 young (4096K), 3 survivors (3072K)
 Metaspace       used 71710K, committed 72000K, reserved 1114112K
  class space    used 8568K, committed 8704K, reserved 1048576K
}
Event: 11.425 GC heap after
{Heap after GC invocations=24 (full 0):
 garbage-first heap   total 98304K, used 52250K [0x000000008ac00000, 0x0000000100000000)
  region size 1024K, 1 young (1024K), 1 survivors (1024K)
 Metaspace       used 71710K, committed 72000K, reserved 1114112K
  class space    used 8568K, committed 8704K, reserved 1048576K
}
Event: 11.900 GC heap before
{Heap before GC invocations=24 (full 0):
 garbage-first heap   total 98304K, used 75802K [0x000000008ac00000, 0x0000000100000000)
  region size 1024K, 25 young (25600K), 1 survivors (1024K)
 Metaspace       used 73721K, committed 74048K, reserved 1114112K
  class space    used 8742K, committed 8896K, reserved 1048576K
}

Dll operation events (2 events):
Event: 0.017 Loaded shared library C:\Program Files\Android\Android Studio\jbr\bin\java.dll
Event: 2.368 Loaded shared library C:\Program Files\Android\Android Studio\jbr\bin\verify.dll

Deoptimization events (20 events):
Event: 11.895 Thread 0x000002deeb1ba690 Uncommon trap: trap_request=0xfffffff4 fr.pc=0x000002def64ec214 relative=0x0000000000000594
Event: 11.895 Thread 0x000002deeb1ba690 Uncommon trap: reason=null_check action=make_not_entrant pc=0x000002def64ec214 method=org.jetbrains.kotlin.types.TypeApproximator.approximateToSuperType(Lorg/jetbrains/kotlin/types/UnwrappedType;Lorg/jetbrains/kotlin/types/TypeApproximatorConfiguration;)L
Event: 11.895 Thread 0x000002deeb1ba690 DEOPT PACKING pc=0x000002def64ec214 sp=0x000000f473cfc910
Event: 11.895 Thread 0x000002deeb1ba690 DEOPT UNPACKING pc=0x000002def5c169a3 sp=0x000000f473cfc778 mode 2
Event: 11.898 Thread 0x000002deeb1ba690 Uncommon trap: trap_request=0xffffffde fr.pc=0x000002def64eb5e0 relative=0x0000000000000120
Event: 11.898 Thread 0x000002deeb1ba690 Uncommon trap: reason=class_check action=maybe_recompile pc=0x000002def64eb5e0 method=org.jetbrains.kotlin.load.java.typeEnhancement.TypeEnhancementUtilsKt.hasEnhancedNullability(Lorg/jetbrains/kotlin/types/TypeSystemCommonBackendContext;Lorg/jetbrains/ko
Event: 11.898 Thread 0x000002deeb1ba690 DEOPT PACKING pc=0x000002def64eb5e0 sp=0x000000f473cfcfb0
Event: 11.898 Thread 0x000002deeb1ba690 DEOPT UNPACKING pc=0x000002def5c169a3 sp=0x000000f473cfcf30 mode 2
Event: 11.898 Thread 0x000002deeb1ba690 Uncommon trap: trap_request=0xffffffde fr.pc=0x000002def64eb5e0 relative=0x0000000000000120
Event: 11.898 Thread 0x000002deeb1ba690 Uncommon trap: reason=class_check action=maybe_recompile pc=0x000002def64eb5e0 method=org.jetbrains.kotlin.load.java.typeEnhancement.TypeEnhancementUtilsKt.hasEnhancedNullability(Lorg/jetbrains/kotlin/types/TypeSystemCommonBackendContext;Lorg/jetbrains/ko
Event: 11.898 Thread 0x000002deeb1ba690 DEOPT PACKING pc=0x000002def64eb5e0 sp=0x000000f473cfcfb0
Event: 11.898 Thread 0x000002deeb1ba690 DEOPT UNPACKING pc=0x000002def5c169a3 sp=0x000000f473cfcf30 mode 2
Event: 11.898 Thread 0x000002deeb1ba690 Uncommon trap: trap_request=0xffffffde fr.pc=0x000002def64eb5e0 relative=0x0000000000000120
Event: 11.898 Thread 0x000002deeb1ba690 Uncommon trap: reason=class_check action=maybe_recompile pc=0x000002def64eb5e0 method=org.jetbrains.kotlin.load.java.typeEnhancement.TypeEnhancementUtilsKt.hasEnhancedNullability(Lorg/jetbrains/kotlin/types/TypeSystemCommonBackendContext;Lorg/jetbrains/ko
Event: 11.898 Thread 0x000002deeb1ba690 DEOPT PACKING pc=0x000002def64eb5e0 sp=0x000000f473cfcfb0
Event: 11.898 Thread 0x000002deeb1ba690 DEOPT UNPACKING pc=0x000002def5c169a3 sp=0x000000f473cfcf30 mode 2
Event: 11.898 Thread 0x000002deeb1ba690 Uncommon trap: trap_request=0xffffffde fr.pc=0x000002def64eb5e0 relative=0x0000000000000120
Event: 11.898 Thread 0x000002deeb1ba690 Uncommon trap: reason=class_check action=maybe_recompile pc=0x000002def64eb5e0 method=org.jetbrains.kotlin.load.java.typeEnhancement.TypeEnhancementUtilsKt.hasEnhancedNullability(Lorg/jetbrains/kotlin/types/TypeSystemCommonBackendContext;Lorg/jetbrains/ko
Event: 11.898 Thread 0x000002deeb1ba690 DEOPT PACKING pc=0x000002def64eb5e0 sp=0x000000f473cfcfb0
Event: 11.898 Thread 0x000002deeb1ba690 DEOPT UNPACKING pc=0x000002def5c169a3 sp=0x000000f473cfcf30 mode 2

Classes unloaded (0 events):
No events

Classes redefined (0 events):
No events

Internal exceptions (20 events):
Event: 5.989 Thread 0x000002deeb1ba690 Exception <a 'java/lang/NoSuchMethodError'{0x000000008e395aa8}: 'java.lang.Object java.lang.invoke.DirectMethodHandle$Holder.newInvokeSpecial(java.lang.Object, java.lang.Object, java.lang.Object, java.lang.Object, java.lang.Object, java.lang.Object)'> (0x000000008e395aa8) 
thrown [s\src\hotspot\share\interpreter\linkResolver.cpp, line 771]
Event: 6.210 Thread 0x000002deeb1ba690 Exception <a 'java/lang/NoSuchMethodError'{0x000000008ff2d948}: 'java.lang.Object java.lang.invoke.DirectMethodHandle$Holder.newInvokeSpecial(java.lang.Object, int, java.lang.Object)'> (0x000000008ff2d948) 
thrown [s\src\hotspot\share\interpreter\linkResolver.cpp, line 771]
Event: 6.211 Thread 0x000002deeb1ba690 Exception <a 'java/lang/NoSuchMethodError'{0x000000008ff33f98}: 'int java.lang.invoke.DirectMethodHandle$Holder.invokeInterface(java.lang.Object, java.lang.Object)'> (0x000000008ff33f98) 
thrown [s\src\hotspot\share\interpreter\linkResolver.cpp, line 771]
Event: 6.293 Thread 0x000002deeb1ba690 Exception <a 'java/lang/NoSuchMethodError'{0x000000008fd2a690}: 'java.lang.Object java.lang.invoke.DirectMethodHandle$Holder.invokeStaticInit(java.lang.Object, java.lang.Object, java.lang.Object)'> (0x000000008fd2a690) 
thrown [s\src\hotspot\share\interpreter\linkResolver.cpp, line 771]
Event: 7.277 Thread 0x000002deeb1ba690 Implicit null exception at 0x000002def61acaea to 0x000002def61acca8
Event: 7.277 Thread 0x000002deeb1ba690 Implicit null exception at 0x000002def61e7f0f to 0x000002def61e7f85
Event: 8.046 Thread 0x000002deeb1ba690 Implicit null exception at 0x000002def6288f4c to 0x000002def6289028
Event: 8.135 Thread 0x000002deeb1ba690 Exception <a 'java/lang/NoSuchMethodError'{0x0000000090a1a3f0}: 'java.lang.Object java.lang.invoke.DirectMethodHandle$Holder.invokeInterface(java.lang.Object, java.lang.Object, java.lang.Object)'> (0x0000000090a1a3f0) 
thrown [s\src\hotspot\share\interpreter\linkResolver.cpp, line 771]
Event: 8.137 Thread 0x000002deeb1ba690 Exception <a 'java/lang/IncompatibleClassChangeError'{0x0000000090a1dd60}: Found class java.lang.Object, but interface was expected> (0x0000000090a1dd60) 
thrown [s\src\hotspot\share\interpreter\linkResolver.cpp, line 838]
Event: 8.761 Thread 0x000002deeb1ba690 Exception <a 'java/lang/NoSuchMethodError'{0x000000008fffe760}: 'void java.lang.invoke.DirectMethodHandle$Holder.invokeSpecial(java.lang.Object, java.lang.Object, int, java.lang.Object)'> (0x000000008fffe760) 
thrown [s\src\hotspot\share\interpreter\linkResolver.cpp, line 771]
Event: 8.783 Thread 0x000002deeb1ba690 Exception <a 'java/lang/NoSuchMethodError'{0x000000008fe74198}: 'java.lang.Object java.lang.invoke.DirectMethodHandle$Holder.invokeStatic(java.lang.Object, java.lang.Object, java.lang.Object, java.lang.Object, int)'> (0x000000008fe74198) 
thrown [s\src\hotspot\share\interpreter\linkResolver.cpp, line 771]
Event: 8.784 Thread 0x000002deeb1ba690 Exception <a 'java/lang/NoSuchMethodError'{0x000000008fe7dd88}: 'java.lang.Object java.lang.invoke.DirectMethodHandle$Holder.newInvokeSpecial(java.lang.Object, java.lang.Object, java.lang.Object, java.lang.Object, int)'> (0x000000008fe7dd88) 
thrown [s\src\hotspot\share\interpreter\linkResolver.cpp, line 771]
Event: 8.785 Thread 0x000002deeb1ba690 Exception <a 'java/lang/NoSuchMethodError'{0x000000008fe86230}: 'java.lang.Object java.lang.invoke.Invokers$Holder.linkToTargetMethod(java.lang.Object, java.lang.Object, java.lang.Object, int, java.lang.Object)'> (0x000000008fe86230) 
thrown [s\src\hotspot\share\interpreter\linkResolver.cpp, line 771]
Event: 8.851 Thread 0x000002deeb1ba690 Exception <a 'java/lang/NoSuchMethodError'{0x000000008fc318b8}: 'void java.lang.invoke.DirectMethodHandle$Holder.invokeInterface(java.lang.Object, java.lang.Object)'> (0x000000008fc318b8) 
thrown [s\src\hotspot\share\interpreter\linkResolver.cpp, line 771]
Event: 8.913 Thread 0x000002deeb1ba690 Exception <a 'java/lang/IncompatibleClassChangeError'{0x000000008fb80a00}: Found class java.lang.Object, but interface was expected> (0x000000008fb80a00) 
thrown [s\src\hotspot\share\interpreter\linkResolver.cpp, line 838]
Event: 9.267 Thread 0x000002deeb1ba690 Implicit null exception at 0x000002def63d453c to 0x000002def63d4dcc
Event: 9.373 Thread 0x000002deeb1ba690 Exception <a 'java/lang/NoSuchMethodError'{0x000000008f210d18}: 'int java.lang.invoke.DirectMethodHandle$Holder.invokeStaticInit(java.lang.Object, int)'> (0x000000008f210d18) 
thrown [s\src\hotspot\share\interpreter\linkResolver.cpp, line 771]
Event: 9.424 Thread 0x000002deeb1ba690 Exception <a 'java/lang/NoSuchMethodError'{0x000000008f2af3c0}: 'java.lang.Object java.lang.invoke.DirectMethodHandle$Holder.newInvokeSpecial(java.lang.Object, int, java.lang.Object, java.lang.Object)'> (0x000000008f2af3c0) 
thrown [s\src\hotspot\share\interpreter\linkResolver.cpp, line 771]
Event: 10.132 Thread 0x000002deeb1ba690 Implicit null exception at 0x000002def61c4c58 to 0x000002def61c4cea
Event: 11.895 Thread 0x000002deeb1ba690 Implicit null exception at 0x000002def64ebf87 to 0x000002def64ec208

VM Operations (20 events):
Event: 11.124 Executing VM operation: ICBufferFull done
Event: 11.223 Executing VM operation: HandshakeAllThreads
Event: 11.223 Executing VM operation: HandshakeAllThreads done
Event: 11.234 Executing VM operation: HandshakeAllThreads
Event: 11.234 Executing VM operation: HandshakeAllThreads done
Event: 11.373 Executing VM operation: G1CollectForAllocation
Event: 11.389 Executing VM operation: G1CollectForAllocation done
Event: 11.396 Executing VM operation: HandshakeAllThreads
Event: 11.396 Executing VM operation: HandshakeAllThreads done
Event: 11.406 Executing VM operation: HandshakeAllThreads
Event: 11.406 Executing VM operation: HandshakeAllThreads done
Event: 11.416 Executing VM operation: G1CollectForAllocation
Event: 11.425 Executing VM operation: G1CollectForAllocation done
Event: 11.634 Executing VM operation: ICBufferFull
Event: 11.634 Executing VM operation: ICBufferFull done
Event: 11.814 Executing VM operation: HandshakeAllThreads
Event: 11.814 Executing VM operation: HandshakeAllThreads done
Event: 11.829 Executing VM operation: ICBufferFull
Event: 11.829 Executing VM operation: ICBufferFull done
Event: 11.900 Executing VM operation: G1CollectForAllocation

Events (20 events):
Event: 8.858 loading class java/util/stream/Node$OfDouble done
Event: 8.858 loading class java/util/stream/Nodes$EmptyNode$OfDouble done
Event: 8.858 loading class java/util/stream/Nodes$SpinedNodeBuilder
Event: 8.858 loading class java/util/stream/Node$Builder
Event: 8.858 loading class java/util/stream/Node$Builder done
Event: 8.858 loading class java/util/stream/SpinedBuffer
Event: 8.858 loading class java/util/stream/AbstractSpinedBuffer
Event: 8.858 loading class java/util/stream/AbstractSpinedBuffer done
Event: 8.859 loading class java/util/stream/SpinedBuffer done
Event: 8.859 loading class java/util/stream/Nodes$SpinedNodeBuilder done
Event: 9.090 loading class java/util/regex/Pattern$Bound
Event: 9.090 loading class java/util/regex/Pattern$Bound done
Event: 9.091 loading class java/util/regex/Pattern$LookBehindEndNode
Event: 9.091 loading class java/util/regex/Pattern$LookBehindEndNode done
Event: 9.091 loading class java/util/regex/Pattern$NotBehind
Event: 9.091 loading class java/util/regex/Pattern$NotBehind done
Event: 9.964 Thread 0x000002de85af4140 flushing nmethod 0x000002def639a290
Event: 9.972 Thread 0x000002de85af4140 flushing nmethod 0x000002deeea5d510
Event: 9.974 Thread 0x000002de85af4140 flushing nmethod 0x000002deeec90290
Event: 11.824 Thread 0x000002de85af4140 flushing nmethod 0x000002deeecf6390


Dynamic libraries:
0x00007ff6edc20000 - 0x00007ff6edc2a000 	C:\Program Files\Android\Android Studio\jbr\bin\java.exe
0x00007ff86c210000 - 0x00007ff86c427000 	C:\WINDOWS\SYSTEM32\ntdll.dll
0x00007ff86ac10000 - 0x00007ff86acd4000 	C:\WINDOWS\System32\KERNEL32.DLL
0x00007ff869790000 - 0x00007ff869b3d000 	C:\WINDOWS\System32\KERNELBASE.dll
0x00007ff869540000 - 0x00007ff869651000 	C:\WINDOWS\System32\ucrtbase.dll
0x00007ff82d2a0000 - 0x00007ff82d2b7000 	C:\Program Files\Android\Android Studio\jbr\bin\jli.dll
0x00007ff862330000 - 0x00007ff86234b000 	C:\Program Files\Android\Android Studio\jbr\bin\VCRUNTIME140.dll
0x00007ff86ace0000 - 0x00007ff86ae8e000 	C:\WINDOWS\System32\USER32.dll
0x00007ff869b40000 - 0x00007ff869b66000 	C:\WINDOWS\System32\win32u.dll
0x00007ff85dfe0000 - 0x00007ff85e273000 	C:\WINDOWS\WinSxS\amd64_microsoft.windows.common-controls_6595b64144ccf1df_6.0.22621.3672_none_2713b9d173822955\COMCTL32.dll
0x00007ff86b1b0000 - 0x00007ff86b1d9000 	C:\WINDOWS\System32\GDI32.dll
0x00007ff869e30000 - 0x00007ff869f49000 	C:\WINDOWS\System32\gdi32full.dll
0x00007ff86b3a0000 - 0x00007ff86b447000 	C:\WINDOWS\System32\msvcrt.dll
0x00007ff869b70000 - 0x00007ff869c0a000 	C:\WINDOWS\System32\msvcp_win.dll
0x00007ff86a1f0000 - 0x00007ff86a221000 	C:\WINDOWS\System32\IMM32.DLL
0x00007ff8515f0000 - 0x00007ff8515fc000 	C:\Program Files\Android\Android Studio\jbr\bin\vcruntime140_1.dll
0x00007ff84ca20000 - 0x00007ff84caad000 	C:\Program Files\Android\Android Studio\jbr\bin\msvcp140.dll
0x00007ff80eb50000 - 0x00007ff80f7d3000 	C:\Program Files\Android\Android Studio\jbr\bin\server\jvm.dll
0x00007ff86be80000 - 0x00007ff86bf32000 	C:\WINDOWS\System32\ADVAPI32.dll
0x00007ff869f60000 - 0x00007ff86a009000 	C:\WINDOWS\System32\sechost.dll
0x00007ff869d80000 - 0x00007ff869da8000 	C:\WINDOWS\System32\bcrypt.dll
0x00007ff86bd10000 - 0x00007ff86be24000 	C:\WINDOWS\System32\RPCRT4.dll
0x00007ff84cd70000 - 0x00007ff84cd79000 	C:\WINDOWS\SYSTEM32\WSOCK32.dll
0x00007ff869400000 - 0x00007ff86944d000 	C:\WINDOWS\SYSTEM32\POWRPROF.dll
0x00007ff863c80000 - 0x00007ff863cb4000 	C:\WINDOWS\SYSTEM32\WINMM.dll
0x00007ff86bf40000 - 0x00007ff86bfb1000 	C:\WINDOWS\System32\WS2_32.dll
0x00007ff85f350000 - 0x00007ff85f35a000 	C:\WINDOWS\SYSTEM32\VERSION.dll
0x00007ff8693e0000 - 0x00007ff8693f3000 	C:\WINDOWS\SYSTEM32\UMPDC.dll
0x00007ff868570000 - 0x00007ff868588000 	C:\WINDOWS\SYSTEM32\kernel.appcore.dll
0x00007ff835ca0000 - 0x00007ff835caa000 	C:\Program Files\Android\Android Studio\jbr\bin\jimage.dll
0x00007ff860a30000 - 0x00007ff860c62000 	C:\WINDOWS\SYSTEM32\DBGHELP.DLL
0x00007ff86a2c0000 - 0x00007ff86a648000 	C:\WINDOWS\System32\combase.dll
0x00007ff86a110000 - 0x00007ff86a1e7000 	C:\WINDOWS\System32\OLEAUT32.dll
0x00007ff84b870000 - 0x00007ff84b8a2000 	C:\WINDOWS\SYSTEM32\dbgcore.DLL
0x00007ff869db0000 - 0x00007ff869e2b000 	C:\WINDOWS\System32\bcryptPrimitives.dll
0x00007ff835c70000 - 0x00007ff835c95000 	C:\Program Files\Android\Android Studio\jbr\bin\java.dll
0x00007ff835c50000 - 0x00007ff835c68000 	C:\Program Files\Android\Android Studio\jbr\bin\zip.dll
0x00007ff86b450000 - 0x00007ff86bcaf000 	C:\WINDOWS\System32\SHELL32.dll
0x00007ff867490000 - 0x00007ff867d8c000 	C:\WINDOWS\SYSTEM32\windows.storage.dll
0x00007ff867350000 - 0x00007ff86748f000 	C:\WINDOWS\SYSTEM32\wintypes.dll
0x00007ff86aae0000 - 0x00007ff86abd4000 	C:\WINDOWS\System32\SHCORE.dll
0x00007ff86bfc0000 - 0x00007ff86c01e000 	C:\WINDOWS\System32\shlwapi.dll
0x00007ff869470000 - 0x00007ff869491000 	C:\WINDOWS\SYSTEM32\profapi.dll
0x00007ff835c30000 - 0x00007ff835c49000 	C:\Program Files\Android\Android Studio\jbr\bin\net.dll
0x00007ff864fe0000 - 0x00007ff865116000 	C:\WINDOWS\SYSTEM32\WINHTTP.dll
0x00007ff8689e0000 - 0x00007ff868a49000 	C:\WINDOWS\system32\mswsock.dll
0x00007ff835c10000 - 0x00007ff835c26000 	C:\Program Files\Android\Android Studio\jbr\bin\nio.dll
0x00007ff82d2d0000 - 0x00007ff82d2e0000 	C:\Program Files\Android\Android Studio\jbr\bin\verify.dll

dbghelp: loaded successfully - version: 4.0.5 - missing functions: none
symbol engine: initialized successfully - sym options: 0x614 - pdb path: .;C:\Program Files\Android\Android Studio\jbr\bin;C:\WINDOWS\SYSTEM32;C:\WINDOWS\WinSxS\amd64_microsoft.windows.common-controls_6595b64144ccf1df_6.0.22621.3672_none_2713b9d173822955;C:\Program Files\Android\Android Studio\jbr\bin\server

VM Arguments:
java_command: org.jetbrains.kotlin.cli.jvm.K2JVMCompiler @C:\Users\23480\AndroidStudioProjects\RickMorty\app\build\20240729_4216764935172853629.compiler.options
java_class_path (initial): C:\Users\23480\.gradle\caches\modules-2\files-2.1\org.jetbrains.kotlin\kotlin-compiler-embeddable\1.9.0\2c8c3a7402becca891f12739b3e9fd2dc2adbd7a\kotlin-compiler-embeddable-1.9.0.jar;C:\Users\23480\.gradle\caches\modules-2\files-2.1\org.jetbrains.kotlin\kotlin-stdlib\1.9.0\8ee15ef0c67dc83d874f412d84378d7f0eb50b63\kotlin-stdlib-1.9.0.jar;C:\Users\23480\.gradle\caches\modules-2\files-2.1\org.jetbrains.kotlin\kotlin-script-runtime\1.9.0\4b3102cbbb7e1b58d9d1adf89563f00069ffa7d1\kotlin-script-runtime-1.9.0.jar;C:\Users\23480\.gradle\caches\modules-2\files-2.1\org.jetbrains.kotlin\kotlin-reflect\1.6.10\1cbe9c92c12a94eea200d23c2bbaedaf3daf5132\kotlin-reflect-1.6.10.jar;C:\Users\23480\.gradle\caches\modules-2\files-2.1\org.jetbrains.kotlin\kotlin-daemon-embeddable\1.9.0\186543f5e28cf8d9a0290fecc2cf34301c40a65c\kotlin-daemon-embeddable-1.9.0.jar;C:\Users\23480\.gradle\caches\modules-2\files-2.1\org.jetbrains.intellij.deps\trove4j\1.0.20200330\3afb14d5f9ceb459d724e907a21145e8ff394f02\trove4j-1.0.20200330.jar;C:\Users\23480\.gradle\caches\modules-2\files-2.1\org.jetbrains.kotlin\kotlin-stdlib-common\1.9.0\cd65c21cfd1eec4d44ef09f9f52b6d9f8a720636\kotlin-stdlib-common-1.9.0.jar;C:\Users\23480\.gradle\caches\modules-2\files-2.1\org.jetbrains\annotations\13.0\919f0dfe192fb4e063e7dacadee7f8bb9a2672a9\annotations-13.0.jar
Launcher Type: SUN_STANDARD

[Global flags]
     intx CICompilerCount                          = 4                                         {product} {ergonomic}
     uint ConcGCThreads                            = 2                                         {product} {ergonomic}
     uint G1ConcRefinementThreads                  = 8                                         {product} {ergonomic}
   size_t G1HeapRegionSize                         = 1048576                                   {product} {ergonomic}
    uintx GCDrainStackTargetSize                   = 64                                        {product} {ergonomic}
   size_t InitialHeapSize                          = 123731968                                 {product} {ergonomic}
   size_t MarkStackSize                            = 4194304                                   {product} {ergonomic}
   size_t MaxHeapSize                              = 1967128576                                {product} {ergonomic}
   size_t MaxNewSize                               = 1179648000                                {product} {ergonomic}
   size_t MinHeapDeltaBytes                        = 1048576                                   {product} {ergonomic}
   size_t MinHeapSize                              = 8388608                                   {product} {ergonomic}
    uintx NonNMethodCodeHeapSize                   = 5839372                                {pd product} {ergonomic}
    uintx NonProfiledCodeHeapSize                  = 122909434                              {pd product} {ergonomic}
    uintx ProfiledCodeHeapSize                     = 122909434                              {pd product} {ergonomic}
    uintx ReservedCodeCacheSize                    = 251658240                              {pd product} {ergonomic}
     bool SegmentedCodeCache                       = true                                      {product} {ergonomic}
   size_t SoftMaxHeapSize                          = 1967128576                             {manageable} {ergonomic}
     bool UseCompressedClassPointers               = true                           {product lp64_product} {ergonomic}
     bool UseCompressedOops                        = true                           {product lp64_product} {ergonomic}
     bool UseG1GC                                  = true                                      {product} {ergonomic}
     bool UseLargePagesIndividualAllocation        = false                                  {pd product} {ergonomic}

Logging:
Log output configuration:
 #0: stdout all=warning uptime,level,tags
 #1: stderr all=off uptime,level,tags

Environment Variables:
PATH=C:\WINDOWS\system32;C:\WINDOWS;C:\WINDOWS\System32\Wbem;C:\WINDOWS\System32\WindowsPowerShell\v1.0\;C:\WINDOWS\System32\OpenSSH\;C:\Program Files\nodejs\;C:\Program Files\HP\HP One Agent;C:\Program Files\Git\cmd;C:\Users\23480\AppData\Local\Programs\Python\Python311\Scripts\;C:\Users\23480\AppData\Local\Programs\Python\Python311\;C:\Users\23480\AppData\Local\Microsoft\WindowsApps;C:\Users\23480\AppData\Local\atom\bin;C:\Users\23480\AppData\Local\Programs\Microsoft VS Code\bin;C:\Users\23480\AppData\Local\Microsoft\WindowsApps;;C:\Program Files\JetBrains\IntelliJ IDEA Community Edition 2023.2.1\bin;;C:\Users\23480\AppData\Roaming\npm
USERNAME=23480
OS=Windows_NT
PROCESSOR_IDENTIFIER=AMD64 Family 23 Model 104 Stepping 1, AuthenticAMD
TMP=C:\Users\23480\AppData\Local\Temp
TEMP=C:\Users\23480\AppData\Local\Temp



Periodic native trim disabled

JNI global refs:
JNI global refs: 10, weak refs: 0

JNI global refs memory usage: 843, weak refs: 841

OOME stack traces (most recent first):
Classloader memory used:
Loader jdk.internal.loader.ClassLoaders$AppClassLoader                                 : 7803K
Loader bootstrap                                                                       : 1374K
Loader java.net.URLClassLoader                                                         : 23142B
Loader jdk.internal.reflect.DelegatingClassLoader                                      : 13139B
Loader jdk.internal.loader.ClassLoaders$PlatformClassLoader                            : 2276B


---------------  S Y S T E M  ---------------

OS:
 Windows 11 , 64 bit Build 22621 (10.0.22621.3672)
OS uptime: 0 days 0:42 hours

CPU: total 8 (initial active 8) (8 cores per cpu, 2 threads per core) family 23 model 104 stepping 1 microcode 0x0, cx8, cmov, fxsr, ht, mmx, 3dnowpref, sse, sse2, sse3, ssse3, sse4a, sse4.1, sse4.2, popcnt, lzcnt, tsc, tscinvbit, avx, avx2, aes, clmul, bmi1, bmi2, adx, sha, fma, vzeroupper, clflush, clflushopt
Processor Information for processor 0
  Max Mhz: 2600, Current Mhz: 1896, Mhz Limit: 2600
Processor Information for processor 1
  Max Mhz: 2600, Current Mhz: 1789, Mhz Limit: 2600
Processor Information for processor 2
  Max Mhz: 2600, Current Mhz: 1896, Mhz Limit: 2600
Processor Information for processor 3
  Max Mhz: 2600, Current Mhz: 1789, Mhz Limit: 2600
Processor Information for processor 4
  Max Mhz: 2600, Current Mhz: 1789, Mhz Limit: 2600
Processor Information for processor 5
  Max Mhz: 2600, Current Mhz: 1789, Mhz Limit: 2600
Processor Information for processor 6
  Max Mhz: 2600, Current Mhz: 1789, Mhz Limit: 2600
Processor Information for processor 7
  Max Mhz: 2600, Current Mhz: 1789, Mhz Limit: 2600

Memory: 4k page, system-wide physical 7502M (529M free)
TotalPageFile size 11571M (AvailPageFile size 7M)
current process WorkingSet (physical memory assigned to process): 298M, peak: 304M
current process commit charge ("private bytes"): 357M, peak: 432M

vm_info: OpenJDK 64-Bit Server VM (17.0.10+0--11609105) for windows-amd64 JRE (17.0.10+0--11609105), built on Mar 21 2024 19:10:56 by "androidbuild" with MS VC++ 16.10 / 16.11 (VS2019)

END.
