#
# There is insufficient memory for the Java Runtime Environment to continue.
# Native memory allocation (malloc) failed to allocate 2255104 bytes for Chunk::new
# Possible reasons:
#   The system is out of physical RAM or swap space
#   The process is running with CompressedOops enabled, and the Java Heap may be blocking the growth of the native heap
# Possible solutions:
#   Reduce memory load on the system
#   Increase physical memory or swap space
#   Check if swap backing store is full
#   Decrease Java heap size (-Xmx/-Xms)
#   Decrease number of Java threads
#   Decrease Java thread stack sizes (-Xss)
#   Set larger code cache with -XX:ReservedCodeCacheSize=
#   JVM is running with Unscaled Compressed Oops mode in which the Java heap is
#     placed in the first 4GB address space. The Java Heap base address is the
#     maximum limit for the native heap growth. Please use -XX:HeapBaseMinAddress
#     to set the Java Heap base and to place the Java Heap above 4GB virtual address.
# This output file may be truncated or incomplete.
#
#  Out of Memory Error (arena.cpp:191), pid=6568, tid=5548
#
# JRE version: OpenJDK Runtime Environment (17.0.10) (build 17.0.10+0--11609105)
# Java VM: OpenJDK 64-Bit Server VM (17.0.10+0--11609105, mixed mode, tiered, compressed oops, compressed class ptrs, g1 gc, windows-amd64)
# No core dump will be written. Minidumps are not enabled by default on client versions of Windows
#

---------------  S U M M A R Y ------------

Command Line: --add-opens=java.base/java.util=ALL-UNNAMED --add-opens=java.base/java.lang=ALL-UNNAMED --add-opens=java.base/java.lang.invoke=ALL-UNNAMED --add-opens=java.prefs/java.util.prefs=ALL-UNNAMED --add-opens=java.base/java.nio.charset=ALL-UNNAMED --add-opens=java.base/java.net=ALL-UNNAMED --add-opens=java.base/java.util.concurrent.atomic=ALL-UNNAMED -Xmx2048m -Dfile.encoding=UTF-8 -Duser.country=US -Duser.language=en -Duser.variant -javaagent:C:\Users\23480\.gradle\wrapper\dists\gradle-8.7-bin\bhs2wmbdwecv87pi65oeuq5iu\gradle-8.7\lib\agents\gradle-instrumentation-agent-8.7.jar org.gradle.launcher.daemon.bootstrap.GradleDaemon 8.7

Host: AMD Ryzen 3 5300U with Radeon Graphics         , 8 cores, 7G,  Windows 11 , 64 bit Build 22621 (10.0.22621.3672)
Time: Mon Jul 29 12:42:52 2024 W. Central Africa Standard Time elapsed time: 7.950053 seconds (0d 0h 0m 7s)

---------------  T H R E A D  ---------------

Current thread (0x00000281df8a1420):  JavaThread "C2 CompilerThread0" daemon [_thread_in_native, id=5548, stack(0x0000009ab9a00000,0x0000009ab9b00000)]


Current CompileTask:
C2:   7950 4105   !   4       java.net.URLClassLoader::findClass (47 bytes)

Stack: [0x0000009ab9a00000,0x0000009ab9b00000]
Native frames: (J=compiled Java code, j=interpreted, Vv=VM code, C=native code)
V  [jvm.dll+0x688de9]
V  [jvm.dll+0x8423da]
V  [jvm.dll+0x84401e]
V  [jvm.dll+0x844683]
V  [jvm.dll+0x24be0f]
V  [jvm.dll+0xac524]
V  [jvm.dll+0xacb6c]
V  [jvm.dll+0x36bd67]
V  [jvm.dll+0x1be002]
V  [jvm.dll+0x21dbf9]
V  [jvm.dll+0x21cec1]
V  [jvm.dll+0x1a60ad]
V  [jvm.dll+0x22cd78]
V  [jvm.dll+0x22aeb0]
V  [jvm.dll+0x7f6877]
V  [jvm.dll+0x7f0c7a]
V  [jvm.dll+0x687c65]
C  [ucrtbase.dll+0x29333]
C  [KERNEL32.DLL+0x1257d]
C  [ntdll.dll+0x5af28]


---------------  P R O C E S S  ---------------

Threads class SMR info:
_java_thread_list=0x00000281e72f0b40, length=33, elements={
0x00000281c38eb8f0, 0x00000281df872010, 0x00000281df872da0, 0x00000281df725020,
0x00000281df895020, 0x00000281df896e10, 0x00000281df89a770, 0x00000281df8a1420,
0x00000281df8a9df0, 0x00000281df8b2ed0, 0x00000281df89ac80, 0x00000281df89b190,
0x00000281df899d50, 0x00000281df89b6a0, 0x00000281df89bbb0, 0x00000281df89c0c0,
0x00000281df89c5d0, 0x00000281df89cae0, 0x00000281df89cff0, 0x00000281df899840,
0x00000281df89a260, 0x00000281e57b3ad0, 0x00000281e57b35c0, 0x00000281e57b2180,
0x00000281e57b3fe0, 0x00000281e57b2690, 0x00000281e57b0320, 0x00000281e57b0830,
0x00000281e57b1760, 0x00000281e57b44f0, 0x00000281e57b4a00, 0x00000281e57afe10,
0x00000281e6bfc380
}

Java Threads: ( => current thread )
  0x00000281c38eb8f0 JavaThread "main" [_thread_blocked, id=8344, stack(0x0000009ab8d00000,0x0000009ab8e00000)]
  0x00000281df872010 JavaThread "Reference Handler" daemon [_thread_blocked, id=15112, stack(0x0000009ab9400000,0x0000009ab9500000)]
  0x00000281df872da0 JavaThread "Finalizer" daemon [_thread_blocked, id=4016, stack(0x0000009ab9500000,0x0000009ab9600000)]
  0x00000281df725020 JavaThread "Signal Dispatcher" daemon [_thread_blocked, id=6944, stack(0x0000009ab9600000,0x0000009ab9700000)]
  0x00000281df895020 JavaThread "Attach Listener" daemon [_thread_blocked, id=5052, stack(0x0000009ab9700000,0x0000009ab9800000)]
  0x00000281df896e10 JavaThread "Service Thread" daemon [_thread_blocked, id=3048, stack(0x0000009ab9800000,0x0000009ab9900000)]
  0x00000281df89a770 JavaThread "Monitor Deflation Thread" daemon [_thread_blocked, id=17900, stack(0x0000009ab9900000,0x0000009ab9a00000)]
=>0x00000281df8a1420 JavaThread "C2 CompilerThread0" daemon [_thread_in_native, id=5548, stack(0x0000009ab9a00000,0x0000009ab9b00000)]
  0x00000281df8a9df0 JavaThread "C1 CompilerThread0" daemon [_thread_in_native, id=5472, stack(0x0000009ab9b00000,0x0000009ab9c00000)]
  0x00000281df8b2ed0 JavaThread "Sweeper thread" daemon [_thread_blocked, id=17772, stack(0x0000009ab9c00000,0x0000009ab9d00000)]
  0x00000281df89ac80 JavaThread "Common-Cleaner" daemon [_thread_blocked, id=14828, stack(0x0000009ab9d00000,0x0000009ab9e00000)]
  0x00000281df89b190 JavaThread "Notification Thread" daemon [_thread_blocked, id=1804, stack(0x0000009ab9e00000,0x0000009ab9f00000)]
  0x00000281df899d50 JavaThread "Daemon health stats" [_thread_blocked, id=18400, stack(0x0000009aba400000,0x0000009aba500000)]
  0x00000281df89b6a0 JavaThread "Incoming local TCP Connector on port 49955" [_thread_in_native, id=2960, stack(0x0000009aba500000,0x0000009aba600000)]
  0x00000281df89bbb0 JavaThread "Daemon periodic checks" [_thread_blocked, id=10492, stack(0x0000009aba600000,0x0000009aba700000)]
  0x00000281df89c0c0 JavaThread "Daemon" [_thread_blocked, id=17728, stack(0x0000009aba700000,0x0000009aba800000)]
  0x00000281df89c5d0 JavaThread "Handler for socket connection from /127.0.0.1:49955 to /127.0.0.1:49956" [_thread_in_native, id=9484, stack(0x0000009aba800000,0x0000009aba900000)]
  0x00000281df89cae0 JavaThread "Cancel handler" [_thread_blocked, id=3612, stack(0x0000009aba900000,0x0000009abaa00000)]
  0x00000281df89cff0 JavaThread "Daemon worker" [_thread_in_Java, id=18728, stack(0x0000009abaa00000,0x0000009abab00000)]
  0x00000281df899840 JavaThread "Asynchronous log dispatcher for DefaultDaemonConnection: socket connection from /127.0.0.1:49955 to /127.0.0.1:49956" [_thread_blocked, id=16688, stack(0x0000009abab00000,0x0000009abac00000)]
  0x00000281df89a260 JavaThread "Stdin handler" [_thread_blocked, id=18204, stack(0x0000009abac00000,0x0000009abad00000)]
  0x00000281e57b3ad0 JavaThread "Daemon client event forwarder" [_thread_blocked, id=11412, stack(0x0000009abad00000,0x0000009abae00000)]
  0x00000281e57b35c0 JavaThread "Cache worker for journal cache (C:\Users\23480\.gradle\caches\journal-1)" [_thread_blocked, id=2940, stack(0x0000009abb200000,0x0000009abb300000)]
  0x00000281e57b2180 JavaThread "File lock request listener" [_thread_in_native, id=17364, stack(0x0000009abb300000,0x0000009abb400000)]
  0x00000281e57b3fe0 JavaThread "Cache worker for file hash cache (C:\Users\23480\.gradle\caches\8.7\fileHashes)" [_thread_blocked, id=19444, stack(0x0000009abb400000,0x0000009abb500000)]
  0x00000281e57b2690 JavaThread "Cache worker for file hash cache (C:\Users\23480\AndroidStudioProjects\RickMorty\.gradle\8.7\fileHashes)" [_thread_blocked, id=19264, stack(0x0000009abb500000,0x0000009abb600000)]
  0x00000281e57b0320 JavaThread "File watcher server" daemon [_thread_in_native, id=1644, stack(0x0000009abb600000,0x0000009abb700000)]
  0x00000281e57b0830 JavaThread "File watcher consumer" daemon [_thread_blocked, id=3544, stack(0x0000009abb700000,0x0000009abb800000)]
  0x00000281e57b1760 JavaThread "Cache worker for checksums cache (C:\Users\23480\AndroidStudioProjects\RickMorty\.gradle\8.7\checksums)" [_thread_blocked, id=17216, stack(0x0000009abb800000,0x0000009abb900000)]
  0x00000281e57b44f0 JavaThread "Cache worker for cache directory md-supplier (C:\Users\23480\.gradle\caches\8.7\md-supplier)" [_thread_blocked, id=3004, stack(0x0000009abb900000,0x0000009abba00000)]
  0x00000281e57b4a00 JavaThread "Cache worker for cache directory md-rule (C:\Users\23480\.gradle\caches\8.7\md-rule)" [_thread_blocked, id=18968, stack(0x0000009abba00000,0x0000009abbb00000)]
  0x00000281e57afe10 JavaThread "Cache worker for file content cache (C:\Users\23480\.gradle\caches\8.7\fileContent)" [_thread_blocked, id=4248, stack(0x0000009abbb00000,0x0000009abbc00000)]
  0x00000281e6bfc380 JavaThread "C2 CompilerThread1" daemon [_thread_in_native, id=16396, stack(0x0000009abbd00000,0x0000009abbe00000)]

Other Threads:
  0x00000281df70f450 VMThread "VM Thread" [stack: 0x0000009ab9300000,0x0000009ab9400000] [id=15700]
  0x00000281dfadd390 WatcherThread [stack: 0x0000009ab9f00000,0x0000009aba000000] [id=14304]
  0x00000281c39489b0 GCTaskThread "GC Thread#0" [stack: 0x0000009ab8e00000,0x0000009ab8f00000] [id=17140]
  0x00000281e48da000 GCTaskThread "GC Thread#1" [stack: 0x0000009aba100000,0x0000009aba200000] [id=9400]
  0x00000281e40bb9c0 GCTaskThread "GC Thread#2" [stack: 0x0000009aba200000,0x0000009aba300000] [id=2040]
  0x00000281e47f9d00 GCTaskThread "GC Thread#3" [stack: 0x0000009aba300000,0x0000009aba400000] [id=19392]
  0x00000281e4d33da0 GCTaskThread "GC Thread#4" [stack: 0x0000009aba000000,0x0000009aba100000] [id=18752]
  0x00000281e592e830 GCTaskThread "GC Thread#5" [stack: 0x0000009abae00000,0x0000009abaf00000] [id=10284]
  0x00000281e4eb4ed0 GCTaskThread "GC Thread#6" [stack: 0x0000009abaf00000,0x0000009abb000000] [id=3608]
  0x00000281e573c1b0 GCTaskThread "GC Thread#7" [stack: 0x0000009abb000000,0x0000009abb100000] [id=12780]
  0x00000281c3959810 ConcurrentGCThread "G1 Main Marker" [stack: 0x0000009ab8f00000,0x0000009ab9000000] [id=10984]
  0x00000281c395a140 ConcurrentGCThread "G1 Conc#0" [stack: 0x0000009ab9000000,0x0000009ab9100000] [id=7452]
  0x00000281e5292a50 ConcurrentGCThread "G1 Conc#1" [stack: 0x0000009abb100000,0x0000009abb200000] [id=3196]
  0x00000281c399d780 ConcurrentGCThread "G1 Refine#0" [stack: 0x0000009ab9100000,0x0000009ab9200000] [id=19196]
  0x00000281e6cdc060 ConcurrentGCThread "G1 Refine#1" [stack: 0x0000009abbc00000,0x0000009abbd00000] [id=16952]
  0x00000281c399e0c0 ConcurrentGCThread "G1 Service" [stack: 0x0000009ab9200000,0x0000009ab9300000] [id=15576]

Threads with active compile tasks:
C2 CompilerThread0     7980 4105   !   4       java.net.URLClassLoader::findClass (47 bytes)
C1 CompilerThread0     7980 4213       3       org.antlr.v4.runtime.BufferedTokenStream::LA (11 bytes)
C2 CompilerThread1     7980 4107   !   4       java.net.URLClassLoader$1::run (81 bytes)

VM state: not at safepoint (normal execution)

VM Mutex/Monitor currently owned by a thread: None

Heap address: 0x0000000080000000, size: 2048 MB, Compressed Oops mode: 32-bit

CDS archive(s) not mapped
Compressed class space mapped at: 0x0000000100000000-0x0000000140000000, reserved size: 1073741824
Narrow klass base: 0x0000000000000000, Narrow klass shift: 3, Narrow klass range: 0x140000000

GC Precious Log:
 CPUs: 8 total, 8 available
 Memory: 7502M
 Large Page Support: Disabled
 NUMA Support: Disabled
 Compressed Oops: Enabled (32-bit)
 Heap Region Size: 1M
 Heap Min Capacity: 8M
 Heap Initial Capacity: 118M
 Heap Max Capacity: 2G
 Pre-touch: Disabled
 Parallel Workers: 8
 Concurrent Workers: 2
 Concurrent Refinement Workers: 8
 Periodic GC: Disabled

Heap:
 garbage-first heap   total 71680K, used 38600K [0x0000000080000000, 0x0000000100000000)
  region size 1024K, 9 young (9216K), 2 survivors (2048K)
 Metaspace       used 49260K, committed 49728K, reserved 1114112K
  class space    used 6756K, committed 6976K, reserved 1048576K

Heap Regions: E=young(eden), S=young(survivor), O=old, HS=humongous(starts), HC=humongous(continues), CS=collection set, F=free, OA=open archive, CA=closed archive, TAMS=top-at-mark-start (previous, next)
|   0|0x0000000080000000, 0x0000000080100000, 0x0000000080100000|100%|HS|  |TAMS 0x0000000080100000, 0x0000000080000000| Complete 
|   1|0x0000000080100000, 0x0000000080200000, 0x0000000080200000|100%|HC|  |TAMS 0x0000000080200000, 0x0000000080100000| Complete 
|   2|0x0000000080200000, 0x0000000080300000, 0x0000000080300000|100%|HC|  |TAMS 0x0000000080300000, 0x0000000080200000| Complete 
|   3|0x0000000080300000, 0x0000000080400000, 0x0000000080400000|100%|HC|  |TAMS 0x0000000080400000, 0x0000000080300000| Complete 
|   4|0x0000000080400000, 0x0000000080500000, 0x0000000080500000|100%| O|  |TAMS 0x0000000080500000, 0x0000000080400000| Untracked 
|   5|0x0000000080500000, 0x0000000080600000, 0x0000000080600000|100%| O|  |TAMS 0x0000000080600000, 0x0000000080500000| Untracked 
|   6|0x0000000080600000, 0x0000000080700000, 0x0000000080700000|100%| O|  |TAMS 0x0000000080700000, 0x0000000080600000| Untracked 
|   7|0x0000000080700000, 0x0000000080800000, 0x0000000080800000|100%| O|  |TAMS 0x0000000080800000, 0x0000000080700000| Untracked 
|   8|0x0000000080800000, 0x0000000080900000, 0x0000000080900000|100%| O|  |TAMS 0x0000000080900000, 0x0000000080800000| Untracked 
|   9|0x0000000080900000, 0x0000000080a00000, 0x0000000080a00000|100%| O|  |TAMS 0x0000000080a00000, 0x0000000080900000| Untracked 
|  10|0x0000000080a00000, 0x0000000080b00000, 0x0000000080b00000|100%| O|  |TAMS 0x0000000080b00000, 0x0000000080a00000| Untracked 
|  11|0x0000000080b00000, 0x0000000080c00000, 0x0000000080c00000|100%| O|  |TAMS 0x0000000080c00000, 0x0000000080b00000| Untracked 
|  12|0x0000000080c00000, 0x0000000080c27c00, 0x0000000080d00000| 15%| O|  |TAMS 0x0000000080c27c00, 0x0000000080c00000| Untracked 
|  13|0x0000000080d00000, 0x0000000080e00000, 0x0000000080e00000|100%| O|  |TAMS 0x0000000080e00000, 0x0000000080d00000| Untracked 
|  14|0x0000000080e00000, 0x0000000080f00000, 0x0000000080f00000|100%| O|  |TAMS 0x0000000080f00000, 0x0000000080e00000| Untracked 
|  15|0x0000000080f00000, 0x0000000081000000, 0x0000000081000000|100%| O|  |TAMS 0x0000000081000000, 0x0000000080f00000| Untracked 
|  16|0x0000000081000000, 0x0000000081100000, 0x0000000081100000|100%| O|  |TAMS 0x0000000081100000, 0x0000000081000000| Untracked 
|  17|0x0000000081100000, 0x0000000081200000, 0x0000000081200000|100%| O|  |TAMS 0x0000000081200000, 0x0000000081100000| Untracked 
|  18|0x0000000081200000, 0x0000000081300000, 0x0000000081300000|100%| O|  |TAMS 0x0000000081300000, 0x0000000081200000| Untracked 
|  19|0x0000000081300000, 0x0000000081400000, 0x0000000081400000|100%| O|  |TAMS 0x0000000081400000, 0x0000000081300000| Untracked 
|  20|0x0000000081400000, 0x0000000081500000, 0x0000000081500000|100%| O|  |TAMS 0x0000000081500000, 0x0000000081400000| Untracked 
|  21|0x0000000081500000, 0x0000000081600000, 0x0000000081600000|100%| O|  |TAMS 0x0000000081549000, 0x0000000081500000| Untracked 
|  22|0x0000000081600000, 0x0000000081700000, 0x0000000081700000|100%| O|  |TAMS 0x0000000081600000, 0x0000000081600000| Untracked 
|  23|0x0000000081700000, 0x0000000081800000, 0x0000000081800000|100%| O|  |TAMS 0x0000000081700000, 0x0000000081700000| Untracked 
|  24|0x0000000081800000, 0x0000000081900000, 0x0000000081900000|100%| O|  |TAMS 0x0000000081800000, 0x0000000081800000| Untracked 
|  25|0x0000000081900000, 0x0000000081a00000, 0x0000000081a00000|100%| O|  |TAMS 0x0000000081900000, 0x0000000081900000| Untracked 
|  26|0x0000000081a00000, 0x0000000081b00000, 0x0000000081b00000|100%| O|  |TAMS 0x0000000081a00000, 0x0000000081a00000| Untracked 
|  27|0x0000000081b00000, 0x0000000081c00000, 0x0000000081c00000|100%| O|  |TAMS 0x0000000081b00000, 0x0000000081b00000| Untracked 
|  28|0x0000000081c00000, 0x0000000081d00000, 0x0000000081d00000|100%| O|  |TAMS 0x0000000081c00000, 0x0000000081c00000| Untracked 
|  29|0x0000000081d00000, 0x0000000081e00000, 0x0000000081e00000|100%| O|  |TAMS 0x0000000081d00000, 0x0000000081d00000| Untracked 
|  30|0x0000000081e00000, 0x0000000081f00000, 0x0000000081f00000|100%| O|  |TAMS 0x0000000081e00000, 0x0000000081e00000| Untracked 
|  31|0x0000000081f00000, 0x0000000081f55a00, 0x0000000082000000| 33%| O|  |TAMS 0x0000000081f00000, 0x0000000081f00000| Untracked 
|  32|0x0000000082000000, 0x0000000082000000, 0x0000000082100000|  0%| F|  |TAMS 0x0000000082000000, 0x0000000082000000| Untracked 
|  33|0x0000000082100000, 0x0000000082100000, 0x0000000082200000|  0%| F|  |TAMS 0x0000000082100000, 0x0000000082100000| Untracked 
|  34|0x0000000082200000, 0x0000000082200000, 0x0000000082300000|  0%| F|  |TAMS 0x0000000082200000, 0x0000000082200000| Untracked 
|  35|0x0000000082300000, 0x0000000082300000, 0x0000000082400000|  0%| F|  |TAMS 0x0000000082300000, 0x0000000082300000| Untracked 
|  36|0x0000000082400000, 0x0000000082400000, 0x0000000082500000|  0%| F|  |TAMS 0x0000000082400000, 0x0000000082400000| Untracked 
|  37|0x0000000082500000, 0x0000000082500000, 0x0000000082600000|  0%| F|  |TAMS 0x0000000082500000, 0x0000000082500000| Untracked 
|  38|0x0000000082600000, 0x0000000082600000, 0x0000000082700000|  0%| F|  |TAMS 0x0000000082600000, 0x0000000082600000| Untracked 
|  39|0x0000000082700000, 0x0000000082700000, 0x0000000082800000|  0%| F|  |TAMS 0x0000000082700000, 0x0000000082700000| Untracked 
|  40|0x0000000082800000, 0x0000000082800000, 0x0000000082900000|  0%| F|  |TAMS 0x0000000082800000, 0x0000000082800000| Untracked 
|  41|0x0000000082900000, 0x0000000082900000, 0x0000000082a00000|  0%| F|  |TAMS 0x0000000082900000, 0x0000000082900000| Untracked 
|  42|0x0000000082a00000, 0x0000000082a00000, 0x0000000082b00000|  0%| F|  |TAMS 0x0000000082a00000, 0x0000000082a00000| Untracked 
|  43|0x0000000082b00000, 0x0000000082b00000, 0x0000000082c00000|  0%| F|  |TAMS 0x0000000082b00000, 0x0000000082b00000| Untracked 
|  44|0x0000000082c00000, 0x0000000082c00000, 0x0000000082d00000|  0%| F|  |TAMS 0x0000000082c00000, 0x0000000082c00000| Untracked 
|  45|0x0000000082d00000, 0x0000000082d34aa0, 0x0000000082e00000| 20%| S|CS|TAMS 0x0000000082d00000, 0x0000000082d00000| Complete 
|  46|0x0000000082e00000, 0x0000000082f00000, 0x0000000082f00000|100%| S|CS|TAMS 0x0000000082e00000, 0x0000000082e00000| Complete 
|  47|0x0000000082f00000, 0x0000000082f00000, 0x0000000083000000|  0%| F|  |TAMS 0x0000000082f00000, 0x0000000082f00000| Untracked 
|  48|0x0000000083000000, 0x0000000083000000, 0x0000000083100000|  0%| F|  |TAMS 0x0000000083000000, 0x0000000083000000| Untracked 
|  49|0x0000000083100000, 0x0000000083100000, 0x0000000083200000|  0%| F|  |TAMS 0x0000000083100000, 0x0000000083100000| Untracked 
|  50|0x0000000083200000, 0x0000000083200000, 0x0000000083300000|  0%| F|  |TAMS 0x0000000083200000, 0x0000000083200000| Untracked 
|  51|0x0000000083300000, 0x0000000083300000, 0x0000000083400000|  0%| F|  |TAMS 0x0000000083300000, 0x0000000083300000| Untracked 
|  52|0x0000000083400000, 0x0000000083400000, 0x0000000083500000|  0%| F|  |TAMS 0x0000000083400000, 0x0000000083400000| Untracked 
|  53|0x0000000083500000, 0x0000000083500000, 0x0000000083600000|  0%| F|  |TAMS 0x0000000083500000, 0x0000000083500000| Untracked 
|  54|0x0000000083600000, 0x0000000083600000, 0x0000000083700000|  0%| F|  |TAMS 0x0000000083600000, 0x0000000083600000| Untracked 
|  55|0x0000000083700000, 0x0000000083700000, 0x0000000083800000|  0%| F|  |TAMS 0x0000000083700000, 0x0000000083700000| Untracked 
|  56|0x0000000083800000, 0x0000000083800000, 0x0000000083900000|  0%| F|  |TAMS 0x0000000083800000, 0x0000000083800000| Untracked 
|  57|0x0000000083900000, 0x0000000083900000, 0x0000000083a00000|  0%| F|  |TAMS 0x0000000083900000, 0x0000000083900000| Untracked 
|  58|0x0000000083a00000, 0x0000000083a00000, 0x0000000083b00000|  0%| F|  |TAMS 0x0000000083a00000, 0x0000000083a00000| Untracked 
|  59|0x0000000083b00000, 0x0000000083b00000, 0x0000000083c00000|  0%| F|  |TAMS 0x0000000083b00000, 0x0000000083b00000| Untracked 
|  60|0x0000000083c00000, 0x0000000083c00000, 0x0000000083d00000|  0%| F|  |TAMS 0x0000000083c00000, 0x0000000083c00000| Untracked 
|  61|0x0000000083d00000, 0x0000000083d00000, 0x0000000083e00000|  0%| F|  |TAMS 0x0000000083d00000, 0x0000000083d00000| Untracked 
|  62|0x0000000083e00000, 0x0000000083e00000, 0x0000000083f00000|  0%| F|  |TAMS 0x0000000083e00000, 0x0000000083e00000| Untracked 
|  63|0x0000000083f00000, 0x0000000084000000, 0x0000000084000000|100%| E|  |TAMS 0x0000000083f00000, 0x0000000083f00000| Complete 
|  64|0x0000000084000000, 0x0000000084100000, 0x0000000084100000|100%| E|CS|TAMS 0x0000000084000000, 0x0000000084000000| Complete 
|  65|0x0000000084100000, 0x0000000084200000, 0x0000000084200000|100%| E|CS|TAMS 0x0000000084100000, 0x0000000084100000| Complete 
|  66|0x0000000084200000, 0x0000000084300000, 0x0000000084300000|100%| E|CS|TAMS 0x0000000084200000, 0x0000000084200000| Complete 
|  67|0x0000000084300000, 0x0000000084400000, 0x0000000084400000|100%| E|CS|TAMS 0x0000000084300000, 0x0000000084300000| Complete 
|  68|0x0000000084400000, 0x0000000084500000, 0x0000000084500000|100%| E|CS|TAMS 0x0000000084400000, 0x0000000084400000| Complete 
| 117|0x0000000087500000, 0x0000000087600000, 0x0000000087600000|100%| E|CS|TAMS 0x0000000087500000, 0x0000000087500000| Complete 

Card table byte_map: [0x00000281d8410000,0x00000281d8810000] _byte_map_base: 0x00000281d8010000

Marking Bits (Prev, Next): (CMBitMap*) 0x00000281c3948ee0, (CMBitMap*) 0x00000281c3948f20
 Prev Bits: [0x00000281d8c10000, 0x00000281dac10000)
 Next Bits: [0x00000281dac10000, 0x00000281dcc10000)

Polling page: 0x00000281c39a0000

Metaspace:

Usage:
  Non-class:     41.52 MB used.
      Class:      6.60 MB used.
       Both:     48.12 MB used.

Virtual space:
  Non-class space:       64.00 MB reserved,      41.75 MB ( 65%) committed,  1 nodes.
      Class space:        1.00 GB reserved,       6.81 MB ( <1%) committed,  1 nodes.
             Both:        1.06 GB reserved,      48.56 MB (  4%) committed. 

Chunk freelists:
   Non-Class:  6.03 MB
       Class:  9.03 MB
        Both:  15.06 MB

MaxMetaspaceSize: unlimited
CompressedClassSpaceSize: 1.00 GB
Initial GC threshold: 21.00 MB
Current GC threshold: 58.75 MB
CDS: off
MetaspaceReclaimPolicy: balanced
 - commit_granule_bytes: 65536.
 - commit_granule_words: 8192.
 - virtual_space_node_default_size: 8388608.
 - enlarge_chunks_in_place: 1.
 - new_chunks_are_fully_committed: 0.
 - uncommit_free_chunks: 1.
 - use_allocation_guard: 0.
 - handle_deallocations: 1.


Internal statistics:

num_allocs_failed_limit: 6.
num_arena_births: 464.
num_arena_deaths: 0.
num_vsnodes_births: 2.
num_vsnodes_deaths: 0.
num_space_committed: 777.
num_space_uncommitted: 0.
num_chunks_returned_to_freelist: 6.
num_chunks_taken_from_freelist: 2000.
num_chunk_merges: 6.
num_chunk_splits: 1319.
num_chunks_enlarged: 920.
num_inconsistent_stats: 0.

CodeHeap 'non-profiled nmethods': size=120000Kb used=2035Kb max_used=2035Kb free=117964Kb
 bounds [0x00000281d0060000, 0x00000281d02d0000, 0x00000281d7590000]
CodeHeap 'profiled nmethods': size=120000Kb used=8624Kb max_used=8624Kb free=111375Kb
 bounds [0x00000281c8590000, 0x00000281c8e00000, 0x00000281cfac0000]
CodeHeap 'non-nmethods': size=5760Kb used=1605Kb max_used=1644Kb free=4154Kb
 bounds [0x00000281cfac0000, 0x00000281cfd30000, 0x00000281d0060000]
 total_blobs=4891 nmethods=4215 adapters=588
 compilation: enabled
              stopped_count=0, restarted_count=0
 full_count=0

Compilation events (20 events):
Event: 7.868 Thread 0x00000281df8a9df0 4164       3       org.antlr.v4.runtime.atn.ATNState::transition (14 bytes)
Event: 7.868 Thread 0x00000281df8a9df0 nmethod 4164 0x00000281c8de6590 code [0x00000281c8de6740, 0x00000281c8de69e8]
Event: 7.868 Thread 0x00000281df8a9df0 4159       3       org.antlr.v4.runtime.atn.Transition::<init> (24 bytes)
Event: 7.869 Thread 0x00000281df8a9df0 nmethod 4159 0x00000281c8de6b10 code [0x00000281c8de6cc0, 0x00000281c8de6f88]
Event: 7.869 Thread 0x00000281df8a9df0 4160       3       org.antlr.v4.runtime.atn.ATNState::addTransition (15 bytes)
Event: 7.869 Thread 0x00000281df8a9df0 nmethod 4160 0x00000281c8de7090 code [0x00000281c8de7240, 0x00000281c8de74d8]
Event: 7.869 Thread 0x00000281df8a9df0 4162       3       org.antlr.v4.runtime.atn.EpsilonTransition::<init> (7 bytes)
Event: 7.869 Thread 0x00000281df8a9df0 nmethod 4162 0x00000281c8de7610 code [0x00000281c8de77e0, 0x00000281c8de7b88]
Event: 7.869 Thread 0x00000281df8a9df0 4165       3       org.antlr.v4.runtime.atn.EpsilonTransition::<init> (11 bytes)
Event: 7.870 Thread 0x00000281df8a9df0 nmethod 4165 0x00000281c8de7d10 code [0x00000281c8de7ec0, 0x00000281c8de8208]
Event: 7.871 Thread 0x00000281df8a9df0 4166       3       org.antlr.v4.runtime.atn.ATNDeserializer::checkCondition (7 bytes)
Event: 7.872 Thread 0x00000281df8a9df0 nmethod 4166 0x00000281c8de8390 code [0x00000281c8de8540, 0x00000281c8de87c8]
Event: 7.872 Thread 0x00000281df8a9df0 4167       3       org.antlr.v4.runtime.atn.ATNDeserializer::checkCondition (14 bytes)
Event: 7.872 Thread 0x00000281df8a9df0 nmethod 4167 0x00000281c8de8910 code [0x00000281c8de8ac0, 0x00000281c8de8ce8]
Event: 7.872 Thread 0x00000281df8a9df0 4168       1       org.antlr.v4.runtime.atn.ATNState::onlyHasEpsilonTransitions (5 bytes)
Event: 7.872 Thread 0x00000281df8a9df0 nmethod 4168 0x00000281d0257310 code [0x00000281d02574a0, 0x00000281d0257578]
Event: 7.877 Thread 0x00000281df8a9df0 4169       2       java.util.Collections$SetFromMap::remove (19 bytes)
Event: 7.877 Thread 0x00000281df8a9df0 nmethod 4169 0x00000281c8de8e10 code [0x00000281c8de8fa0, 0x00000281c8de90e8]
Event: 7.908 Thread 0x00000281df8a9df0 4170       3       java.util.concurrent.locks.AbstractQueuedSynchronizer$Node::setStatusRelaxed (12 bytes)
Event: 7.908 Thread 0x00000281df8a9df0 nmethod 4170 0x00000281c8de9190 code [0x00000281c8de9320, 0x00000281c8de9438]

GC Heap History (20 events):
Event: 1.883 GC heap before
{Heap before GC invocations=1 (full 0):
 garbage-first heap   total 120832K, used 37284K [0x0000000080000000, 0x0000000100000000)
  region size 1024K, 29 young (29696K), 3 survivors (3072K)
 Metaspace       used 11451K, committed 11648K, reserved 1114112K
  class space    used 1196K, committed 1280K, reserved 1048576K
}
Event: 1.888 GC heap after
{Heap after GC invocations=2 (full 0):
 garbage-first heap   total 120832K, used 11334K [0x0000000080000000, 0x0000000100000000)
  region size 1024K, 1 young (1024K), 1 survivors (1024K)
 Metaspace       used 11451K, committed 11648K, reserved 1114112K
  class space    used 1196K, committed 1280K, reserved 1048576K
}
Event: 3.381 GC heap before
{Heap before GC invocations=2 (full 0):
 garbage-first heap   total 120832K, used 62534K [0x0000000080000000, 0x0000000100000000)
  region size 1024K, 52 young (53248K), 1 survivors (1024K)
 Metaspace       used 21258K, committed 21504K, reserved 1114112K
  class space    used 2487K, committed 2624K, reserved 1048576K
}
Event: 3.387 GC heap after
{Heap after GC invocations=3 (full 0):
 garbage-first heap   total 120832K, used 19615K [0x0000000080000000, 0x0000000100000000)
  region size 1024K, 8 young (8192K), 8 survivors (8192K)
 Metaspace       used 21258K, committed 21504K, reserved 1114112K
  class space    used 2487K, committed 2624K, reserved 1048576K
}
Event: 4.192 GC heap before
{Heap before GC invocations=4 (full 0):
 garbage-first heap   total 71680K, used 54431K [0x0000000080000000, 0x0000000100000000)
  region size 1024K, 42 young (43008K), 8 survivors (8192K)
 Metaspace       used 26698K, committed 26944K, reserved 1114112K
  class space    used 3408K, committed 3520K, reserved 1048576K
}
Event: 4.198 GC heap after
{Heap after GC invocations=5 (full 0):
 garbage-first heap   total 71680K, used 21205K [0x0000000080000000, 0x0000000100000000)
  region size 1024K, 2 young (2048K), 2 survivors (2048K)
 Metaspace       used 26698K, committed 26944K, reserved 1114112K
  class space    used 3408K, committed 3520K, reserved 1048576K
}
Event: 4.983 GC heap before
{Heap before GC invocations=5 (full 0):
 garbage-first heap   total 71680K, used 47829K [0x0000000080000000, 0x0000000100000000)
  region size 1024K, 29 young (29696K), 2 survivors (2048K)
 Metaspace       used 30311K, committed 30528K, reserved 1114112K
  class space    used 4006K, committed 4096K, reserved 1048576K
}
Event: 4.986 GC heap after
{Heap after GC invocations=6 (full 0):
 garbage-first heap   total 71680K, used 22683K [0x0000000080000000, 0x0000000100000000)
  region size 1024K, 4 young (4096K), 4 survivors (4096K)
 Metaspace       used 30311K, committed 30528K, reserved 1114112K
  class space    used 4006K, committed 4096K, reserved 1048576K
}
Event: 5.676 GC heap before
{Heap before GC invocations=6 (full 0):
 garbage-first heap   total 71680K, used 51355K [0x0000000080000000, 0x0000000100000000)
  region size 1024K, 32 young (32768K), 4 survivors (4096K)
 Metaspace       used 33860K, committed 34176K, reserved 1114112K
  class space    used 4597K, committed 4736K, reserved 1048576K
}
Event: 5.680 GC heap after
{Heap after GC invocations=7 (full 0):
 garbage-first heap   total 71680K, used 24223K [0x0000000080000000, 0x0000000100000000)
  region size 1024K, 4 young (4096K), 4 survivors (4096K)
 Metaspace       used 33860K, committed 34176K, reserved 1114112K
  class space    used 4597K, committed 4736K, reserved 1048576K
}
Event: 5.890 GC heap before
{Heap before GC invocations=7 (full 0):
 garbage-first heap   total 71680K, used 35487K [0x0000000080000000, 0x0000000100000000)
  region size 1024K, 16 young (16384K), 4 survivors (4096K)
 Metaspace       used 35694K, committed 35968K, reserved 1114112K
  class space    used 4861K, committed 4992K, reserved 1048576K
}
Event: 5.893 GC heap after
{Heap after GC invocations=8 (full 0):
 garbage-first heap   total 71680K, used 24638K [0x0000000080000000, 0x0000000100000000)
  region size 1024K, 2 young (2048K), 2 survivors (2048K)
 Metaspace       used 35694K, committed 35968K, reserved 1114112K
  class space    used 4861K, committed 4992K, reserved 1048576K
}
Event: 6.460 GC heap before
{Heap before GC invocations=9 (full 0):
 garbage-first heap   total 71680K, used 53310K [0x0000000080000000, 0x0000000100000000)
  region size 1024K, 31 young (31744K), 2 survivors (2048K)
 Metaspace       used 41299K, committed 41664K, reserved 1114112K
  class space    used 5470K, committed 5632K, reserved 1048576K
}
Event: 6.464 GC heap after
{Heap after GC invocations=10 (full 0):
 garbage-first heap   total 71680K, used 28077K [0x0000000080000000, 0x0000000100000000)
  region size 1024K, 4 young (4096K), 4 survivors (4096K)
 Metaspace       used 41299K, committed 41664K, reserved 1114112K
  class space    used 5470K, committed 5632K, reserved 1048576K
}
Event: 6.721 GC heap before
{Heap before GC invocations=10 (full 0):
 garbage-first heap   total 71680K, used 54701K [0x0000000080000000, 0x0000000100000000)
  region size 1024K, 30 young (30720K), 4 survivors (4096K)
 Metaspace       used 42398K, committed 42816K, reserved 1114112K
  class space    used 5645K, committed 5824K, reserved 1048576K
}
Event: 6.725 GC heap after
{Heap after GC invocations=11 (full 0):
 garbage-first heap   total 71680K, used 29423K [0x0000000080000000, 0x0000000100000000)
  region size 1024K, 2 young (2048K), 2 survivors (2048K)
 Metaspace       used 42398K, committed 42816K, reserved 1114112K
  class space    used 5645K, committed 5824K, reserved 1048576K
}
Event: 7.243 GC heap before
{Heap before GC invocations=11 (full 0):
 garbage-first heap   total 71680K, used 53999K [0x0000000080000000, 0x0000000100000000)
  region size 1024K, 27 young (27648K), 2 survivors (2048K)
 Metaspace       used 45219K, committed 45696K, reserved 1114112K
  class space    used 6099K, committed 6336K, reserved 1048576K
}
Event: 7.246 GC heap after
{Heap after GC invocations=12 (full 0):
 garbage-first heap   total 71680K, used 31332K [0x0000000080000000, 0x0000000100000000)
  region size 1024K, 4 young (4096K), 4 survivors (4096K)
 Metaspace       used 45219K, committed 45696K, reserved 1114112K
  class space    used 6099K, committed 6336K, reserved 1048576K
}
Event: 7.748 GC heap before
{Heap before GC invocations=12 (full 0):
 garbage-first heap   total 71680K, used 54884K [0x0000000080000000, 0x0000000100000000)
  region size 1024K, 27 young (27648K), 4 survivors (4096K)
 Metaspace       used 48015K, committed 48512K, reserved 1114112K
  class space    used 6558K, committed 6784K, reserved 1048576K
}
Event: 7.752 GC heap after
{Heap after GC invocations=13 (full 0):
 garbage-first heap   total 71680K, used 32456K [0x0000000080000000, 0x0000000100000000)
  region size 1024K, 2 young (2048K), 2 survivors (2048K)
 Metaspace       used 48015K, committed 48512K, reserved 1114112K
  class space    used 6558K, committed 6784K, reserved 1048576K
}

Dll operation events (3 events):
Event: 0.009 Loaded shared library C:\Program Files\Android\Android Studio\jbr\bin\java.dll
Event: 0.195 Loaded shared library C:\Program Files\Android\Android Studio\jbr\bin\zip.dll
Event: 0.796 Loaded shared library C:\Program Files\Android\Android Studio\jbr\bin\verify.dll

Deoptimization events (20 events):
Event: 7.510 Thread 0x00000281df89cff0 Uncommon trap: trap_request=0xffffff45 fr.pc=0x00000281d00c44b4 relative=0x0000000000000114
Event: 7.510 Thread 0x00000281df89cff0 Uncommon trap: reason=unstable_if action=reinterpret pc=0x00000281d00c44b4 method=java.net.URI.match(CJJ)Z @ 45 c2
Event: 7.510 Thread 0x00000281df89cff0 DEOPT PACKING pc=0x00000281d00c44b4 sp=0x0000009abaaf9ee0
Event: 7.510 Thread 0x00000281df89cff0 DEOPT UNPACKING pc=0x00000281cfb169a3 sp=0x0000009abaaf9e18 mode 2
Event: 7.510 Thread 0x00000281df89cff0 Uncommon trap: trap_request=0xffffff45 fr.pc=0x00000281d00853c8 relative=0x0000000000000048
Event: 7.510 Thread 0x00000281df89cff0 Uncommon trap: reason=unstable_if action=reinterpret pc=0x00000281d00853c8 method=java.net.URI.match(CJJ)Z @ 19 c2
Event: 7.510 Thread 0x00000281df89cff0 DEOPT PACKING pc=0x00000281d00853c8 sp=0x0000009abaaf9ef0
Event: 7.510 Thread 0x00000281df89cff0 DEOPT UNPACKING pc=0x00000281cfb169a3 sp=0x0000009abaaf9ea0 mode 2
Event: 7.744 Thread 0x00000281df89cff0 Uncommon trap: trap_request=0xffffffde fr.pc=0x00000281d017919c relative=0x0000000000000b3c
Event: 7.744 Thread 0x00000281df89cff0 Uncommon trap: reason=class_check action=maybe_recompile pc=0x00000281d017919c method=java.util.Collections$SetFromMap.remove(Ljava/lang/Object;)Z @ 5 c2
Event: 7.744 Thread 0x00000281df89cff0 DEOPT PACKING pc=0x00000281d017919c sp=0x0000009abaafa800
Event: 7.744 Thread 0x00000281df89cff0 DEOPT UNPACKING pc=0x00000281cfb169a3 sp=0x0000009abaafa7f8 mode 2
Event: 7.784 Thread 0x00000281df89cff0 Uncommon trap: trap_request=0xffffffde fr.pc=0x00000281d017919c relative=0x0000000000000b3c
Event: 7.784 Thread 0x00000281df89cff0 Uncommon trap: reason=class_check action=maybe_recompile pc=0x00000281d017919c method=java.util.Collections$SetFromMap.remove(Ljava/lang/Object;)Z @ 5 c2
Event: 7.784 Thread 0x00000281df89cff0 DEOPT PACKING pc=0x00000281d017919c sp=0x0000009abaafa9e0
Event: 7.784 Thread 0x00000281df89cff0 DEOPT UNPACKING pc=0x00000281cfb169a3 sp=0x0000009abaafa9d8 mode 2
Event: 7.785 Thread 0x00000281df89cff0 Uncommon trap: trap_request=0xffffffc6 fr.pc=0x00000281d01da3b0 relative=0x0000000000000430
Event: 7.785 Thread 0x00000281df89cff0 Uncommon trap: reason=bimorphic_or_optimized_type_check action=maybe_recompile pc=0x00000281d01da3b0 method=java.util.Spliterators$IteratorSpliterator.tryAdvance(Ljava/util/function/Consumer;)Z @ 50 c2
Event: 7.785 Thread 0x00000281df89cff0 DEOPT PACKING pc=0x00000281d01da3b0 sp=0x0000009abaafb500
Event: 7.785 Thread 0x00000281df89cff0 DEOPT UNPACKING pc=0x00000281cfb169a3 sp=0x0000009abaafb4a0 mode 2

Classes unloaded (0 events):
No events

Classes redefined (0 events):
No events

Internal exceptions (20 events):
Event: 6.812 Thread 0x00000281df89cff0 Exception <a 'java/lang/NoSuchMethodError'{0x0000000083f38170}: 'java.lang.Object java.lang.invoke.Invokers$Holder.linkToTargetMethod(java.lang.Object, long, java.lang.Object)'> (0x0000000083f38170) 
thrown [s\src\hotspot\share\interpreter\linkResolver.cpp, line 771]
Event: 6.847 Thread 0x00000281df89cff0 Exception <a 'java/lang/NoSuchMethodError'{0x0000000083ed6b78}: 'int java.lang.invoke.DirectMethodHandle$Holder.invokeInterface(java.lang.Object, java.lang.Object)'> (0x0000000083ed6b78) 
thrown [s\src\hotspot\share\interpreter\linkResolver.cpp, line 771]
Event: 6.942 Thread 0x00000281df89cff0 Exception <a 'java/lang/NoSuchMethodError'{0x0000000083a4e8d0}: 'java.lang.Object java.lang.invoke.DirectMethodHandle$Holder.invokeVirtual(java.lang.Object, java.lang.Object, int)'> (0x0000000083a4e8d0) 
thrown [s\src\hotspot\share\interpreter\linkResolver.cpp, line 771]
Event: 6.989 Thread 0x00000281df89cff0 Exception <a 'java/lang/NoSuchMethodError'{0x00000000838d7a40}: 'java.lang.Object java.lang.invoke.DirectMethodHandle$Holder.newInvokeSpecial(java.lang.Object, java.lang.Object, java.lang.Object, java.lang.Object, int)'> (0x00000000838d7a40) 
thrown [s\src\hotspot\share\interpreter\linkResolver.cpp, line 771]
Event: 6.989 Thread 0x00000281df89cff0 Exception <a 'java/lang/NoSuchMethodError'{0x00000000838dcac0}: 'java.lang.Object java.lang.invoke.DirectMethodHandle$Holder.invokeSpecial(java.lang.Object, java.lang.Object, java.lang.Object, java.lang.Object, java.lang.Object, int)'> (0x00000000838dcac0) 
thrown [s\src\hotspot\share\interpreter\linkResolver.cpp, line 771]
Event: 6.989 Thread 0x00000281df89cff0 Exception <a 'java/lang/NoSuchMethodError'{0x00000000838e14f0}: 'java.lang.Object java.lang.invoke.Invokers$Holder.linkToTargetMethod(java.lang.Object, java.lang.Object, java.lang.Object, int, java.lang.Object)'> (0x00000000838e14f0) 
thrown [s\src\hotspot\share\interpreter\linkResolver.cpp, line 771]
Event: 7.025 Thread 0x00000281df89cff0 Exception <a 'java/lang/NoSuchMethodError'{0x00000000836b7028}: 'int java.lang.invoke.DirectMethodHandle$Holder.invokeInterface(java.lang.Object, java.lang.Object, java.lang.Object, java.lang.Object)'> (0x00000000836b7028) 
thrown [s\src\hotspot\share\interpreter\linkResolver.cpp, line 771]
Event: 7.161 Thread 0x00000281df89cff0 Implicit null exception at 0x00000281d01e206c to 0x00000281d01e2114
Event: 7.310 Thread 0x00000281df89cff0 Exception <a 'java/lang/NoSuchMethodError'{0x0000000084289d00}: 'void java.lang.invoke.DirectMethodHandle$Holder.invokeInterface(java.lang.Object, java.lang.Object)'> (0x0000000084289d00) 
thrown [s\src\hotspot\share\interpreter\linkResolver.cpp, line 771]
Event: 7.312 Thread 0x00000281df89cff0 Exception <a 'java/lang/IncompatibleClassChangeError'{0x00000000842951b0}: Found class java.lang.Object, but interface was expected> (0x00000000842951b0) 
thrown [s\src\hotspot\share\interpreter\linkResolver.cpp, line 838]
Event: 7.350 Thread 0x00000281df89cff0 Exception <a 'java/lang/NoSuchMethodError'{0x0000000083f2d198}: 'java.lang.Object java.lang.invoke.DirectMethodHandle$Holder.newInvokeSpecial(java.lang.Object, int, java.lang.Object)'> (0x0000000083f2d198) 
thrown [s\src\hotspot\share\interpreter\linkResolver.cpp, line 771]
Event: 7.385 Thread 0x00000281df89cff0 Exception <a 'java/lang/NoSuchMethodError'{0x0000000083edbc70}: 'java.lang.Object java.lang.invoke.DirectMethodHandle$Holder.newInvokeSpecial(java.lang.Object, java.lang.Object, int, java.lang.Object)'> (0x0000000083edbc70) 
thrown [s\src\hotspot\share\interpreter\linkResolver.cpp, line 771]
Event: 7.386 Thread 0x00000281df89cff0 Exception <a 'java/lang/NoSuchMethodError'{0x0000000083ee0800}: 'java.lang.Object java.lang.invoke.DirectMethodHandle$Holder.invokeSpecial(java.lang.Object, java.lang.Object, java.lang.Object, int, java.lang.Object)'> (0x0000000083ee0800) 
thrown [s\src\hotspot\share\interpreter\linkResolver.cpp, line 771]
Event: 7.630 Thread 0x00000281df89cff0 Exception <a 'sun/nio/fs/WindowsException'{0x00000000833de4e0}> (0x00000000833de4e0) 
thrown [s\src\hotspot\share\prims\jni.cpp, line 517]
Event: 7.630 Thread 0x00000281df89cff0 Exception <a 'sun/nio/fs/WindowsException'{0x00000000833de7c0}> (0x00000000833de7c0) 
thrown [s\src\hotspot\share\prims\jni.cpp, line 517]
Event: 7.630 Thread 0x00000281df89cff0 Exception <a 'sun/nio/fs/WindowsException'{0x00000000833e11e8}> (0x00000000833e11e8) 
thrown [s\src\hotspot\share\prims\jni.cpp, line 517]
Event: 7.630 Thread 0x00000281df89cff0 Exception <a 'sun/nio/fs/WindowsException'{0x00000000833e15c0}> (0x00000000833e15c0) 
thrown [s\src\hotspot\share\prims\jni.cpp, line 517]
Event: 7.632 Thread 0x00000281df89cff0 Exception <a 'java/lang/NoSuchMethodError'{0x00000000833eec20}: 'java.lang.Object java.lang.invoke.DirectMethodHandle$Holder.newInvokeSpecial(java.lang.Object, java.lang.Object, int)'> (0x00000000833eec20) 
thrown [s\src\hotspot\share\interpreter\linkResolver.cpp, line 771]
Event: 7.714 Thread 0x00000281df89cff0 Exception <a 'sun/nio/fs/WindowsException'{0x0000000082f06a60}> (0x0000000082f06a60) 
thrown [s\src\hotspot\share\prims\jni.cpp, line 517]
Event: 7.714 Thread 0x00000281df89cff0 Exception <a 'sun/nio/fs/WindowsException'{0x0000000082f06e38}> (0x0000000082f06e38) 
thrown [s\src\hotspot\share\prims\jni.cpp, line 517]

VM Operations (20 events):
Event: 6.796 Executing VM operation: HandshakeAllThreads
Event: 6.796 Executing VM operation: HandshakeAllThreads done
Event: 6.829 Executing VM operation: HandshakeAllThreads
Event: 6.829 Executing VM operation: HandshakeAllThreads done
Event: 6.831 Executing VM operation: HandshakeAllThreads
Event: 6.831 Executing VM operation: HandshakeAllThreads done
Event: 7.014 Executing VM operation: HandshakeAllThreads
Event: 7.014 Executing VM operation: HandshakeAllThreads done
Event: 7.018 Executing VM operation: HandshakeAllThreads
Event: 7.018 Executing VM operation: HandshakeAllThreads done
Event: 7.022 Executing VM operation: HandshakeAllThreads
Event: 7.022 Executing VM operation: HandshakeAllThreads done
Event: 7.116 Executing VM operation: HandshakeAllThreads
Event: 7.117 Executing VM operation: HandshakeAllThreads done
Event: 7.243 Executing VM operation: G1CollectForAllocation
Event: 7.246 Executing VM operation: G1CollectForAllocation done
Event: 7.404 Executing VM operation: HandshakeAllThreads
Event: 7.404 Executing VM operation: HandshakeAllThreads done
Event: 7.748 Executing VM operation: G1CollectForAllocation
Event: 7.752 Executing VM operation: G1CollectForAllocation done

Events (20 events):
Event: 7.564 loading class javax/net/ssl/SSLPeerUnverifiedException
Event: 7.564 loading class javax/net/ssl/SSLPeerUnverifiedException done
Event: 7.564 loading class java/security/cert/CertificateParsingException
Event: 7.565 loading class java/security/cert/CertificateException
Event: 7.565 loading class java/security/cert/CertificateException done
Event: 7.565 loading class java/security/cert/CertificateParsingException done
Event: 7.565 loading class javax/naming/NamingException
Event: 7.565 loading class javax/naming/NamingException done
Event: 7.566 loading class javax/naming/InvalidNameException
Event: 7.566 loading class javax/naming/InvalidNameException done
Event: 7.790 loading class java/nio/channels/Channels
Event: 7.790 loading class java/nio/channels/Channels done
Event: 7.790 loading class sun/nio/ch/ChannelInputStream
Event: 7.804 loading class sun/nio/ch/ChannelInputStream done
Event: 7.809 loading class java/nio/channels/Channels$ReadableByteChannelImpl
Event: 7.809 loading class java/nio/channels/Channels$ReadableByteChannelImpl done
Event: 7.832 loading class java/util/EmptyStackException
Event: 7.832 loading class java/util/EmptyStackException done
Event: 7.840 loading class java/io/InvalidClassException
Event: 7.840 loading class java/io/InvalidClassException done


Dynamic libraries:
0x00007ff770da0000 - 0x00007ff770daa000 	C:\Program Files\Android\Android Studio\jbr\bin\java.exe
0x00007ffc03e10000 - 0x00007ffc04027000 	C:\WINDOWS\SYSTEM32\ntdll.dll
0x00007ffc02c60000 - 0x00007ffc02d24000 	C:\WINDOWS\System32\KERNEL32.DLL
0x00007ffc01600000 - 0x00007ffc019ad000 	C:\WINDOWS\System32\KERNELBASE.dll
0x00007ffc01300000 - 0x00007ffc01411000 	C:\WINDOWS\System32\ucrtbase.dll
0x00007ffbd7be0000 - 0x00007ffbd7bfb000 	C:\Program Files\Android\Android Studio\jbr\bin\VCRUNTIME140.dll
0x00007ffbfc490000 - 0x00007ffbfc4a7000 	C:\Program Files\Android\Android Studio\jbr\bin\jli.dll
0x00007ffc02030000 - 0x00007ffc021de000 	C:\WINDOWS\System32\USER32.dll
0x00007ffc01560000 - 0x00007ffc01586000 	C:\WINDOWS\System32\win32u.dll
0x00007ffbe3860000 - 0x00007ffbe3af3000 	C:\WINDOWS\WinSxS\amd64_microsoft.windows.common-controls_6595b64144ccf1df_6.0.22621.3672_none_2713b9d173822955\COMCTL32.dll
0x00007ffc032c0000 - 0x00007ffc032e9000 	C:\WINDOWS\System32\GDI32.dll
0x00007ffc01e50000 - 0x00007ffc01ef7000 	C:\WINDOWS\System32\msvcrt.dll
0x00007ffc011e0000 - 0x00007ffc012f9000 	C:\WINDOWS\System32\gdi32full.dll
0x00007ffc01140000 - 0x00007ffc011da000 	C:\WINDOWS\System32\msvcp_win.dll
0x00007ffc02c10000 - 0x00007ffc02c41000 	C:\WINDOWS\System32\IMM32.DLL
0x00007ffbe6a30000 - 0x00007ffbe6a3c000 	C:\Program Files\Android\Android Studio\jbr\bin\vcruntime140_1.dll
0x00007ffb8a370000 - 0x00007ffb8a3fd000 	C:\Program Files\Android\Android Studio\jbr\bin\msvcp140.dll
0x00007ffb882f0000 - 0x00007ffb88f73000 	C:\Program Files\Android\Android Studio\jbr\bin\server\jvm.dll
0x00007ffc02a50000 - 0x00007ffc02b02000 	C:\WINDOWS\System32\ADVAPI32.dll
0x00007ffc01bf0000 - 0x00007ffc01c99000 	C:\WINDOWS\System32\sechost.dll
0x00007ffc01b20000 - 0x00007ffc01b48000 	C:\WINDOWS\System32\bcrypt.dll
0x00007ffc03c30000 - 0x00007ffc03d44000 	C:\WINDOWS\System32\RPCRT4.dll
0x00007ffbf70b0000 - 0x00007ffbf70ba000 	C:\WINDOWS\SYSTEM32\VERSION.dll
0x00007ffc01000000 - 0x00007ffc0104d000 	C:\WINDOWS\SYSTEM32\POWRPROF.dll
0x00007ffbe5c00000 - 0x00007ffbe5c09000 	C:\WINDOWS\SYSTEM32\WSOCK32.dll
0x00007ffbfad90000 - 0x00007ffbfadc4000 	C:\WINDOWS\SYSTEM32\WINMM.dll
0x00007ffc03d50000 - 0x00007ffc03dc1000 	C:\WINDOWS\System32\WS2_32.dll
0x00007ffc00f30000 - 0x00007ffc00f43000 	C:\WINDOWS\SYSTEM32\UMPDC.dll
0x00007ffc00170000 - 0x00007ffc00188000 	C:\WINDOWS\SYSTEM32\kernel.appcore.dll
0x00007ffbbc740000 - 0x00007ffbbc74a000 	C:\Program Files\Android\Android Studio\jbr\bin\jimage.dll
0x00007ffbf7ce0000 - 0x00007ffbf7f12000 	C:\WINDOWS\SYSTEM32\DBGHELP.DLL
0x00007ffc02e10000 - 0x00007ffc03198000 	C:\WINDOWS\System32\combase.dll
0x00007ffc02d30000 - 0x00007ffc02e07000 	C:\WINDOWS\System32\OLEAUT32.dll
0x00007ffbe3bf0000 - 0x00007ffbe3c22000 	C:\WINDOWS\SYSTEM32\dbgcore.DLL
0x00007ffc01420000 - 0x00007ffc0149b000 	C:\WINDOWS\System32\bcryptPrimitives.dll
0x00007ffbfc4b0000 - 0x00007ffbfc4be000 	C:\Program Files\Android\Android Studio\jbr\bin\instrument.dll
0x00007ffb882c0000 - 0x00007ffb882e5000 	C:\Program Files\Android\Android Studio\jbr\bin\java.dll
0x00007ffba0040000 - 0x00007ffba0058000 	C:\Program Files\Android\Android Studio\jbr\bin\zip.dll
0x00007ffc032f0000 - 0x00007ffc03b4f000 	C:\WINDOWS\System32\SHELL32.dll
0x00007ffbff090000 - 0x00007ffbff98c000 	C:\WINDOWS\SYSTEM32\windows.storage.dll
0x00007ffbfef50000 - 0x00007ffbff08f000 	C:\WINDOWS\SYSTEM32\wintypes.dll
0x00007ffc031c0000 - 0x00007ffc032b4000 	C:\WINDOWS\System32\SHCORE.dll
0x00007ffc03bd0000 - 0x00007ffc03c2e000 	C:\WINDOWS\System32\shlwapi.dll
0x00007ffc01070000 - 0x00007ffc01091000 	C:\WINDOWS\SYSTEM32\profapi.dll
0x00007ffb882a0000 - 0x00007ffb882b9000 	C:\Program Files\Android\Android Studio\jbr\bin\net.dll
0x00007ffbfcd00000 - 0x00007ffbfce36000 	C:\WINDOWS\SYSTEM32\WINHTTP.dll
0x00007ffc005e0000 - 0x00007ffc00649000 	C:\WINDOWS\system32\mswsock.dll
0x00007ffb88280000 - 0x00007ffb88296000 	C:\Program Files\Android\Android Studio\jbr\bin\nio.dll
0x00007ffbfc4c0000 - 0x00007ffbfc4d0000 	C:\Program Files\Android\Android Studio\jbr\bin\verify.dll
0x00007ffb857d0000 - 0x00007ffb857f7000 	C:\Users\23480\.gradle\native\c067742578af261105cb4f569cf0c3c89f3d7b1fecec35dd04571415982c5e48\windows-amd64\native-platform.dll
0x00007ffb6eb50000 - 0x00007ffb6ec94000 	C:\Users\23480\.gradle\native\38dada09dfb8b06ba9b0570ebf7e218e3eb74d4ef43ca46872605cf95ebc2f47\windows-amd64\native-platform-file-events.dll
0x00007ffb87e50000 - 0x00007ffb87e59000 	C:\Program Files\Android\Android Studio\jbr\bin\management.dll
0x00007ffb87e40000 - 0x00007ffb87e4b000 	C:\Program Files\Android\Android Studio\jbr\bin\management_ext.dll
0x00007ffc01be0000 - 0x00007ffc01be8000 	C:\WINDOWS\System32\PSAPI.DLL
0x00007ffc00840000 - 0x00007ffc0085b000 	C:\WINDOWS\SYSTEM32\CRYPTSP.dll
0x00007ffc000d0000 - 0x00007ffc00105000 	C:\WINDOWS\system32\rsaenh.dll
0x00007ffc006e0000 - 0x00007ffc00708000 	C:\WINDOWS\SYSTEM32\USERENV.dll
0x00007ffc00860000 - 0x00007ffc0086c000 	C:\WINDOWS\SYSTEM32\CRYPTBASE.dll
0x00007ffbffbf0000 - 0x00007ffbffc1d000 	C:\WINDOWS\SYSTEM32\IPHLPAPI.DLL
0x00007ffc02c50000 - 0x00007ffc02c59000 	C:\WINDOWS\System32\NSI.dll
0x00007ffbfcce0000 - 0x00007ffbfccf9000 	C:\WINDOWS\SYSTEM32\dhcpcsvc6.DLL
0x00007ffbfcb40000 - 0x00007ffbfcb5f000 	C:\WINDOWS\SYSTEM32\dhcpcsvc.DLL
0x00007ffbffc20000 - 0x00007ffbffd18000 	C:\WINDOWS\SYSTEM32\DNSAPI.dll
0x00007ffb8a6e0000 - 0x00007ffb8a6e9000 	C:\Program Files\Android\Android Studio\jbr\bin\extnet.dll
0x00007ffbb0c30000 - 0x00007ffbb0c38000 	C:\WINDOWS\system32\wshunix.dll

dbghelp: loaded successfully - version: 4.0.5 - missing functions: none
symbol engine: initialized successfully - sym options: 0x614 - pdb path: .;C:\Program Files\Android\Android Studio\jbr\bin;C:\WINDOWS\SYSTEM32;C:\WINDOWS\WinSxS\amd64_microsoft.windows.common-controls_6595b64144ccf1df_6.0.22621.3672_none_2713b9d173822955;C:\Program Files\Android\Android Studio\jbr\bin\server;C:\Users\23480\.gradle\native\c067742578af261105cb4f569cf0c3c89f3d7b1fecec35dd04571415982c5e48\windows-amd64;C:\Users\23480\.gradle\native\38dada09dfb8b06ba9b0570ebf7e218e3eb74d4ef43ca46872605cf95ebc2f47\windows-amd64

VM Arguments:
jvm_args: --add-opens=java.base/java.util=ALL-UNNAMED --add-opens=java.base/java.lang=ALL-UNNAMED --add-opens=java.base/java.lang.invoke=ALL-UNNAMED --add-opens=java.prefs/java.util.prefs=ALL-UNNAMED --add-opens=java.base/java.nio.charset=ALL-UNNAMED --add-opens=java.base/java.net=ALL-UNNAMED --add-opens=java.base/java.util.concurrent.atomic=ALL-UNNAMED -Xmx2048m -Dfile.encoding=UTF-8 -Duser.country=US -Duser.language=en -Duser.variant -javaagent:C:\Users\23480\.gradle\wrapper\dists\gradle-8.7-bin\bhs2wmbdwecv87pi65oeuq5iu\gradle-8.7\lib\agents\gradle-instrumentation-agent-8.7.jar 
java_command: org.gradle.launcher.daemon.bootstrap.GradleDaemon 8.7
java_class_path (initial): C:\Users\23480\.gradle\wrapper\dists\gradle-8.7-bin\bhs2wmbdwecv87pi65oeuq5iu\gradle-8.7\lib\gradle-launcher-8.7.jar
Launcher Type: SUN_STANDARD

[Global flags]
     intx CICompilerCount                          = 4                                         {product} {ergonomic}
     uint ConcGCThreads                            = 2                                         {product} {ergonomic}
     uint G1ConcRefinementThreads                  = 8                                         {product} {ergonomic}
   size_t G1HeapRegionSize                         = 1048576                                   {product} {ergonomic}
    uintx GCDrainStackTargetSize                   = 64                                        {product} {ergonomic}
   size_t InitialHeapSize                          = 123731968                                 {product} {ergonomic}
   size_t MarkStackSize                            = 4194304                                   {product} {ergonomic}
   size_t MaxHeapSize                              = 2147483648                                {product} {command line}
   size_t MaxNewSize                               = 1287651328                                {product} {ergonomic}
   size_t MinHeapDeltaBytes                        = 1048576                                   {product} {ergonomic}
   size_t MinHeapSize                              = 8388608                                   {product} {ergonomic}
    uintx NonNMethodCodeHeapSize                   = 5839372                                {pd product} {ergonomic}
    uintx NonProfiledCodeHeapSize                  = 122909434                              {pd product} {ergonomic}
    uintx ProfiledCodeHeapSize                     = 122909434                              {pd product} {ergonomic}
    uintx ReservedCodeCacheSize                    = 251658240                              {pd product} {ergonomic}
     bool SegmentedCodeCache                       = true                                      {product} {ergonomic}
   size_t SoftMaxHeapSize                          = 2147483648                             {manageable} {ergonomic}
     bool UseCompressedClassPointers               = true                           {product lp64_product} {ergonomic}
     bool UseCompressedOops                        = true                           {product lp64_product} {ergonomic}
     bool UseG1GC                                  = true                                      {product} {ergonomic}
     bool UseLargePagesIndividualAllocation        = false                                  {pd product} {ergonomic}

Logging:
Log output configuration:
 #0: stdout all=warning uptime,level,tags
 #1: stderr all=off uptime,level,tags

Environment Variables:
PATH=C:\WINDOWS\system32;C:\WINDOWS;C:\WINDOWS\System32\Wbem;C:\WINDOWS\System32\WindowsPowerShell\v1.0\;C:\WINDOWS\System32\OpenSSH\;C:\Program Files\nodejs\;C:\Program Files\HP\HP One Agent;C:\Program Files\Git\cmd;C:\Users\23480\AppData\Local\Programs\Python\Python311\Scripts\;C:\Users\23480\AppData\Local\Programs\Python\Python311\;C:\Users\23480\AppData\Local\Microsoft\WindowsApps;C:\Users\23480\AppData\Local\atom\bin;C:\Users\23480\AppData\Local\Programs\Microsoft VS Code\bin;C:\Users\23480\AppData\Local\Microsoft\WindowsApps;;C:\Program Files\JetBrains\IntelliJ IDEA Community Edition 2023.2.1\bin;;C:\Users\23480\AppData\Roaming\npm
USERNAME=23480
OS=Windows_NT
PROCESSOR_IDENTIFIER=AMD64 Family 23 Model 104 Stepping 1, AuthenticAMD
TMP=C:\Users\23480\AppData\Local\Temp
TEMP=C:\Users\23480\AppData\Local\Temp



Periodic native trim disabled

JNI global refs:
JNI global refs: 25, weak refs: 25

JNI global refs memory usage: 843, weak refs: 841

OOME stack traces (most recent first):
Classloader memory used:
Loader org.gradle.internal.classloader.VisitableURLClassLoader                         : 2939K
Loader bootstrap                                                                       : 2346K
Loader org.gradle.initialization.MixInLegacyTypesClassLoader                           : 776K
Loader jdk.internal.loader.ClassLoaders$PlatformClassLoader                            : 65597B
Loader jdk.internal.loader.ClassLoaders$AppClassLoader                                 : 28747B
Loader jdk.internal.reflect.DelegatingClassLoader                                      : 4428B
Loader org.gradle.internal.classloader.VisitableURLClassLoader                         : 3731B

Classes loaded by more than one classloader:
Class org.gradle.internal.installation.GradleInstallation                             : loaded 2 times (x 73B)
Class org.gradle.internal.classpath.ClassPath                                         : loaded 2 times (x 68B)
Class org.gradle.api.internal.classpath.DefaultModuleRegistry                         : loaded 2 times (x 84B)
Class Settings_gradle$1$1                                                             : loaded 2 times (x 72B)
Class org.gradle.api.Action                                                           : loaded 2 times (x 68B)
Class org.gradle.api.internal.DefaultClassPathProvider                                : loaded 2 times (x 74B)
Class org.gradle.internal.installation.GradleInstallation$1                           : loaded 2 times (x 73B)
Class org.gradle.internal.classloader.FilteringClassLoader                            : loaded 2 times (x 103B)
Class org.gradle.internal.classpath.DefaultClassPath$ImmutableUniqueList$Builder      : loaded 2 times (x 73B)
Class org.gradle.internal.classloader.ClassLoaderVisitor                              : loaded 2 times (x 74B)
Class org.gradle.internal.service.DefaultServiceLocator                               : loaded 2 times (x 81B)
Class org.gradle.internal.service.UnknownServiceException                             : loaded 2 times (x 81B)
Class org.gradle.internal.classloader.DefaultClassLoaderFactory                       : loaded 2 times (x 80B)
Class org.gradle.internal.classloader.VisitableURLClassLoader$Spec                    : loaded 2 times (x 72B)
Class org.gradle.api.GradleException                                                  : loaded 2 times (x 80B)
Class org.gradle.api.internal.classpath.ModuleRegistry                                : loaded 2 times (x 68B)
Class org.gradle.api.internal.ClassPathProvider                                       : loaded 2 times (x 68B)
Class org.gradle.internal.classloader.ClasspathUtil$1                                 : loaded 2 times (x 74B)
Class org.gradle.internal.classloader.ClassLoaderFactory                              : loaded 2 times (x 68B)
Class org.gradle.api.internal.classpath.ManifestUtil                                  : loaded 2 times (x 69B)
Class org.gradle.api.specs.Spec                                                       : loaded 2 times (x 68B)
Class org.gradle.internal.IoActions                                                   : loaded 2 times (x 69B)
Class org.gradle.api.internal.classpath.EffectiveClassPath                            : loaded 2 times (x 88B)
Class org.gradle.internal.installation.CurrentGradleInstallation                      : loaded 2 times (x 71B)
Class org.gradle.internal.agents.InstrumentingClassLoader                             : loaded 2 times (x 68B)
Class org.gradle.internal.installation.CurrentGradleInstallationLocator               : loaded 2 times (x 69B)
Class org.gradle.api.internal.classpath.Module                                        : loaded 2 times (x 68B)
Class org.gradle.internal.service.CachingServiceLocator                               : loaded 2 times (x 80B)
Class org.gradle.internal.classpath.DefaultClassPath                                  : loaded 2 times (x 88B)
Class org.gradle.internal.classloader.SystemClassLoaderSpec                           : loaded 2 times (x 69B)
Class org.gradle.api.UncheckedIOException                                             : loaded 2 times (x 80B)
Class Program                                                                         : loaded 2 times (x 70B)
Class org.gradle.internal.classloader.ClasspathUtil                                   : loaded 2 times (x 69B)
Class org.gradle.api.internal.DefaultClassPathRegistry                                : loaded 2 times (x 74B)
Class org.gradle.api.internal.classpath.DefaultModuleRegistry$DefaultModule           : loaded 2 times (x 84B)
Class org.gradle.api.internal.classpath.UnknownModuleException                        : loaded 2 times (x 80B)
Class org.gradle.internal.service.ServiceLookupException                              : loaded 2 times (x 80B)
Class org.gradle.cache.GlobalCache                                                    : loaded 2 times (x 68B)
Class [Lorg.gradle.api.internal.ClassPathProvider;                                    : loaded 2 times (x 67B)
Class org.gradle.util.internal.GUtil                                                  : loaded 2 times (x 69B)
Class org.gradle.internal.classloader.ClassLoaderSpec                                 : loaded 2 times (x 69B)
Class org.gradle.internal.classloader.VisitableURLClassLoader                         : loaded 2 times (x 115B)
Class org.gradle.internal.Cast                                                        : loaded 2 times (x 69B)
Class org.gradle.api.internal.ClassPathRegistry                                       : loaded 2 times (x 68B)
Class org.gradle.internal.classloader.VisitableURLClassLoader$InstrumentingVisitableURLClassLoader: loaded 2 times (x 121B)
Class org.gradle.internal.classloader.ClassLoaderHierarchy                            : loaded 2 times (x 68B)
Class org.gradle.internal.InternalTransformer                                         : loaded 2 times (x 68B)
Class org.gradle.internal.service.ServiceLocator                                      : loaded 2 times (x 68B)
Class Settings_gradle$1                                                               : loaded 2 times (x 72B)
Class org.gradle.internal.classpath.DefaultClassPath$ImmutableUniqueList              : loaded 2 times (x 159B)
Class org.gradle.internal.classpath.TransformedClassPath                              : loaded 2 times (x 94B)
Class Settings_gradle                                                                 : loaded 2 times (x 126B)


---------------  S Y S T E M  ---------------

OS:
 Windows 11 , 64 bit Build 22621 (10.0.22621.3672)
OS uptime: 0 days 0:20 hours

CPU: total 8 (initial active 8) (8 cores per cpu, 2 threads per core) family 23 model 104 stepping 1 microcode 0x0, cx8, cmov, fxsr, ht, mmx, 3dnowpref, sse, sse2, sse3, ssse3, sse4a, sse4.1, sse4.2, popcnt, lzcnt, tsc, tscinvbit, avx, avx2, aes, clmul, bmi1, bmi2, adx, sha, fma, vzeroupper, clflush, clflushopt
Processor Information for processor 0
  Max Mhz: 2600, Current Mhz: 2600, Mhz Limit: 2600
Processor Information for processor 1
  Max Mhz: 2600, Current Mhz: 2003, Mhz Limit: 2600
Processor Information for processor 2
  Max Mhz: 2600, Current Mhz: 2600, Mhz Limit: 2600
Processor Information for processor 3
  Max Mhz: 2600, Current Mhz: 2003, Mhz Limit: 2600
Processor Information for processor 4
  Max Mhz: 2600, Current Mhz: 2600, Mhz Limit: 2600
Processor Information for processor 5
  Max Mhz: 2600, Current Mhz: 2003, Mhz Limit: 2600
Processor Information for processor 6
  Max Mhz: 2600, Current Mhz: 2600, Mhz Limit: 2600
Processor Information for processor 7
  Max Mhz: 2600, Current Mhz: 2003, Mhz Limit: 2600

Memory: 4k page, system-wide physical 7502M (380M free)
TotalPageFile size 11571M (AvailPageFile size 7M)
current process WorkingSet (physical memory assigned to process): 238M, peak: 243M
current process commit charge ("private bytes"): 275M, peak: 279M

vm_info: OpenJDK 64-Bit Server VM (17.0.10+0--11609105) for windows-amd64 JRE (17.0.10+0--11609105), built on Mar 21 2024 19:10:56 by "androidbuild" with MS VC++ 16.10 / 16.11 (VS2019)

END.
